<checks>
<result><category>dev-python</category><package>Kivy</package><class>SizeViolation</class><msg>"files/Kivy-1.9.0-cython-0.22-backport.patch" exceeds 20k in size; 24701 bytes total</msg></result>
<result><category>dev-python</category><package>SchemaObject</package><version>0.5.3</version><class>NonExistentDeps</class><msg>depset depends: nonexistent atoms [ =dev-lang/python-2.5*, =dev-lang/python-2.6* ]</msg></result>
<result><category>dev-python</category><package>SchemaObject</package><version>0.5.3</version><class>NonExistentDeps</class><msg>depset rdepends: nonexistent atoms [ =dev-lang/python-2.5*, =dev-lang/python-2.6* ]</msg></result>
<result><category>dev-python</category><package>aldryn-bootstrap3</package><version>0.5.1</version><class>NoFinalNewline</class><msg>ebuild lacks an ending newline</msg></result>
<result><category>dev-python</category><package>astropy</package><version>1.0.6</version><class>WhitespaceFound</class><msg>ebuild has trailing whitespace on line 64</msg></result>
<result><category>dev-python</category><package>autobahn</package><version>0.10.4</version><class>DroppedKeywordWarning</class><msg>keywords dropped: arm</msg></result>
<result><category>dev-python</category><package>beautifulsoup</package><version>4.3.2</version><class>DroppedKeywordWarning</class><msg>keywords dropped: arm64</msg></result>
<result><category>dev-python</category><package>beautifulsoup</package><class>SizeViolation</class><msg>"files/beautifulsoup-3.1.0.1-python-3.patch" exceeds 20k in size; 42319 bytes total</msg></result>
<result><category>dev-python</category><package>bsddb3</package><version>6.1.0</version><class>DroppedKeywordWarning</class><msg>keywords dropped: hppa</msg></result>
<result><category>dev-python</category><package>cvxopt</package><class>SizeViolation</class><msg>"files/cvxopt-1.1.6-glpk.patch" exceeds 20k in size; 32201 bytes total</msg></result>
<result><category>dev-python</category><package>cvxopt</package><class>SizeViolation</class><msg>"files/cvxopt-1.1.6-glpk449.patch" exceeds 20k in size; 39362 bytes total</msg></result>
<result><category>dev-python</category><package>django</package><version>1.4.22</version><class>VulnerablePackage</class><msg>vulnerable via glsa(201406-26) ( ver &lt; 1.6.5 &amp;&amp; ver not = 1.5.8 &amp;&amp; ver not = 1.4.13 &amp;&amp; ver not = 1.5.10 &amp;&amp; ver not = 1.4.15 ), keywords ('amd64', 'amd64-linux', 'ia64', 'ppc', 'ppc-macos', 'ppc64', 'sparc', 'x64-macos', 'x86', 'x86-fbsd', 'x86-linux', 'x86-macos')</msg></result>
<result><category>dev-python</category><package>django</package><version>1.4.22</version><class>VulnerablePackage</class><msg>vulnerable via glsa(201412-22) ( ver &lt; 1.6.7 &amp;&amp; ver not = 1.5.10 &amp;&amp; ver not = 1.4.15 ), keywords ('amd64', 'amd64-linux', 'ia64', 'ppc', 'ppc-macos', 'ppc64', 'sparc', 'x64-macos', 'x86', 'x86-fbsd', 'x86-linux', 'x86-macos')</msg></result>
<result><category>dev-python</category><package>django</package><version>1.4.22</version><class>VulnerablePackage</class><msg>vulnerable via glsa(201510-06) ( ver &lt; 1.8.3 &amp;&amp; ver not = 1.7.9 &amp;&amp; ver not = 1.4.21 ), keywords ('amd64', 'amd64-linux', 'ia64', 'ppc', 'ppc-macos', 'ppc64', 'sparc', 'x64-macos', 'x86', 'x86-fbsd', 'x86-linux', 'x86-macos')</msg></result>
<result><category>dev-python</category><package>django</package><version>1.5.12</version><class>VulnerablePackage</class><msg>vulnerable via glsa(201406-26) ( ver &lt; 1.6.5 &amp;&amp; ver not = 1.5.8 &amp;&amp; ver not = 1.4.13 &amp;&amp; ver not = 1.5.10 &amp;&amp; ver not = 1.4.15 ), keywords ()</msg></result>
<result><category>dev-python</category><package>django</package><version>1.5.12</version><class>VulnerablePackage</class><msg>vulnerable via glsa(201412-22) ( ver &lt; 1.6.7 &amp;&amp; ver not = 1.5.10 &amp;&amp; ver not = 1.4.15 ), keywords ()</msg></result>
<result><category>dev-python</category><package>django</package><version>1.5.12</version><class>VulnerablePackage</class><msg>vulnerable via glsa(201510-06) ( ver &lt; 1.8.3 &amp;&amp; ver not = 1.7.9 &amp;&amp; ver not = 1.4.21 ), keywords ()</msg></result>
<result><category>dev-python</category><package>django</package><version>1.6.11</version><class>VulnerablePackage</class><msg>vulnerable via glsa(201510-06) ( ver &lt; 1.8.3 &amp;&amp; ver not = 1.7.9 &amp;&amp; ver not = 1.4.21 ), keywords ()</msg></result>
<result><category>dev-python</category><package>django</package><version>1.7.11</version><class>VulnerablePackage</class><msg>vulnerable via glsa(201510-06) ( ver &lt; 1.8.3 &amp;&amp; ver not = 1.7.9 &amp;&amp; ver not = 1.4.21 ), keywords ('amd64', 'amd64-linux', 'ia64', 'ppc', 'ppc-macos', 'ppc64', 'sparc', 'x64-macos', 'x86', 'x86-fbsd', 'x86-linux', 'x86-macos')</msg></result>
<result><category>dev-python</category><package>django</package><version>1.5.12</version><class>DroppedKeywordWarning</class><msg>keywords dropped: amd64, ia64, ppc, ppc64, sparc, x86</msg></result>
<result><category>dev-python</category><package>django-classy-tags</package><version>0.6.2</version><class>NoFinalNewline</class><msg>ebuild lacks an ending newline</msg></result>
<result><category>dev-python</category><package>django-durationfield</package><version>0.5.2</version><class>NoFinalNewline</class><msg>ebuild lacks an ending newline</msg></result>
<result><category>dev-python</category><package>django-sekizai</package><version>0.8.2</version><class>NoFinalNewline</class><msg>ebuild lacks an ending newline</msg></result>
<result><category>dev-python</category><package>django-treebeard</package><version>3.0</version><class>NoFinalNewline</class><msg>ebuild lacks an ending newline</msg></result>
<result><category>dev-python</category><package>djangocms-admin-style</package><version>0.2.8</version><class>NoFinalNewline</class><msg>ebuild lacks an ending newline</msg></result>
<result><category>dev-python</category><package>djangocms-file</package><version>0.1</version><class>NoFinalNewline</class><msg>ebuild lacks an ending newline</msg></result>
<result><category>dev-python</category><package>djangocms-flash</package><version>0.2.0</version><class>NoFinalNewline</class><msg>ebuild lacks an ending newline</msg></result>
<result><category>dev-python</category><package>djangocms-inherit</package><version>0.1</version><class>NoFinalNewline</class><msg>ebuild lacks an ending newline</msg></result>
<result><category>dev-python</category><package>djangocms-link</package><version>1.7.1</version><class>NoFinalNewline</class><msg>ebuild lacks an ending newline</msg></result>
<result><category>dev-python</category><package>djangocms-picture</package><version>0.1</version><class>NoFinalNewline</class><msg>ebuild lacks an ending newline</msg></result>
<result><category>dev-python</category><package>djangocms-snippet</package><version>1.5</version><class>NoFinalNewline</class><msg>ebuild lacks an ending newline</msg></result>
<result><category>dev-python</category><package>djangocms-teaser</package><version>0.1</version><class>NoFinalNewline</class><msg>ebuild lacks an ending newline</msg></result>
<result><category>dev-python</category><package>djangocms-text-ckeditor</package><version>2.6.0</version><class>NoFinalNewline</class><msg>ebuild lacks an ending newline</msg></result>
<result><category>dev-python</category><package>djangocms-video</package><version>0.1</version><class>NoFinalNewline</class><msg>ebuild lacks an ending newline</msg></result>
<result><category>dev-python</category><package>elasticsearch-py</package><version>2.1.0</version><class>DroppedKeywordWarning</class><msg>keywords dropped: arm</msg></result>
<result><category>dev-python</category><package>fixtures</package><version>1.2.0</version><class>DroppedKeywordWarning</class><msg>keywords dropped: sparc</msg></result>
<result><category>dev-python</category><package>flake8</package><version>2.4.1-r1</version><class>DroppedKeywordWarning</class><msg>keywords dropped: sparc</msg></result>
<result><category>dev-python</category><package>foolscap</package><version>0.8.0</version><class>DroppedKeywordWarning</class><msg>keywords dropped: sparc</msg></result>
<result><category>dev-python</category><package>graph-tool</package><version>2.2.44</version><class>WhitespaceFound</class><msg>ebuild has trailing whitespace on line 25</msg></result>
<result><category>dev-python</category><package>hacking</package><version>0.9.6</version><class>DroppedKeywordWarning</class><msg>keywords dropped: alpha</msg></result>
<result><category>dev-python</category><package>hiredis</package><version>0.2.0</version><class>DroppedKeywordWarning</class><msg>keywords dropped: arm</msg></result>
<result><category>dev-python</category><package>iconvcodec</package><version>1.1.2-r1</version><class>MetadataError</class><msg>attr(fetchables): error- Metadata Exception: pkg ebuild src: dev-python/iconvcodec-1.1.2-r1, attr fetchables
error: mirror://berlios/cjkpython/iconvcodec-1.1.2.tar.gz is unparseable
flagged token- uri mirror://berlios/cjkpython/iconvcodec-1.1.2.tar.gz isn't a known mirror tier</msg></result>
<result><category>dev-python</category><package>ipython</package><version>3.2.1-r1</version><class>WhitespaceFound</class><msg>ebuild has trailing whitespace on line 114</msg></result>
<result><category>dev-python</category><package>ipython</package><version>4.0.1</version><class>WhitespaceFound</class><msg>ebuild has trailing whitespace on line 96</msg></result>
<result><category>dev-python</category><package>ipython</package><version>4.0.1</version><class>DroppedKeywordWarning</class><msg>keywords dropped: arm, mips, ppc, ppc64</msg></result>
<result><category>dev-python</category><package>jsonschema</package><version>2.5.1</version><class>DroppedKeywordWarning</class><msg>keywords dropped: arm</msg></result>
<result><category>dev-python</category><package>kaa-display</package><version>0.1.0</version><class>NonExistentDeps</class><msg>depset depends: nonexistent atoms [ =dev-lang/python-2.5*, =dev-lang/python-2.6* ]</msg></result>
<result><category>dev-python</category><package>kaa-display</package><version>0.1.0</version><class>NonExistentDeps</class><msg>depset rdepends: nonexistent atoms [ =dev-lang/python-2.5*, =dev-lang/python-2.6* ]</msg></result>
<result><category>dev-python</category><package>kaa-imlib2</package><version>0.2.3-r1</version><class>NonExistentDeps</class><msg>depset depends: nonexistent atoms [ =dev-lang/python-2.5*, =dev-lang/python-2.6* ]</msg></result>
<result><category>dev-python</category><package>kaa-imlib2</package><version>0.2.3-r1</version><class>NonExistentDeps</class><msg>depset rdepends: nonexistent atoms [ =dev-lang/python-2.5*, =dev-lang/python-2.6* ]</msg></result>
<result><category>dev-python</category><package>kombu</package><version>3.0.26</version><class>WhitespaceFound</class><msg>ebuild has trailing whitespace on line 88</msg></result>
<result><category>dev-python</category><package>kombu</package><version>3.0.29</version><class>WhitespaceFound</class><msg>ebuild has trailing whitespace on line 93</msg></result>
<result><category>dev-python</category><package>kombu</package><version>3.0.30</version><class>WhitespaceFound</class><msg>ebuild has trailing whitespace on line 97</msg></result>
<result><category>dev-python</category><package>mccabe</package><version>0.3</version><class>DroppedKeywordWarning</class><msg>keywords dropped: sparc</msg></result>
<result><category>dev-python</category><package>mistune</package><version>0.6-r1</version><class>DroppedKeywordWarning</class><msg>keywords dropped: arm</msg></result>
<result><category>dev-python</category><package>mwlib</package><version>0.15.15</version><class>BadInsIntoDir</class><msg>ebuild uses insinto /etc/cron.d on line 118</msg></result>
<result><category>dev-python</category><package>nautilus-python</package><version>1.1-r2</version><class>MetadataError</class><msg>attr(fetchables): error- Metadata Exception: pkg ebuild src: dev-python/nautilus-python-1.1-r2, attr fetchables
error: Metadata Exception: pkg ebuild src: dev-python/nautilus-python-1.1-r2, attr data
error: False</msg></result>
<result><category>dev-python</category><package>nautilus-python</package><version>1.1-r2</version><class>MetadataError</class><msg>attr(depends): error- Metadata Exception: pkg ebuild src: dev-python/nautilus-python-1.1-r2, attr depends
error: Metadata Exception: pkg ebuild src: dev-python/nautilus-python-1.1-r2, attr data
error: False</msg></result>
<result><category>dev-python</category><package>nautilus-python</package><version>1.1-r2</version><class>MetadataError</class><msg>attr(rdepends): error- Metadata Exception: pkg ebuild src: dev-python/nautilus-python-1.1-r2, attr rdepends
error: Metadata Exception: pkg ebuild src: dev-python/nautilus-python-1.1-r2, attr data
error: False</msg></result>
<result><category>dev-python</category><package>nautilus-python</package><version>1.1-r2</version><class>MetadataError</class><msg>attr(post_rdepends): error- Metadata Exception: pkg ebuild src: dev-python/nautilus-python-1.1-r2, attr post_rdepends
error: Metadata Exception: pkg ebuild src: dev-python/nautilus-python-1.1-r2, attr data
error: False</msg></result>
<result><category>dev-python</category><package>nautilus-python</package><version>1.1-r2</version><class>MetadataError</class><msg>attr(license): error- Metadata Exception: pkg ebuild src: dev-python/nautilus-python-1.1-r2, attr license
error: Metadata Exception: pkg ebuild src: dev-python/nautilus-python-1.1-r2, attr data
error: False</msg></result>
<result><category>dev-python</category><package>oslo-sphinx</package><version>2.5.0</version><class>DroppedKeywordWarning</class><msg>keywords dropped: alpha</msg></result>
<result><category>dev-python</category><package>oslotest</package><version>1.10.0</version><class>WrongIndentFound</class><msg>ebuild has whitespace in indentation on line 49</msg></result>
<result><category>dev-python</category><package>oslotest</package><version>1.12.0</version><class>WrongIndentFound</class><msg>ebuild has whitespace in indentation on line 44</msg></result>
<result><category>dev-python</category><package>paste</package><class>SizeViolation</class><msg>"files/paste-1.7.5.1-unbundle-stdlib.patch" exceeds 20k in size; 42645 bytes total</msg></result>
<result><category>dev-python</category><package>paste</package><class>SizeViolation</class><msg>"files/paste-1.7.5.1-unbundle-tempita.patch" exceeds 20k in size; 59786 bytes total</msg></result>
<result><category>dev-python</category><package>pep8</package><version>1.6.1</version><class>DroppedKeywordWarning</class><msg>keywords dropped: sparc</msg></result>
<result><category>dev-python</category><package>pillow</package><version>2.9.0</version><class>DroppedKeywordWarning</class><msg>keywords dropped: ia64, sparc</msg></result>
<result><category>dev-python</category><package>processing</package><version>0.52-r1</version><class>MetadataError</class><msg>attr(fetchables): error- Metadata Exception: pkg ebuild src: dev-python/processing-0.52-r1, attr fetchables
error: Metadata Exception: pkg ebuild src: dev-python/processing-0.52-r1, attr data
error: False</msg></result>
<result><category>dev-python</category><package>processing</package><version>0.52-r1</version><class>MetadataError</class><msg>attr(depends): error- Metadata Exception: pkg ebuild src: dev-python/processing-0.52-r1, attr depends
error: Metadata Exception: pkg ebuild src: dev-python/processing-0.52-r1, attr data
error: False</msg></result>
<result><category>dev-python</category><package>processing</package><version>0.52-r1</version><class>MetadataError</class><msg>attr(rdepends): error- Metadata Exception: pkg ebuild src: dev-python/processing-0.52-r1, attr rdepends
error: Metadata Exception: pkg ebuild src: dev-python/processing-0.52-r1, attr data
error: False</msg></result>
<result><category>dev-python</category><package>processing</package><version>0.52-r1</version><class>MetadataError</class><msg>attr(post_rdepends): error- Metadata Exception: pkg ebuild src: dev-python/processing-0.52-r1, attr post_rdepends
error: Metadata Exception: pkg ebuild src: dev-python/processing-0.52-r1, attr data
error: False</msg></result>
<result><category>dev-python</category><package>processing</package><version>0.52-r1</version><class>MetadataError</class><msg>attr(license): error- Metadata Exception: pkg ebuild src: dev-python/processing-0.52-r1, attr license
error: Metadata Exception: pkg ebuild src: dev-python/processing-0.52-r1, attr data
error: False</msg></result>
<result><category>dev-python</category><package>promise</package><version>0.2.2-r1</version><class>MetadataError</class><msg>attr(fetchables): error- Metadata Exception: pkg ebuild src: dev-python/promise-0.2.2-r1, attr fetchables
error: Metadata Exception: pkg ebuild src: dev-python/promise-0.2.2-r1, attr data
error: False</msg></result>
<result><category>dev-python</category><package>promise</package><version>0.2.2-r1</version><class>MetadataError</class><msg>attr(depends): error- Metadata Exception: pkg ebuild src: dev-python/promise-0.2.2-r1, attr depends
error: Metadata Exception: pkg ebuild src: dev-python/promise-0.2.2-r1, attr data
error: False</msg></result>
<result><category>dev-python</category><package>promise</package><version>0.2.2-r1</version><class>MetadataError</class><msg>attr(rdepends): error- Metadata Exception: pkg ebuild src: dev-python/promise-0.2.2-r1, attr rdepends
error: Metadata Exception: pkg ebuild src: dev-python/promise-0.2.2-r1, attr data
error: False</msg></result>
<result><category>dev-python</category><package>promise</package><version>0.2.2-r1</version><class>MetadataError</class><msg>attr(post_rdepends): error- Metadata Exception: pkg ebuild src: dev-python/promise-0.2.2-r1, attr post_rdepends
error: Metadata Exception: pkg ebuild src: dev-python/promise-0.2.2-r1, attr data
error: False</msg></result>
<result><category>dev-python</category><package>promise</package><version>0.2.2-r1</version><class>MetadataError</class><msg>attr(license): error- Metadata Exception: pkg ebuild src: dev-python/promise-0.2.2-r1, attr license
error: Metadata Exception: pkg ebuild src: dev-python/promise-0.2.2-r1, attr data
error: False</msg></result>
<result><category>dev-python</category><package>py-smbpasswd</package><version>1.0.1-r1</version><class>MissingSlotDep</class><msg>'dev-lang/python' matches more than one slot: [ 2.7, 3.3, 3.4, 3.5 ]</msg></result>
<result><category>dev-python</category><package>pycairo</package><class>SizeViolation</class><msg>"files/pycairo-1.10.0-101_pycairo-region.patch" exceeds 20k in size; 27745 bytes total</msg></result>
<result><category>dev-python</category><package>pyclimate</package><version>1.2.2-r2</version><class>MetadataError</class><msg>attr(fetchables): error- Metadata Exception: pkg ebuild src: dev-python/pyclimate-1.2.2-r2, attr fetchables
error: Metadata Exception: pkg ebuild src: dev-python/pyclimate-1.2.2-r2, attr data
error: False</msg></result>
<result><category>dev-python</category><package>pyclimate</package><version>1.2.2-r2</version><class>MetadataError</class><msg>attr(depends): error- Metadata Exception: pkg ebuild src: dev-python/pyclimate-1.2.2-r2, attr depends
error: Metadata Exception: pkg ebuild src: dev-python/pyclimate-1.2.2-r2, attr data
error: False</msg></result>
<result><category>dev-python</category><package>pyclimate</package><version>1.2.2-r2</version><class>MetadataError</class><msg>attr(rdepends): error- Metadata Exception: pkg ebuild src: dev-python/pyclimate-1.2.2-r2, attr rdepends
error: Metadata Exception: pkg ebuild src: dev-python/pyclimate-1.2.2-r2, attr data
error: False</msg></result>
<result><category>dev-python</category><package>pyclimate</package><version>1.2.2-r2</version><class>MetadataError</class><msg>attr(post_rdepends): error- Metadata Exception: pkg ebuild src: dev-python/pyclimate-1.2.2-r2, attr post_rdepends
error: Metadata Exception: pkg ebuild src: dev-python/pyclimate-1.2.2-r2, attr data
error: False</msg></result>
<result><category>dev-python</category><package>pyclimate</package><version>1.2.2-r2</version><class>MetadataError</class><msg>attr(license): error- Metadata Exception: pkg ebuild src: dev-python/pyclimate-1.2.2-r2, attr license
error: Metadata Exception: pkg ebuild src: dev-python/pyclimate-1.2.2-r2, attr data
error: False</msg></result>
<result><category>dev-python</category><package>pydb</package><version>1.26-r2</version><class>MetadataError</class><msg>attr(fetchables): error- Metadata Exception: pkg ebuild src: dev-python/pydb-1.26-r2, attr fetchables
error: Metadata Exception: pkg ebuild src: dev-python/pydb-1.26-r2, attr data
error: False</msg></result>
<result><category>dev-python</category><package>pydb</package><version>1.26-r2</version><class>MetadataError</class><msg>attr(depends): error- Metadata Exception: pkg ebuild src: dev-python/pydb-1.26-r2, attr depends
error: Metadata Exception: pkg ebuild src: dev-python/pydb-1.26-r2, attr data
error: False</msg></result>
<result><category>dev-python</category><package>pydb</package><version>1.26-r2</version><class>MetadataError</class><msg>attr(rdepends): error- Metadata Exception: pkg ebuild src: dev-python/pydb-1.26-r2, attr rdepends
error: Metadata Exception: pkg ebuild src: dev-python/pydb-1.26-r2, attr data
error: False</msg></result>
<result><category>dev-python</category><package>pydb</package><version>1.26-r2</version><class>MetadataError</class><msg>attr(post_rdepends): error- Metadata Exception: pkg ebuild src: dev-python/pydb-1.26-r2, attr post_rdepends
error: Metadata Exception: pkg ebuild src: dev-python/pydb-1.26-r2, attr data
error: False</msg></result>
<result><category>dev-python</category><package>pydb</package><version>1.26-r2</version><class>MetadataError</class><msg>attr(license): error- Metadata Exception: pkg ebuild src: dev-python/pydb-1.26-r2, attr license
error: Metadata Exception: pkg ebuild src: dev-python/pydb-1.26-r2, attr data
error: False</msg></result>
<result><category>dev-python</category><package>pyds</package><version>0.7.3-r1</version><class>MissingSlotDep</class><msg>'virtual/jpeg' matches more than one slot: [ 0, 62 ]</msg></result>
<result><category>dev-python</category><package>pygtkhelpers</package><version>0.4.3</version><class>NonExistentDeps</class><msg>depset depends: nonexistent atoms [ =dev-lang/python-2.6* ]</msg></result>
<result><category>dev-python</category><package>pygtkhelpers</package><version>0.4.3</version><class>NonExistentDeps</class><msg>depset rdepends: nonexistent atoms [ =dev-lang/python-2.6* ]</msg></result>
<result><category>dev-python</category><package>pyifp</package><version>0.2.2-r1</version><class>MetadataError</class><msg>attr(fetchables): error- Metadata Exception: pkg ebuild src: dev-python/pyifp-0.2.2-r1, attr fetchables
error: Metadata Exception: pkg ebuild src: dev-python/pyifp-0.2.2-r1, attr data
error: False</msg></result>
<result><category>dev-python</category><package>pyifp</package><version>0.2.2-r1</version><class>MetadataError</class><msg>attr(depends): error- Metadata Exception: pkg ebuild src: dev-python/pyifp-0.2.2-r1, attr depends
error: Metadata Exception: pkg ebuild src: dev-python/pyifp-0.2.2-r1, attr data
error: False</msg></result>
<result><category>dev-python</category><package>pyifp</package><version>0.2.2-r1</version><class>MetadataError</class><msg>attr(rdepends): error- Metadata Exception: pkg ebuild src: dev-python/pyifp-0.2.2-r1, attr rdepends
error: Metadata Exception: pkg ebuild src: dev-python/pyifp-0.2.2-r1, attr data
error: False</msg></result>
<result><category>dev-python</category><package>pyifp</package><version>0.2.2-r1</version><class>MetadataError</class><msg>attr(post_rdepends): error- Metadata Exception: pkg ebuild src: dev-python/pyifp-0.2.2-r1, attr post_rdepends
error: Metadata Exception: pkg ebuild src: dev-python/pyifp-0.2.2-r1, attr data
error: False</msg></result>
<result><category>dev-python</category><package>pyifp</package><version>0.2.2-r1</version><class>MetadataError</class><msg>attr(license): error- Metadata Exception: pkg ebuild src: dev-python/pyifp-0.2.2-r1, attr license
error: Metadata Exception: pkg ebuild src: dev-python/pyifp-0.2.2-r1, attr data
error: False</msg></result>
<result><category>dev-python</category><package>pyndex</package><version>0.3.2a-r1</version><class>MetadataError</class><msg>attr(fetchables): error- Metadata Exception: pkg ebuild src: dev-python/pyndex-0.3.2a-r1, attr fetchables
error: Metadata Exception: pkg ebuild src: dev-python/pyndex-0.3.2a-r1, attr data
error: False</msg></result>
<result><category>dev-python</category><package>pyndex</package><version>0.3.2a-r1</version><class>MetadataError</class><msg>attr(depends): error- Metadata Exception: pkg ebuild src: dev-python/pyndex-0.3.2a-r1, attr depends
error: Metadata Exception: pkg ebuild src: dev-python/pyndex-0.3.2a-r1, attr data
error: False</msg></result>
<result><category>dev-python</category><package>pyndex</package><version>0.3.2a-r1</version><class>MetadataError</class><msg>attr(rdepends): error- Metadata Exception: pkg ebuild src: dev-python/pyndex-0.3.2a-r1, attr rdepends
error: Metadata Exception: pkg ebuild src: dev-python/pyndex-0.3.2a-r1, attr data
error: False</msg></result>
<result><category>dev-python</category><package>pyndex</package><version>0.3.2a-r1</version><class>MetadataError</class><msg>attr(post_rdepends): error- Metadata Exception: pkg ebuild src: dev-python/pyndex-0.3.2a-r1, attr post_rdepends
error: Metadata Exception: pkg ebuild src: dev-python/pyndex-0.3.2a-r1, attr data
error: False</msg></result>
<result><category>dev-python</category><package>pyndex</package><version>0.3.2a-r1</version><class>MetadataError</class><msg>attr(license): error- Metadata Exception: pkg ebuild src: dev-python/pyndex-0.3.2a-r1, attr license
error: Metadata Exception: pkg ebuild src: dev-python/pyndex-0.3.2a-r1, attr data
error: False</msg></result>
<result><category>dev-python</category><package>pyrtf</package><version>0.45-r1</version><class>MetadataError</class><msg>attr(fetchables): error- Metadata Exception: pkg ebuild src: dev-python/pyrtf-0.45-r1, attr fetchables
error: Metadata Exception: pkg ebuild src: dev-python/pyrtf-0.45-r1, attr data
error: False</msg></result>
<result><category>dev-python</category><package>pyrtf</package><version>0.45-r1</version><class>MetadataError</class><msg>attr(depends): error- Metadata Exception: pkg ebuild src: dev-python/pyrtf-0.45-r1, attr depends
error: Metadata Exception: pkg ebuild src: dev-python/pyrtf-0.45-r1, attr data
error: False</msg></result>
<result><category>dev-python</category><package>pyrtf</package><version>0.45-r1</version><class>MetadataError</class><msg>attr(rdepends): error- Metadata Exception: pkg ebuild src: dev-python/pyrtf-0.45-r1, attr rdepends
error: Metadata Exception: pkg ebuild src: dev-python/pyrtf-0.45-r1, attr data
error: False</msg></result>
<result><category>dev-python</category><package>pyrtf</package><version>0.45-r1</version><class>MetadataError</class><msg>attr(post_rdepends): error- Metadata Exception: pkg ebuild src: dev-python/pyrtf-0.45-r1, attr post_rdepends
error: Metadata Exception: pkg ebuild src: dev-python/pyrtf-0.45-r1, attr data
error: False</msg></result>
<result><category>dev-python</category><package>pyrtf</package><version>0.45-r1</version><class>MetadataError</class><msg>attr(license): error- Metadata Exception: pkg ebuild src: dev-python/pyrtf-0.45-r1, attr license
error: Metadata Exception: pkg ebuild src: dev-python/pyrtf-0.45-r1, attr data
error: False</msg></result>
<result><category>dev-python</category><package>pytest-cov</package><version>2.1.0</version><class>DroppedKeywordWarning</class><msg>keywords dropped: alpha, arm, arm64, hppa, ia64, m68k, ppc, ppc64, s390, sh, sparc</msg></result>
<result><category>dev-python</category><package>python-caja</package><version>1.8.0</version><class>MetadataError</class><msg>attr(fetchables): error- Metadata Exception: pkg ebuild src: dev-python/python-caja-1.8.0, attr fetchables
error: Metadata Exception: pkg ebuild src: dev-python/python-caja-1.8.0, attr data
error: False</msg></result>
<result><category>dev-python</category><package>python-caja</package><version>1.8.0</version><class>MetadataError</class><msg>attr(depends): error- Metadata Exception: pkg ebuild src: dev-python/python-caja-1.8.0, attr depends
error: Metadata Exception: pkg ebuild src: dev-python/python-caja-1.8.0, attr data
error: False</msg></result>
<result><category>dev-python</category><package>python-caja</package><version>1.8.0</version><class>MetadataError</class><msg>attr(rdepends): error- Metadata Exception: pkg ebuild src: dev-python/python-caja-1.8.0, attr rdepends
error: Metadata Exception: pkg ebuild src: dev-python/python-caja-1.8.0, attr data
error: False</msg></result>
<result><category>dev-python</category><package>python-caja</package><version>1.8.0</version><class>MetadataError</class><msg>attr(post_rdepends): error- Metadata Exception: pkg ebuild src: dev-python/python-caja-1.8.0, attr post_rdepends
error: Metadata Exception: pkg ebuild src: dev-python/python-caja-1.8.0, attr data
error: False</msg></result>
<result><category>dev-python</category><package>python-caja</package><version>1.8.0</version><class>MetadataError</class><msg>attr(license): error- Metadata Exception: pkg ebuild src: dev-python/python-caja-1.8.0, attr license
error: Metadata Exception: pkg ebuild src: dev-python/python-caja-1.8.0, attr data
error: False</msg></result>
<result><category>dev-python</category><package>python-docs</package><version>3.2.5</version><class>DroppedKeywordWarning</class><msg>keywords dropped: arm64</msg></result>
<result><category>dev-python</category><package>python-neutronclient</package><version>3.0.0</version><class>WhitespaceFound</class><msg>ebuild has trailing whitespace on line 61</msg></result>
<result><category>dev-python</category><package>python-sqlparse</package><version>0.1.14</version><class>DroppedKeywordWarning</class><msg>keywords dropped: sparc</msg></result>
<result><category>dev-python</category><package>python-virtkey</package><version>0.60.0-r1</version><class>MetadataError</class><msg>attr(fetchables): error- Metadata Exception: pkg ebuild src: dev-python/python-virtkey-0.60.0-r1, attr fetchables
error: Metadata Exception: pkg ebuild src: dev-python/python-virtkey-0.60.0-r1, attr data
error: False</msg></result>
<result><category>dev-python</category><package>python-virtkey</package><version>0.60.0-r1</version><class>MetadataError</class><msg>attr(depends): error- Metadata Exception: pkg ebuild src: dev-python/python-virtkey-0.60.0-r1, attr depends
error: Metadata Exception: pkg ebuild src: dev-python/python-virtkey-0.60.0-r1, attr data
error: False</msg></result>
<result><category>dev-python</category><package>python-virtkey</package><version>0.60.0-r1</version><class>MetadataError</class><msg>attr(rdepends): error- Metadata Exception: pkg ebuild src: dev-python/python-virtkey-0.60.0-r1, attr rdepends
error: Metadata Exception: pkg ebuild src: dev-python/python-virtkey-0.60.0-r1, attr data
error: False</msg></result>
<result><category>dev-python</category><package>python-virtkey</package><version>0.60.0-r1</version><class>MetadataError</class><msg>attr(post_rdepends): error- Metadata Exception: pkg ebuild src: dev-python/python-virtkey-0.60.0-r1, attr post_rdepends
error: Metadata Exception: pkg ebuild src: dev-python/python-virtkey-0.60.0-r1, attr data
error: False</msg></result>
<result><category>dev-python</category><package>python-virtkey</package><version>0.60.0-r1</version><class>MetadataError</class><msg>attr(license): error- Metadata Exception: pkg ebuild src: dev-python/python-virtkey-0.60.0-r1, attr license
error: Metadata Exception: pkg ebuild src: dev-python/python-virtkey-0.60.0-r1, attr data
error: False</msg></result>
<result><category>dev-python</category><package>pythong</package><version>2.1.5-r2</version><class>MetadataError</class><msg>attr(fetchables): error- Metadata Exception: pkg ebuild src: dev-python/pythong-2.1.5-r2, attr fetchables
error: Metadata Exception: pkg ebuild src: dev-python/pythong-2.1.5-r2, attr data
error: False</msg></result>
<result><category>dev-python</category><package>pythong</package><version>2.1.5-r2</version><class>MetadataError</class><msg>attr(depends): error- Metadata Exception: pkg ebuild src: dev-python/pythong-2.1.5-r2, attr depends
error: Metadata Exception: pkg ebuild src: dev-python/pythong-2.1.5-r2, attr data
error: False</msg></result>
<result><category>dev-python</category><package>pythong</package><version>2.1.5-r2</version><class>MetadataError</class><msg>attr(rdepends): error- Metadata Exception: pkg ebuild src: dev-python/pythong-2.1.5-r2, attr rdepends
error: Metadata Exception: pkg ebuild src: dev-python/pythong-2.1.5-r2, attr data
error: False</msg></result>
<result><category>dev-python</category><package>pythong</package><version>2.1.5-r2</version><class>MetadataError</class><msg>attr(post_rdepends): error- Metadata Exception: pkg ebuild src: dev-python/pythong-2.1.5-r2, attr post_rdepends
error: Metadata Exception: pkg ebuild src: dev-python/pythong-2.1.5-r2, attr data
error: False</msg></result>
<result><category>dev-python</category><package>pythong</package><version>2.1.5-r2</version><class>MetadataError</class><msg>attr(license): error- Metadata Exception: pkg ebuild src: dev-python/pythong-2.1.5-r2, attr license
error: Metadata Exception: pkg ebuild src: dev-python/pythong-2.1.5-r2, attr data
error: False</msg></result>
<result><category>dev-python</category><package>pyusb</package><version>1.0.0_beta2</version><class>MissingSlotDep</class><msg>'virtual/libusb' matches more than one slot: [ 0, 1 ]</msg></result>
<result><category>dev-python</category><package>pyzor</package><version>0.7.0</version><class>DroppedKeywordWarning</class><msg>keywords dropped: ppc, ppc64</msg></result>
<result><category>dev-python</category><package>pyzor</package><version>1.0.0</version><class>DroppedKeywordWarning</class><msg>keywords dropped: ia64, sparc</msg></result>
<result><category>dev-python</category><package>rdflib</package><version>4.1.2</version><class>DroppedKeywordWarning</class><msg>keywords dropped: ia64, sparc</msg></result>
<result><category>dev-python</category><package>root_numpy</package><version>3.2.0</version><class>MetadataError</class><msg>attr(fetchables): error- Metadata Exception: pkg ebuild src: dev-python/root_numpy-3.2.0, attr fetchables
error: Metadata Exception: pkg ebuild src: dev-python/root_numpy-3.2.0, attr data
error: False</msg></result>
<result><category>dev-python</category><package>root_numpy</package><version>3.2.0</version><class>MetadataError</class><msg>attr(depends): error- Metadata Exception: pkg ebuild src: dev-python/root_numpy-3.2.0, attr depends
error: Metadata Exception: pkg ebuild src: dev-python/root_numpy-3.2.0, attr data
error: False</msg></result>
<result><category>dev-python</category><package>root_numpy</package><version>3.2.0</version><class>MetadataError</class><msg>attr(rdepends): error- Metadata Exception: pkg ebuild src: dev-python/root_numpy-3.2.0, attr rdepends
error: Metadata Exception: pkg ebuild src: dev-python/root_numpy-3.2.0, attr data
error: False</msg></result>
<result><category>dev-python</category><package>root_numpy</package><version>3.2.0</version><class>MetadataError</class><msg>attr(post_rdepends): error- Metadata Exception: pkg ebuild src: dev-python/root_numpy-3.2.0, attr post_rdepends
error: Metadata Exception: pkg ebuild src: dev-python/root_numpy-3.2.0, attr data
error: False</msg></result>
<result><category>dev-python</category><package>root_numpy</package><version>3.2.0</version><class>MetadataError</class><msg>attr(license): error- Metadata Exception: pkg ebuild src: dev-python/root_numpy-3.2.0, attr license
error: Metadata Exception: pkg ebuild src: dev-python/root_numpy-3.2.0, attr data
error: False</msg></result>
<result><category>dev-python</category><package>root_numpy</package><version>3.3.0</version><class>MetadataError</class><msg>attr(fetchables): error- Metadata Exception: pkg ebuild src: dev-python/root_numpy-3.3.0, attr fetchables
error: Metadata Exception: pkg ebuild src: dev-python/root_numpy-3.3.0, attr data
error: False</msg></result>
<result><category>dev-python</category><package>root_numpy</package><version>3.3.0</version><class>MetadataError</class><msg>attr(depends): error- Metadata Exception: pkg ebuild src: dev-python/root_numpy-3.3.0, attr depends
error: Metadata Exception: pkg ebuild src: dev-python/root_numpy-3.3.0, attr data
error: False</msg></result>
<result><category>dev-python</category><package>root_numpy</package><version>3.3.0</version><class>MetadataError</class><msg>attr(rdepends): error- Metadata Exception: pkg ebuild src: dev-python/root_numpy-3.3.0, attr rdepends
error: Metadata Exception: pkg ebuild src: dev-python/root_numpy-3.3.0, attr data
error: False</msg></result>
<result><category>dev-python</category><package>root_numpy</package><version>3.3.0</version><class>MetadataError</class><msg>attr(post_rdepends): error- Metadata Exception: pkg ebuild src: dev-python/root_numpy-3.3.0, attr post_rdepends
error: Metadata Exception: pkg ebuild src: dev-python/root_numpy-3.3.0, attr data
error: False</msg></result>
<result><category>dev-python</category><package>root_numpy</package><version>3.3.0</version><class>MetadataError</class><msg>attr(license): error- Metadata Exception: pkg ebuild src: dev-python/root_numpy-3.3.0, attr license
error: Metadata Exception: pkg ebuild src: dev-python/root_numpy-3.3.0, attr data
error: False</msg></result>
<result><category>dev-python</category><package>root_numpy</package><version>3.3.1</version><class>MetadataError</class><msg>attr(fetchables): error- Metadata Exception: pkg ebuild src: dev-python/root_numpy-3.3.1, attr fetchables
error: Metadata Exception: pkg ebuild src: dev-python/root_numpy-3.3.1, attr data
error: False</msg></result>
<result><category>dev-python</category><package>root_numpy</package><version>3.3.1</version><class>MetadataError</class><msg>attr(depends): error- Metadata Exception: pkg ebuild src: dev-python/root_numpy-3.3.1, attr depends
error: Metadata Exception: pkg ebuild src: dev-python/root_numpy-3.3.1, attr data
error: False</msg></result>
<result><category>dev-python</category><package>root_numpy</package><version>3.3.1</version><class>MetadataError</class><msg>attr(rdepends): error- Metadata Exception: pkg ebuild src: dev-python/root_numpy-3.3.1, attr rdepends
error: Metadata Exception: pkg ebuild src: dev-python/root_numpy-3.3.1, attr data
error: False</msg></result>
<result><category>dev-python</category><package>root_numpy</package><version>3.3.1</version><class>MetadataError</class><msg>attr(post_rdepends): error- Metadata Exception: pkg ebuild src: dev-python/root_numpy-3.3.1, attr post_rdepends
error: Metadata Exception: pkg ebuild src: dev-python/root_numpy-3.3.1, attr data
error: False</msg></result>
<result><category>dev-python</category><package>root_numpy</package><version>3.3.1</version><class>MetadataError</class><msg>attr(license): error- Metadata Exception: pkg ebuild src: dev-python/root_numpy-3.3.1, attr license
error: Metadata Exception: pkg ebuild src: dev-python/root_numpy-3.3.1, attr data
error: False</msg></result>
<result><category>dev-python</category><package>root_numpy</package><version>4.4.0</version><class>MetadataError</class><msg>attr(fetchables): error- Metadata Exception: pkg ebuild src: dev-python/root_numpy-4.4.0, attr fetchables
error: Metadata Exception: pkg ebuild src: dev-python/root_numpy-4.4.0, attr data
error: False</msg></result>
<result><category>dev-python</category><package>root_numpy</package><version>4.4.0</version><class>MetadataError</class><msg>attr(depends): error- Metadata Exception: pkg ebuild src: dev-python/root_numpy-4.4.0, attr depends
error: Metadata Exception: pkg ebuild src: dev-python/root_numpy-4.4.0, attr data
error: False</msg></result>
<result><category>dev-python</category><package>root_numpy</package><version>4.4.0</version><class>MetadataError</class><msg>attr(rdepends): error- Metadata Exception: pkg ebuild src: dev-python/root_numpy-4.4.0, attr rdepends
error: Metadata Exception: pkg ebuild src: dev-python/root_numpy-4.4.0, attr data
error: False</msg></result>
<result><category>dev-python</category><package>root_numpy</package><version>4.4.0</version><class>MetadataError</class><msg>attr(post_rdepends): error- Metadata Exception: pkg ebuild src: dev-python/root_numpy-4.4.0, attr post_rdepends
error: Metadata Exception: pkg ebuild src: dev-python/root_numpy-4.4.0, attr data
error: False</msg></result>
<result><category>dev-python</category><package>root_numpy</package><version>4.4.0</version><class>MetadataError</class><msg>attr(license): error- Metadata Exception: pkg ebuild src: dev-python/root_numpy-4.4.0, attr license
error: Metadata Exception: pkg ebuild src: dev-python/root_numpy-4.4.0, attr data
error: False</msg></result>
<result><category>dev-python</category><package>rootpy</package><version>0.7.1</version><class>MetadataError</class><msg>attr(fetchables): error- Metadata Exception: pkg ebuild src: dev-python/rootpy-0.7.1, attr fetchables
error: Metadata Exception: pkg ebuild src: dev-python/rootpy-0.7.1, attr data
error: False</msg></result>
<result><category>dev-python</category><package>rootpy</package><version>0.7.1</version><class>MetadataError</class><msg>attr(depends): error- Metadata Exception: pkg ebuild src: dev-python/rootpy-0.7.1, attr depends
error: Metadata Exception: pkg ebuild src: dev-python/rootpy-0.7.1, attr data
error: False</msg></result>
<result><category>dev-python</category><package>rootpy</package><version>0.7.1</version><class>MetadataError</class><msg>attr(rdepends): error- Metadata Exception: pkg ebuild src: dev-python/rootpy-0.7.1, attr rdepends
error: Metadata Exception: pkg ebuild src: dev-python/rootpy-0.7.1, attr data
error: False</msg></result>
<result><category>dev-python</category><package>rootpy</package><version>0.7.1</version><class>MetadataError</class><msg>attr(post_rdepends): error- Metadata Exception: pkg ebuild src: dev-python/rootpy-0.7.1, attr post_rdepends
error: Metadata Exception: pkg ebuild src: dev-python/rootpy-0.7.1, attr data
error: False</msg></result>
<result><category>dev-python</category><package>rootpy</package><version>0.7.1</version><class>MetadataError</class><msg>attr(license): error- Metadata Exception: pkg ebuild src: dev-python/rootpy-0.7.1, attr license
error: Metadata Exception: pkg ebuild src: dev-python/rootpy-0.7.1, attr data
error: False</msg></result>
<result><category>dev-python</category><package>rootpy</package><version>0.8.0</version><class>MetadataError</class><msg>attr(fetchables): error- Metadata Exception: pkg ebuild src: dev-python/rootpy-0.8.0, attr fetchables
error: Metadata Exception: pkg ebuild src: dev-python/rootpy-0.8.0, attr data
error: False</msg></result>
<result><category>dev-python</category><package>rootpy</package><version>0.8.0</version><class>MetadataError</class><msg>attr(depends): error- Metadata Exception: pkg ebuild src: dev-python/rootpy-0.8.0, attr depends
error: Metadata Exception: pkg ebuild src: dev-python/rootpy-0.8.0, attr data
error: False</msg></result>
<result><category>dev-python</category><package>rootpy</package><version>0.8.0</version><class>MetadataError</class><msg>attr(rdepends): error- Metadata Exception: pkg ebuild src: dev-python/rootpy-0.8.0, attr rdepends
error: Metadata Exception: pkg ebuild src: dev-python/rootpy-0.8.0, attr data
error: False</msg></result>
<result><category>dev-python</category><package>rootpy</package><version>0.8.0</version><class>MetadataError</class><msg>attr(post_rdepends): error- Metadata Exception: pkg ebuild src: dev-python/rootpy-0.8.0, attr post_rdepends
error: Metadata Exception: pkg ebuild src: dev-python/rootpy-0.8.0, attr data
error: False</msg></result>
<result><category>dev-python</category><package>rootpy</package><version>0.8.0</version><class>MetadataError</class><msg>attr(license): error- Metadata Exception: pkg ebuild src: dev-python/rootpy-0.8.0, attr license
error: Metadata Exception: pkg ebuild src: dev-python/rootpy-0.8.0, attr data
error: False</msg></result>
<result><category>dev-python</category><package>simplecv</package><version>1.3</version><class>MetadataError</class><msg>attr(fetchables): error- Metadata Exception: pkg ebuild src: dev-python/simplecv-1.3, attr fetchables
error: Metadata Exception: pkg ebuild src: dev-python/simplecv-1.3, attr data
error: False</msg></result>
<result><category>dev-python</category><package>simplecv</package><version>1.3</version><class>MetadataError</class><msg>attr(depends): error- Metadata Exception: pkg ebuild src: dev-python/simplecv-1.3, attr depends
error: Metadata Exception: pkg ebuild src: dev-python/simplecv-1.3, attr data
error: False</msg></result>
<result><category>dev-python</category><package>simplecv</package><version>1.3</version><class>MetadataError</class><msg>attr(rdepends): error- Metadata Exception: pkg ebuild src: dev-python/simplecv-1.3, attr rdepends
error: Metadata Exception: pkg ebuild src: dev-python/simplecv-1.3, attr data
error: False</msg></result>
<result><category>dev-python</category><package>simplecv</package><version>1.3</version><class>MetadataError</class><msg>attr(post_rdepends): error- Metadata Exception: pkg ebuild src: dev-python/simplecv-1.3, attr post_rdepends
error: Metadata Exception: pkg ebuild src: dev-python/simplecv-1.3, attr data
error: False</msg></result>
<result><category>dev-python</category><package>simplecv</package><version>1.3</version><class>MetadataError</class><msg>attr(license): error- Metadata Exception: pkg ebuild src: dev-python/simplecv-1.3, attr license
error: Metadata Exception: pkg ebuild src: dev-python/simplecv-1.3, attr data
error: False</msg></result>
<result><category>dev-python</category><package>sqlalchemy</package><version>0.7.10</version><class>NonExistentDeps</class><msg>depset depends: nonexistent atoms [ dev-python/kinterbasdb ]</msg></result>
<result><category>dev-python</category><package>sqlalchemy</package><version>0.7.10</version><class>NonExistentDeps</class><msg>depset rdepends: nonexistent atoms [ dev-python/kinterbasdb ]</msg></result>
<result><category>dev-python</category><package>sqlalchemy-migrate</package><version>0.9.2</version><class>DroppedKeywordWarning</class><msg>keywords dropped: s390, sh</msg></result>
<result><category>dev-python</category><package>sqlalchemy-migrate</package><version>0.9.5</version><class>DroppedKeywordWarning</class><msg>keywords dropped: sparc</msg></result>
<result><category>dev-python</category><package>storm</package><version>0.20-r1</version><class>MetadataError</class><msg>attr(fetchables): error- Metadata Exception: pkg ebuild src: dev-python/storm-0.20-r1, attr fetchables
error: Metadata Exception: pkg ebuild src: dev-python/storm-0.20-r1, attr data
error: False</msg></result>
<result><category>dev-python</category><package>storm</package><version>0.20-r1</version><class>MetadataError</class><msg>attr(depends): error- Metadata Exception: pkg ebuild src: dev-python/storm-0.20-r1, attr depends
error: Metadata Exception: pkg ebuild src: dev-python/storm-0.20-r1, attr data
error: False</msg></result>
<result><category>dev-python</category><package>storm</package><version>0.20-r1</version><class>MetadataError</class><msg>attr(rdepends): error- Metadata Exception: pkg ebuild src: dev-python/storm-0.20-r1, attr rdepends
error: Metadata Exception: pkg ebuild src: dev-python/storm-0.20-r1, attr data
error: False</msg></result>
<result><category>dev-python</category><package>storm</package><version>0.20-r1</version><class>MetadataError</class><msg>attr(post_rdepends): error- Metadata Exception: pkg ebuild src: dev-python/storm-0.20-r1, attr post_rdepends
error: Metadata Exception: pkg ebuild src: dev-python/storm-0.20-r1, attr data
error: False</msg></result>
<result><category>dev-python</category><package>storm</package><version>0.20-r1</version><class>MetadataError</class><msg>attr(license): error- Metadata Exception: pkg ebuild src: dev-python/storm-0.20-r1, attr license
error: Metadata Exception: pkg ebuild src: dev-python/storm-0.20-r1, attr data
error: False</msg></result>
<result><category>dev-python</category><package>sympy</package><class>UnusedLocalFlags</class><msg>metadata.xml unused local use flag: [ system-mpmath ]</msg></result>
<result><category>dev-python</category><package>thunarx-python</package><version>0.3.0-r1</version><class>MetadataError</class><msg>attr(fetchables): error- Metadata Exception: pkg ebuild src: dev-python/thunarx-python-0.3.0-r1, attr fetchables
error: Metadata Exception: pkg ebuild src: dev-python/thunarx-python-0.3.0-r1, attr data
error: False</msg></result>
<result><category>dev-python</category><package>thunarx-python</package><version>0.3.0-r1</version><class>MetadataError</class><msg>attr(depends): error- Metadata Exception: pkg ebuild src: dev-python/thunarx-python-0.3.0-r1, attr depends
error: Metadata Exception: pkg ebuild src: dev-python/thunarx-python-0.3.0-r1, attr data
error: False</msg></result>
<result><category>dev-python</category><package>thunarx-python</package><version>0.3.0-r1</version><class>MetadataError</class><msg>attr(rdepends): error- Metadata Exception: pkg ebuild src: dev-python/thunarx-python-0.3.0-r1, attr rdepends
error: Metadata Exception: pkg ebuild src: dev-python/thunarx-python-0.3.0-r1, attr data
error: False</msg></result>
<result><category>dev-python</category><package>thunarx-python</package><version>0.3.0-r1</version><class>MetadataError</class><msg>attr(post_rdepends): error- Metadata Exception: pkg ebuild src: dev-python/thunarx-python-0.3.0-r1, attr post_rdepends
error: Metadata Exception: pkg ebuild src: dev-python/thunarx-python-0.3.0-r1, attr data
error: False</msg></result>
<result><category>dev-python</category><package>thunarx-python</package><version>0.3.0-r1</version><class>MetadataError</class><msg>attr(license): error- Metadata Exception: pkg ebuild src: dev-python/thunarx-python-0.3.0-r1, attr license
error: Metadata Exception: pkg ebuild src: dev-python/thunarx-python-0.3.0-r1, attr data
error: False</msg></result>
<result><category>dev-python</category><package>twisted-conch</package><version>15.1.0</version><class>DroppedKeywordWarning</class><msg>keywords dropped: alpha, sparc</msg></result>
<result><category>dev-python</category><package>twisted-core</package><version>14.0.1</version><class>DroppedKeywordWarning</class><msg>keywords dropped: mips, sparc</msg></result>
<result><category>dev-python</category><package>twisted-lore</package><version>15.1.0</version><class>DroppedKeywordWarning</class><msg>keywords dropped: alpha, sparc</msg></result>
<result><category>dev-python</category><package>twisted-mail</package><version>15.1.0</version><class>DroppedKeywordWarning</class><msg>keywords dropped: alpha, sparc</msg></result>
<result><category>dev-python</category><package>twisted-names</package><version>15.1.0</version><class>DroppedKeywordWarning</class><msg>keywords dropped: alpha, sparc</msg></result>
<result><category>dev-python</category><package>twisted-news</package><version>15.1.0</version><class>DroppedKeywordWarning</class><msg>keywords dropped: alpha, sparc</msg></result>
<result><category>dev-python</category><package>twisted-runner</package><version>15.1.0</version><class>DroppedKeywordWarning</class><msg>keywords dropped: alpha, sparc</msg></result>
<result><category>dev-python</category><package>twisted-web</package><version>15.1.0</version><class>DroppedKeywordWarning</class><msg>keywords dropped: alpha, sparc</msg></result>
<result><category>dev-python</category><package>twisted-words</package><version>15.1.0</version><class>DroppedKeywordWarning</class><msg>keywords dropped: alpha, sparc</msg></result>
<result><category>dev-python</category><package>urllib3</package><version>1.10</version><class>DroppedKeywordWarning</class><msg>keywords dropped: alpha</msg></result>
<result><category>dev-python</category><package>urwid</package><version>1.3.0</version><class>DroppedKeywordWarning</class><msg>keywords dropped: arm64</msg></result>
<result><category>dev-python</category><package>utidylib</package><version>0.2-r2</version><class>MetadataError</class><msg>attr(fetchables): error- Metadata Exception: pkg ebuild src: dev-python/utidylib-0.2-r2, attr fetchables
error: mirror://berlios/utidylib/uTidylib-0.2.zip is unparseable
flagged token- uri mirror://berlios/utidylib/uTidylib-0.2.zip isn't a known mirror tier</msg></result>
<result><category>dev-python</category><package>vertex</package><version>0.3.0-r1</version><class>MissingSlotDep</class><msg>'dev-libs/openssl' matches more than one slot: [ 0, 0.9.8 ]</msg></result>
<result><category>dev-python</category><package>vertex</package><version>0.3.1</version><class>MissingSlotDep</class><msg>'dev-libs/openssl' matches more than one slot: [ 0, 0.9.8 ]</msg></result>
<result><category>dev-python</category><package>wxpython</package><version>2.8.12.1-r2</version><class>MissingSlotDep</class><msg>'virtual/jpeg' matches more than one slot: [ 0, 62 ]</msg></result>
<result><category>dev-python</category><package>wxpython</package><version>2.9.4.1-r2</version><class>MissingSlotDep</class><msg>'virtual/jpeg' matches more than one slot: [ 0, 62 ]</msg></result>
<result><category>dev-python</category><package>wxpython</package><version>3.0.0.0</version><class>MissingSlotDep</class><msg>'virtual/jpeg' matches more than one slot: [ 0, 62 ]</msg></result>
<result><category>dev-python</category><package>wxpython</package><version>3.0.1.1</version><class>MissingSlotDep</class><msg>'virtual/jpeg' matches more than one slot: [ 0, 62 ]</msg></result>
<result><category>dev-python</category><package>wxpython</package><version>3.0.2.0</version><class>MissingSlotDep</class><msg>'virtual/jpeg' matches more than one slot: [ 0, 62 ]</msg></result>
<result><category>dev-texlive</category><package>texlive-basic</package><version>2014</version><class>DroppedKeywordWarning</class><msg>keywords dropped: ia64, sparc</msg></result>
<result><category>dev-texlive</category><package>texlive-bibtexextra</package><version>2014</version><class>DroppedKeywordWarning</class><msg>keywords dropped: ia64, sparc</msg></result>
<result><category>dev-texlive</category><package>texlive-context</package><version>2014</version><class>DroppedKeywordWarning</class><msg>keywords dropped: ia64, sparc</msg></result>
<result><category>dev-texlive</category><package>texlive-fontsextra</package><version>2014</version><class>DroppedKeywordWarning</class><msg>keywords dropped: ia64, sparc</msg></result>
<result><category>dev-texlive</category><package>texlive-fontsrecommended</package><version>2014</version><class>DroppedKeywordWarning</class><msg>keywords dropped: ia64, sparc</msg></result>
<result><category>dev-texlive</category><package>texlive-fontutils</package><version>2014</version><class>DroppedKeywordWarning</class><msg>keywords dropped: ia64, sparc</msg></result>
<result><category>dev-texlive</category><package>texlive-formatsextra</package><version>2014</version><class>DroppedKeywordWarning</class><msg>keywords dropped: ia64, sparc</msg></result>
<result><category>dev-texlive</category><package>texlive-games</package><version>2014</version><class>DroppedKeywordWarning</class><msg>keywords dropped: ia64, sparc</msg></result>
<result><category>dev-texlive</category><package>texlive-genericextra</package><version>2014</version><class>DroppedKeywordWarning</class><msg>keywords dropped: ia64, sparc</msg></result>
<result><category>dev-texlive</category><package>texlive-genericrecommended</package><version>2014</version><class>DroppedKeywordWarning</class><msg>keywords dropped: ia64, sparc</msg></result>
<result><category>dev-texlive</category><package>texlive-humanities</package><version>2014</version><class>DroppedKeywordWarning</class><msg>keywords dropped: ia64, sparc</msg></result>
<result><category>dev-texlive</category><package>texlive-langafrican</package><version>2014</version><class>DroppedKeywordWarning</class><msg>keywords dropped: ia64, sparc</msg></result>
<result><category>dev-texlive</category><package>texlive-langarabic</package><version>2014</version><class>DroppedKeywordWarning</class><msg>keywords dropped: ia64, sparc</msg></result>
<result><category>dev-texlive</category><package>texlive-langcjk</package><version>2014</version><class>DroppedKeywordWarning</class><msg>keywords dropped: ia64, sparc</msg></result>
<result><category>dev-texlive</category><package>texlive-langcyrillic</package><version>2014</version><class>DroppedKeywordWarning</class><msg>keywords dropped: ia64, sparc</msg></result>
<result><category>dev-texlive</category><package>texlive-langczechslovak</package><version>2014</version><class>DroppedKeywordWarning</class><msg>keywords dropped: ia64, sparc</msg></result>
<result><category>dev-texlive</category><package>texlive-langenglish</package><version>2014</version><class>DroppedKeywordWarning</class><msg>keywords dropped: ia64, sparc</msg></result>
<result><category>dev-texlive</category><package>texlive-langfrench</package><version>2014</version><class>DroppedKeywordWarning</class><msg>keywords dropped: ia64, sparc</msg></result>
<result><category>dev-texlive</category><package>texlive-langgerman</package><version>2014</version><class>DroppedKeywordWarning</class><msg>keywords dropped: ia64, sparc</msg></result>
<result><category>dev-texlive</category><package>texlive-langgreek</package><version>2014</version><class>DroppedKeywordWarning</class><msg>keywords dropped: ia64, sparc</msg></result>
<result><category>dev-texlive</category><package>texlive-langindic</package><version>2014</version><class>DroppedKeywordWarning</class><msg>keywords dropped: ia64, sparc</msg></result>
<result><category>dev-texlive</category><package>texlive-langitalian</package><version>2014</version><class>DroppedKeywordWarning</class><msg>keywords dropped: ia64, sparc</msg></result>
<result><category>dev-texlive</category><package>texlive-langother</package><version>2014</version><class>DroppedKeywordWarning</class><msg>keywords dropped: ia64, sparc</msg></result>
<result><category>dev-texlive</category><package>texlive-langpolish</package><version>2014</version><class>DroppedKeywordWarning</class><msg>keywords dropped: ia64, sparc</msg></result>
<result><category>dev-texlive</category><package>texlive-langportuguese</package><version>2014</version><class>DroppedKeywordWarning</class><msg>keywords dropped: ia64, sparc</msg></result>
<result><category>dev-texlive</category><package>texlive-langspanish</package><version>2014</version><class>DroppedKeywordWarning</class><msg>keywords dropped: ia64, sparc</msg></result>
<result><category>dev-texlive</category><package>texlive-latex</package><version>2014</version><class>DroppedKeywordWarning</class><msg>keywords dropped: ia64, sparc</msg></result>
<result><category>dev-texlive</category><package>texlive-latexextra</package><version>2014</version><class>DroppedKeywordWarning</class><msg>keywords dropped: ia64, sparc</msg></result>
<result><category>dev-texlive</category><package>texlive-latexrecommended</package><version>2014</version><class>DroppedKeywordWarning</class><msg>keywords dropped: ia64, sparc</msg></result>
<result><category>dev-texlive</category><package>texlive-luatex</package><version>2014</version><class>DroppedKeywordWarning</class><msg>keywords dropped: ia64, sparc</msg></result>
<result><category>dev-texlive</category><package>texlive-mathextra</package><version>2014</version><class>DroppedKeywordWarning</class><msg>keywords dropped: ia64, sparc</msg></result>
<result><category>dev-texlive</category><package>texlive-metapost</package><version>2014</version><class>DroppedKeywordWarning</class><msg>keywords dropped: ia64, sparc</msg></result>
<result><category>dev-texlive</category><package>texlive-music</package><version>2014</version><class>DroppedKeywordWarning</class><msg>keywords dropped: ia64, sparc</msg></result>
<result><category>dev-texlive</category><package>texlive-omega</package><version>2014</version><class>DroppedKeywordWarning</class><msg>keywords dropped: ia64, sparc</msg></result>
<result><category>dev-texlive</category><package>texlive-pictures</package><version>2014</version><class>DroppedKeywordWarning</class><msg>keywords dropped: ia64, sparc</msg></result>
<result><category>dev-texlive</category><package>texlive-plainextra</package><version>2014</version><class>DroppedKeywordWarning</class><msg>keywords dropped: ia64, sparc</msg></result>
<result><category>dev-texlive</category><package>texlive-pstricks</package><version>2014</version><class>DroppedKeywordWarning</class><msg>keywords dropped: ia64, sparc</msg></result>
<result><category>dev-texlive</category><package>texlive-publishers</package><version>2014</version><class>DroppedKeywordWarning</class><msg>keywords dropped: ia64, sparc</msg></result>
<result><category>dev-texlive</category><package>texlive-science</package><version>2014</version><class>DroppedKeywordWarning</class><msg>keywords dropped: ia64, sparc</msg></result>
<result><category>dev-texlive</category><package>texlive-xetex</package><version>2014</version><class>DroppedKeywordWarning</class><msg>keywords dropped: ia64, sparc</msg></result>
<result><category>kde-frameworks</category><package>kapidox</package><version>5.15.0</version><class>MetadataError</class><msg>attr(fetchables): error- Metadata Exception: pkg ebuild src: kde-frameworks/kapidox-5.15.0, attr fetchables
error: Metadata Exception: pkg ebuild src: kde-frameworks/kapidox-5.15.0, attr data
error: False</msg></result>
<result><category>kde-frameworks</category><package>kapidox</package><version>5.15.0</version><class>MetadataError</class><msg>attr(depends): error- Metadata Exception: pkg ebuild src: kde-frameworks/kapidox-5.15.0, attr depends
error: Metadata Exception: pkg ebuild src: kde-frameworks/kapidox-5.15.0, attr data
error: False</msg></result>
<result><category>kde-frameworks</category><package>kapidox</package><version>5.15.0</version><class>MetadataError</class><msg>attr(rdepends): error- Metadata Exception: pkg ebuild src: kde-frameworks/kapidox-5.15.0, attr rdepends
error: Metadata Exception: pkg ebuild src: kde-frameworks/kapidox-5.15.0, attr data
error: False</msg></result>
<result><category>kde-frameworks</category><package>kapidox</package><version>5.15.0</version><class>MetadataError</class><msg>attr(post_rdepends): error- Metadata Exception: pkg ebuild src: kde-frameworks/kapidox-5.15.0, attr post_rdepends
error: Metadata Exception: pkg ebuild src: kde-frameworks/kapidox-5.15.0, attr data
error: False</msg></result>
<result><category>kde-frameworks</category><package>kapidox</package><version>5.15.0</version><class>MetadataError</class><msg>attr(license): error- Metadata Exception: pkg ebuild src: kde-frameworks/kapidox-5.15.0, attr license
error: Metadata Exception: pkg ebuild src: kde-frameworks/kapidox-5.15.0, attr data
error: False</msg></result>
<result><category>kde-frameworks</category><package>kapidox</package><version>5.16.0</version><class>MetadataError</class><msg>attr(fetchables): error- Metadata Exception: pkg ebuild src: kde-frameworks/kapidox-5.16.0, attr fetchables
error: Metadata Exception: pkg ebuild src: kde-frameworks/kapidox-5.16.0, attr data
error: False</msg></result>
<result><category>kde-frameworks</category><package>kapidox</package><version>5.16.0</version><class>MetadataError</class><msg>attr(depends): error- Metadata Exception: pkg ebuild src: kde-frameworks/kapidox-5.16.0, attr depends
error: Metadata Exception: pkg ebuild src: kde-frameworks/kapidox-5.16.0, attr data
error: False</msg></result>
<result><category>kde-frameworks</category><package>kapidox</package><version>5.16.0</version><class>MetadataError</class><msg>attr(rdepends): error- Metadata Exception: pkg ebuild src: kde-frameworks/kapidox-5.16.0, attr rdepends
error: Metadata Exception: pkg ebuild src: kde-frameworks/kapidox-5.16.0, attr data
error: False</msg></result>
<result><category>kde-frameworks</category><package>kapidox</package><version>5.16.0</version><class>MetadataError</class><msg>attr(post_rdepends): error- Metadata Exception: pkg ebuild src: kde-frameworks/kapidox-5.16.0, attr post_rdepends
error: Metadata Exception: pkg ebuild src: kde-frameworks/kapidox-5.16.0, attr data
error: False</msg></result>
<result><category>kde-frameworks</category><package>kapidox</package><version>5.16.0</version><class>MetadataError</class><msg>attr(license): error- Metadata Exception: pkg ebuild src: kde-frameworks/kapidox-5.16.0, attr license
error: Metadata Exception: pkg ebuild src: kde-frameworks/kapidox-5.16.0, attr data
error: False</msg></result>
<result><category>kde-frameworks</category><package>knotifications</package><version>5.16.0</version><class>NonExistentDeps</class><msg>depset depends: nonexistent atoms [ dev-qt/qtspeech:5 ]</msg></result>
<result><category>kde-frameworks</category><package>knotifications</package><version>5.16.0</version><class>NonExistentDeps</class><msg>depset rdepends: nonexistent atoms [ dev-qt/qtspeech:5 ]</msg></result>
<result><category>kde-frameworks</category><package>ktextwidgets</package><version>5.16.0</version><class>NonExistentDeps</class><msg>depset depends: nonexistent atoms [ dev-qt/qtspeech:5 ]</msg></result>
<result><category>kde-frameworks</category><package>ktextwidgets</package><version>5.16.0</version><class>NonExistentDeps</class><msg>depset rdepends: nonexistent atoms [ dev-qt/qtspeech:5 ]</msg></result>
<result><category>kde-frameworks</category><package>oxygen-icons</package><version>5.16.0</version><class>DroppedKeywordWarning</class><msg>keywords dropped: arm, arm64, ppc, ppc64</msg></result>
<result><category>app-eselect</category><package>eselect-java</package><version>0.1.0-r1</version><class>DroppedKeywordWarning</class><msg>keywords dropped: ia64</msg></result>
<result><category>app-eselect</category><package>eselect-maven</package><version>0.2-r3</version><class>DroppedKeywordWarning</class><msg>keywords dropped: ppc</msg></result>
<result><category>app-eselect</category><package>eselect-wxwidgets</package><class>SizeViolation</class><msg>"files/wxwin.m4-3.0" exceeds 20k in size; 40561 bytes total</msg></result>
<result><category>sys-power</category><package>phc-intel</package><class>SizeViolation</class><msg>"files/phc-intel-0.3.2-rev12-trailing-space-misc.patch" exceeds 20k in size; 33960 bytes total</msg></result>
<result><category>sys-power</category><package>pmtools</package><version>20110323</version><class>DroppedKeywordWarning</class><msg>keywords dropped: ppc</msg></result>
<result><category>net-ftp</category><package>atftp</package><version>0.7-r3</version><class>MissingSlotDep</class><msg>'sys-libs/readline' matches more than one slot: [ 0, 4, 5 ]</msg></result>
<result><category>net-ftp</category><package>frox</package><version>0.7.18-r5</version><class>MissingSlotDep</class><msg>'dev-libs/openssl' matches more than one slot: [ 0, 0.9.8 ]</msg></result>
<result><category>net-ftp</category><package>gftp</package><version>2.0.19-r2</version><class>MissingSlotDep</class><msg>'sys-libs/ncurses' matches more than one slot: [ 0, 5 ]</msg></result>
<result><category>net-ftp</category><package>ncftp</package><version>3.2.5-r3</version><class>MissingSlotDep</class><msg>'sys-libs/ncurses' matches more than one slot: [ 0, 5 ]</msg></result>
<result><category>games-engines</category><package>frotz</package><version>2.43</version><class>MissingSlotDep</class><msg>'sys-libs/ncurses' matches more than one slot: [ 0, 5 ]</msg></result>
<result><category>games-server</category><package>cyphesis</package><version>0.6.2</version><class>MetadataError</class><msg>attr(fetchables): error- Metadata Exception: pkg ebuild src: games-server/cyphesis-0.6.2, attr fetchables
error: Metadata Exception: pkg ebuild src: games-server/cyphesis-0.6.2, attr data
error: False</msg></result>
<result><category>games-server</category><package>cyphesis</package><version>0.6.2</version><class>MetadataError</class><msg>attr(depends): error- Metadata Exception: pkg ebuild src: games-server/cyphesis-0.6.2, attr depends
error: Metadata Exception: pkg ebuild src: games-server/cyphesis-0.6.2, attr data
error: False</msg></result>
<result><category>games-server</category><package>cyphesis</package><version>0.6.2</version><class>MetadataError</class><msg>attr(rdepends): error- Metadata Exception: pkg ebuild src: games-server/cyphesis-0.6.2, attr rdepends
error: Metadata Exception: pkg ebuild src: games-server/cyphesis-0.6.2, attr data
error: False</msg></result>
<result><category>games-server</category><package>cyphesis</package><version>0.6.2</version><class>MetadataError</class><msg>attr(post_rdepends): error- Metadata Exception: pkg ebuild src: games-server/cyphesis-0.6.2, attr post_rdepends
error: Metadata Exception: pkg ebuild src: games-server/cyphesis-0.6.2, attr data
error: False</msg></result>
<result><category>games-server</category><package>cyphesis</package><version>0.6.2</version><class>MetadataError</class><msg>attr(license): error- Metadata Exception: pkg ebuild src: games-server/cyphesis-0.6.2, attr license
error: Metadata Exception: pkg ebuild src: games-server/cyphesis-0.6.2, attr data
error: False</msg></result>
</checks>
