<checks>
<result><category>dev-perl</category><package>Class-Load</package><version>0.230.0</version><class>DroppedKeywordWarning</class><msg>keywords dropped: arm64, m68k, s390, sh</msg></result>
<result><category>dev-perl</category><package>Convert-BinHex</package><version>1.124.0</version><class>DroppedKeywordWarning</class><msg>keywords dropped: ia64, sparc</msg></result>
<result><category>dev-perl</category><package>Convert-UUlib</package><version>1.500.0</version><class>DroppedKeywordWarning</class><msg>keywords dropped: m68k, s390, sh</msg></result>
<result><category>dev-perl</category><package>Crypt-OpenSSL-Bignum</package><version>0.40.0-r1</version><class>MissingSlotDep</class><msg>'dev-libs/openssl' matches more than one slot: [ 0, 0.9.8 ]</msg></result>
<result><category>dev-perl</category><package>Crypt-OpenSSL-RSA</package><version>0.280.0-r1</version><class>MissingSlotDep</class><msg>'dev-libs/openssl' matches more than one slot: [ 0, 0.9.8 ]</msg></result>
<result><category>dev-perl</category><package>Crypt-OpenSSL-Random</package><version>0.40.0-r1</version><class>MissingSlotDep</class><msg>'dev-libs/openssl' matches more than one slot: [ 0, 0.9.8 ]</msg></result>
<result><category>dev-perl</category><package>Crypt-SMIME</package><version>0.100.0-r1</version><class>MissingSlotDep</class><msg>'dev-libs/openssl' matches more than one slot: [ 0, 0.9.8 ]</msg></result>
<result><category>dev-perl</category><package>Eval-Closure</package><version>0.130.0</version><class>DroppedKeywordWarning</class><msg>keywords dropped: arm, ppc64</msg></result>
<result><category>dev-perl</category><package>GD</package><version>2.460.0-r1</version><class>MissingSlotDep</class><msg>'media-libs/libpng' matches more than one slot: [ 0, 1.2, 1.5 ]</msg></result>
<result><category>dev-perl</category><package>GD</package><version>2.460.0-r1</version><class>MissingSlotDep</class><msg>'virtual/jpeg' matches more than one slot: [ 0, 62 ]</msg></result>
<result><category>dev-perl</category><package>GD</package><version>2.500.0-r1</version><class>MissingSlotDep</class><msg>'media-libs/libpng' matches more than one slot: [ 0, 1.2, 1.5 ]</msg></result>
<result><category>dev-perl</category><package>GD</package><version>2.500.0-r1</version><class>MissingSlotDep</class><msg>'virtual/jpeg' matches more than one slot: [ 0, 62 ]</msg></result>
<result><category>dev-perl</category><package>HTTP-Message</package><version>6.40.0-r1</version><class>DroppedKeywordWarning</class><msg>keywords dropped: mips, ppc, ppc64</msg></result>
<result><category>dev-perl</category><package>Image-Scale</package><version>0.80.0-r1</version><class>MissingSlotDep</class><msg>'virtual/jpeg' matches more than one slot: [ 0, 62 ]</msg></result>
<result><category>dev-perl</category><package>Inline-Python</package><version>0.490.0-r1</version><class>MetadataError</class><msg>attr(fetchables): error- Metadata Exception: pkg ebuild src: dev-perl/Inline-Python-0.490.0-r1, attr fetchables
error: Metadata Exception: pkg ebuild src: dev-perl/Inline-Python-0.490.0-r1, attr data
error: False</msg></result>
<result><category>dev-perl</category><package>Inline-Python</package><version>0.490.0-r1</version><class>MetadataError</class><msg>attr(depends): error- Metadata Exception: pkg ebuild src: dev-perl/Inline-Python-0.490.0-r1, attr depends
error: Metadata Exception: pkg ebuild src: dev-perl/Inline-Python-0.490.0-r1, attr data
error: False</msg></result>
<result><category>dev-perl</category><package>Inline-Python</package><version>0.490.0-r1</version><class>MetadataError</class><msg>attr(rdepends): error- Metadata Exception: pkg ebuild src: dev-perl/Inline-Python-0.490.0-r1, attr rdepends
error: Metadata Exception: pkg ebuild src: dev-perl/Inline-Python-0.490.0-r1, attr data
error: False</msg></result>
<result><category>dev-perl</category><package>Inline-Python</package><version>0.490.0-r1</version><class>MetadataError</class><msg>attr(post_rdepends): error- Metadata Exception: pkg ebuild src: dev-perl/Inline-Python-0.490.0-r1, attr post_rdepends
error: Metadata Exception: pkg ebuild src: dev-perl/Inline-Python-0.490.0-r1, attr data
error: False</msg></result>
<result><category>dev-perl</category><package>Inline-Python</package><version>0.490.0-r1</version><class>MetadataError</class><msg>attr(license): error- Metadata Exception: pkg ebuild src: dev-perl/Inline-Python-0.490.0-r1, attr license
error: Metadata Exception: pkg ebuild src: dev-perl/Inline-Python-0.490.0-r1, attr data
error: False</msg></result>
<result><category>dev-perl</category><package>JSON-RPC</package><version>1.30.0-r1</version><class>DroppedKeywordWarning</class><msg>keywords dropped: alpha, ia64, ppc, ppc64, sparc</msg></result>
<result><category>dev-perl</category><package>List-MoreUtils</package><version>0.413.0</version><class>DroppedKeywordWarning</class><msg>keywords dropped: m68k</msg></result>
<result><category>dev-perl</category><package>Mail-SpamAssassin-Plugin-GoogleSafeBrowsing</package><version>1.30.0-r1</version><class>BadInsIntoDir</class><msg>ebuild uses insinto /etc/cron.d on line 31</msg></result>
<result><category>dev-perl</category><package>Math-GMP</package><version>2.60.0-r1</version><class>MissingSlotDep</class><msg>'dev-libs/gmp' matches more than one slot: [ 0, 3 ]</msg></result>
<result><category>dev-perl</category><package>Module-Info</package><version>0.370.0</version><class>DroppedKeywordWarning</class><msg>keywords dropped: alpha, hppa, ppc64</msg></result>
<result><category>dev-perl</category><package>SQL-Statement</package><version>1.407.0</version><class>DroppedKeywordWarning</class><msg>keywords dropped: arm, ppc, ppc64</msg></result>
<result><category>dev-perl</category><package>Test-TCP</package><version>2.130.0</version><class>DoubleEmptyLine</class><msg>ebuild has unneeded empty line 19</msg></result>
<result><category>dev-perl</category><package>Test-Trap</package><version>0.3.0</version><class>DroppedKeywordWarning</class><msg>keywords dropped: ppc</msg></result>
<result><category>dev-perl</category><package>Tk-JPEG-Lite</package><version>2.14.30-r1</version><class>MissingSlotDep</class><msg>'virtual/jpeg' matches more than one slot: [ 0, 62 ]</msg></result>
<result><category>dev-perl</category><package>WWW-Mechanize</package><version>1.730.0-r1</version><class>NonExistentDeps</class><msg>depset depends: nonexistent atoms [ &lt;dev-perl/libwww-perl-6 ]</msg></result>
<result><category>dev-perl</category><package>WWW-Mechanize</package><version>1.730.0-r1</version><class>NonExistentDeps</class><msg>depset rdepends: nonexistent atoms [ &lt;dev-perl/libwww-perl-6 ]</msg></result>
<result><category>dev-perl</category><package>WWW-Mechanize</package><version>1.750.0</version><class>NonExistentDeps</class><msg>depset depends: nonexistent atoms [ &lt;dev-perl/libwww-perl-6 ]</msg></result>
<result><category>dev-perl</category><package>WWW-Mechanize</package><version>1.750.0</version><class>NonExistentDeps</class><msg>depset rdepends: nonexistent atoms [ &lt;dev-perl/libwww-perl-6 ]</msg></result>
<result><category>dev-perl</category><package>crypt-dh</package><version>0.70.0-r1</version><class>MissingSlotDep</class><msg>'dev-libs/gmp' matches more than one slot: [ 0, 3 ]</msg></result>
<result><category>dev-perl</category><package>perl-tk</package><version>804.32.0-r1</version><class>MissingSlotDep</class><msg>'virtual/jpeg' matches more than one slot: [ 0, 62 ]</msg></result>
<result><category>dev-perl</category><package>perl-tk</package><version>804.33.0</version><class>MissingSlotDep</class><msg>'virtual/jpeg' matches more than one slot: [ 0, 62 ]</msg></result>
<result><category>x11-misc</category><package>denu</package><version>2.3.2-r1</version><class>NonExistentDeps</class><msg>depset depends: nonexistent atoms [ =dev-lang/python-2.6* ]</msg></result>
<result><category>x11-misc</category><package>denu</package><version>2.3.2-r1</version><class>NonExistentDeps</class><msg>depset rdepends: nonexistent atoms [ =dev-lang/python-2.6* ]</msg></result>
<result><category>x11-misc</category><package>dockmanager</package><version>0.1.0-r1</version><class>MetadataError</class><msg>attr(fetchables): error- Metadata Exception: pkg ebuild src: x11-misc/dockmanager-0.1.0-r1, attr fetchables
error: Metadata Exception: pkg ebuild src: x11-misc/dockmanager-0.1.0-r1, attr data
error: False</msg></result>
<result><category>x11-misc</category><package>dockmanager</package><version>0.1.0-r1</version><class>MetadataError</class><msg>attr(depends): error- Metadata Exception: pkg ebuild src: x11-misc/dockmanager-0.1.0-r1, attr depends
error: Metadata Exception: pkg ebuild src: x11-misc/dockmanager-0.1.0-r1, attr data
error: False</msg></result>
<result><category>x11-misc</category><package>dockmanager</package><version>0.1.0-r1</version><class>MetadataError</class><msg>attr(rdepends): error- Metadata Exception: pkg ebuild src: x11-misc/dockmanager-0.1.0-r1, attr rdepends
error: Metadata Exception: pkg ebuild src: x11-misc/dockmanager-0.1.0-r1, attr data
error: False</msg></result>
<result><category>x11-misc</category><package>dockmanager</package><version>0.1.0-r1</version><class>MetadataError</class><msg>attr(post_rdepends): error- Metadata Exception: pkg ebuild src: x11-misc/dockmanager-0.1.0-r1, attr post_rdepends
error: Metadata Exception: pkg ebuild src: x11-misc/dockmanager-0.1.0-r1, attr data
error: False</msg></result>
<result><category>x11-misc</category><package>dockmanager</package><version>0.1.0-r1</version><class>MetadataError</class><msg>attr(license): error- Metadata Exception: pkg ebuild src: x11-misc/dockmanager-0.1.0-r1, attr license
error: Metadata Exception: pkg ebuild src: x11-misc/dockmanager-0.1.0-r1, attr data
error: False</msg></result>
<result><category>x11-misc</category><package>evolvotron</package><version>0.6.2</version><class>NonExistentDeps</class><msg>depset depends: nonexistent atoms [ =dev-lang/python-2.6* ]</msg></result>
<result><category>x11-misc</category><package>evolvotron</package><version>0.6.2</version><class>NonExistentDeps</class><msg>depset rdepends: nonexistent atoms [ =dev-lang/python-2.6* ]</msg></result>
<result><category>x11-misc</category><package>fbdesk</package><version>1.4.1</version><class>MissingSlotDep</class><msg>'media-libs/libpng' matches more than one slot: [ 0, 1.2, 1.5 ]</msg></result>
<result><category>x11-misc</category><package>gdevilspie</package><version>0.5-r1</version><class>WhitespaceFound</class><msg>ebuild has trailing whitespace on line 28</msg></result>
<result><category>x11-misc</category><package>googsystray</package><version>1.3.1</version><class>NonExistentDeps</class><msg>depset depends: nonexistent atoms [ =dev-lang/python-2.6* ]</msg></result>
<result><category>x11-misc</category><package>googsystray</package><version>1.3.1</version><class>NonExistentDeps</class><msg>depset rdepends: nonexistent atoms [ =dev-lang/python-2.6* ]</msg></result>
<result><category>x11-misc</category><package>icewmcp</package><version>3.2-r4</version><class>MetadataError</class><msg>attr(fetchables): error- Metadata Exception: pkg ebuild src: x11-misc/icewmcp-3.2-r4, attr fetchables
error: Metadata Exception: pkg ebuild src: x11-misc/icewmcp-3.2-r4, attr data
error: False</msg></result>
<result><category>x11-misc</category><package>icewmcp</package><version>3.2-r4</version><class>MetadataError</class><msg>attr(depends): error- Metadata Exception: pkg ebuild src: x11-misc/icewmcp-3.2-r4, attr depends
error: Metadata Exception: pkg ebuild src: x11-misc/icewmcp-3.2-r4, attr data
error: False</msg></result>
<result><category>x11-misc</category><package>icewmcp</package><version>3.2-r4</version><class>MetadataError</class><msg>attr(rdepends): error- Metadata Exception: pkg ebuild src: x11-misc/icewmcp-3.2-r4, attr rdepends
error: Metadata Exception: pkg ebuild src: x11-misc/icewmcp-3.2-r4, attr data
error: False</msg></result>
<result><category>x11-misc</category><package>icewmcp</package><version>3.2-r4</version><class>MetadataError</class><msg>attr(post_rdepends): error- Metadata Exception: pkg ebuild src: x11-misc/icewmcp-3.2-r4, attr post_rdepends
error: Metadata Exception: pkg ebuild src: x11-misc/icewmcp-3.2-r4, attr data
error: False</msg></result>
<result><category>x11-misc</category><package>icewmcp</package><version>3.2-r4</version><class>MetadataError</class><msg>attr(license): error- Metadata Exception: pkg ebuild src: x11-misc/icewmcp-3.2-r4, attr license
error: Metadata Exception: pkg ebuild src: x11-misc/icewmcp-3.2-r4, attr data
error: False</msg></result>
<result><category>x11-misc</category><package>lightdm</package><version>1.14.4</version><class>DroppedKeywordWarning</class><msg>keywords dropped: arm64</msg></result>
<result><category>x11-misc</category><package>magick-rotation</package><version>1.6.2-r2</version><class>MetadataError</class><msg>attr(fetchables): error- Metadata Exception: pkg ebuild src: x11-misc/magick-rotation-1.6.2-r2, attr fetchables
error: Metadata Exception: pkg ebuild src: x11-misc/magick-rotation-1.6.2-r2, attr data
error: False</msg></result>
<result><category>x11-misc</category><package>magick-rotation</package><version>1.6.2-r2</version><class>MetadataError</class><msg>attr(depends): error- Metadata Exception: pkg ebuild src: x11-misc/magick-rotation-1.6.2-r2, attr depends
error: Metadata Exception: pkg ebuild src: x11-misc/magick-rotation-1.6.2-r2, attr data
error: False</msg></result>
<result><category>x11-misc</category><package>magick-rotation</package><version>1.6.2-r2</version><class>MetadataError</class><msg>attr(rdepends): error- Metadata Exception: pkg ebuild src: x11-misc/magick-rotation-1.6.2-r2, attr rdepends
error: Metadata Exception: pkg ebuild src: x11-misc/magick-rotation-1.6.2-r2, attr data
error: False</msg></result>
<result><category>x11-misc</category><package>magick-rotation</package><version>1.6.2-r2</version><class>MetadataError</class><msg>attr(post_rdepends): error- Metadata Exception: pkg ebuild src: x11-misc/magick-rotation-1.6.2-r2, attr post_rdepends
error: Metadata Exception: pkg ebuild src: x11-misc/magick-rotation-1.6.2-r2, attr data
error: False</msg></result>
<result><category>x11-misc</category><package>magick-rotation</package><version>1.6.2-r2</version><class>MetadataError</class><msg>attr(license): error- Metadata Exception: pkg ebuild src: x11-misc/magick-rotation-1.6.2-r2, attr license
error: Metadata Exception: pkg ebuild src: x11-misc/magick-rotation-1.6.2-r2, attr data
error: False</msg></result>
<result><category>x11-misc</category><package>magneto-gtk</package><version>254</version><class>MetadataError</class><msg>attr(fetchables): error- Metadata Exception: pkg ebuild src: x11-misc/magneto-gtk-254, attr fetchables
error: Metadata Exception: pkg ebuild src: x11-misc/magneto-gtk-254, attr data
error: False</msg></result>
<result><category>x11-misc</category><package>magneto-gtk</package><version>254</version><class>MetadataError</class><msg>attr(depends): error- Metadata Exception: pkg ebuild src: x11-misc/magneto-gtk-254, attr depends
error: Metadata Exception: pkg ebuild src: x11-misc/magneto-gtk-254, attr data
error: False</msg></result>
<result><category>x11-misc</category><package>magneto-gtk</package><version>254</version><class>MetadataError</class><msg>attr(rdepends): error- Metadata Exception: pkg ebuild src: x11-misc/magneto-gtk-254, attr rdepends
error: Metadata Exception: pkg ebuild src: x11-misc/magneto-gtk-254, attr data
error: False</msg></result>
<result><category>x11-misc</category><package>magneto-gtk</package><version>254</version><class>MetadataError</class><msg>attr(post_rdepends): error- Metadata Exception: pkg ebuild src: x11-misc/magneto-gtk-254, attr post_rdepends
error: Metadata Exception: pkg ebuild src: x11-misc/magneto-gtk-254, attr data
error: False</msg></result>
<result><category>x11-misc</category><package>magneto-gtk</package><version>254</version><class>MetadataError</class><msg>attr(license): error- Metadata Exception: pkg ebuild src: x11-misc/magneto-gtk-254, attr license
error: Metadata Exception: pkg ebuild src: x11-misc/magneto-gtk-254, attr data
error: False</msg></result>
<result><category>x11-misc</category><package>magneto-gtk3</package><version>254</version><class>MetadataError</class><msg>attr(fetchables): error- Metadata Exception: pkg ebuild src: x11-misc/magneto-gtk3-254, attr fetchables
error: Metadata Exception: pkg ebuild src: x11-misc/magneto-gtk3-254, attr data
error: False</msg></result>
<result><category>x11-misc</category><package>magneto-gtk3</package><version>254</version><class>MetadataError</class><msg>attr(depends): error- Metadata Exception: pkg ebuild src: x11-misc/magneto-gtk3-254, attr depends
error: Metadata Exception: pkg ebuild src: x11-misc/magneto-gtk3-254, attr data
error: False</msg></result>
<result><category>x11-misc</category><package>magneto-gtk3</package><version>254</version><class>MetadataError</class><msg>attr(rdepends): error- Metadata Exception: pkg ebuild src: x11-misc/magneto-gtk3-254, attr rdepends
error: Metadata Exception: pkg ebuild src: x11-misc/magneto-gtk3-254, attr data
error: False</msg></result>
<result><category>x11-misc</category><package>magneto-gtk3</package><version>254</version><class>MetadataError</class><msg>attr(post_rdepends): error- Metadata Exception: pkg ebuild src: x11-misc/magneto-gtk3-254, attr post_rdepends
error: Metadata Exception: pkg ebuild src: x11-misc/magneto-gtk3-254, attr data
error: False</msg></result>
<result><category>x11-misc</category><package>magneto-gtk3</package><version>254</version><class>MetadataError</class><msg>attr(license): error- Metadata Exception: pkg ebuild src: x11-misc/magneto-gtk3-254, attr license
error: Metadata Exception: pkg ebuild src: x11-misc/magneto-gtk3-254, attr data
error: False</msg></result>
<result><category>x11-misc</category><package>outwiker</package><version>1.7.0</version><class>MissingSlotDep</class><msg>'dev-python/wxpython' matches more than one slot: [ 2.8, 2.9, 3.0 ]</msg></result>
<result><category>x11-misc</category><package>pathfinder</package><version>1.7.47</version><class>MissingSlotDep</class><msg>'virtual/jpeg' matches more than one slot: [ 0, 62 ]</msg></result>
<result><category>x11-misc</category><package>pathfinder</package><version>1.7.49</version><class>MissingSlotDep</class><msg>'virtual/jpeg' matches more than one slot: [ 0, 62 ]</msg></result>
<result><category>x11-misc</category><package>pcmanfm-qt</package><version>0.10.0</version><class>DroppedKeywordWarning</class><msg>keywords dropped: arm, arm64</msg></result>
<result><category>x11-misc</category><package>piedock</package><version>1.6.6</version><class>MissingSlotDep</class><msg>'media-libs/libpng' matches more than one slot: [ 0, 1.2, 1.5 ]</msg></result>
<result><category>x11-misc</category><package>piedock</package><version>1.6.6</version><class>MissingSlotDep</class><msg>'dev-libs/glib' matches more than one slot: [ 1, 2 ]</msg></result>
<result><category>x11-misc</category><package>read-edid</package><version>3.0.1</version><class>DroppedKeywordWarning</class><msg>keywords dropped: alpha, ppc, sparc</msg></result>
<result><category>x11-misc</category><package>revelation</package><version>0.4.14-r1</version><class>MetadataError</class><msg>attr(fetchables): error- Metadata Exception: pkg ebuild src: x11-misc/revelation-0.4.14-r1, attr fetchables
error: Metadata Exception: pkg ebuild src: x11-misc/revelation-0.4.14-r1, attr data
error: False</msg></result>
<result><category>x11-misc</category><package>revelation</package><version>0.4.14-r1</version><class>MetadataError</class><msg>attr(depends): error- Metadata Exception: pkg ebuild src: x11-misc/revelation-0.4.14-r1, attr depends
error: Metadata Exception: pkg ebuild src: x11-misc/revelation-0.4.14-r1, attr data
error: False</msg></result>
<result><category>x11-misc</category><package>revelation</package><version>0.4.14-r1</version><class>MetadataError</class><msg>attr(rdepends): error- Metadata Exception: pkg ebuild src: x11-misc/revelation-0.4.14-r1, attr rdepends
error: Metadata Exception: pkg ebuild src: x11-misc/revelation-0.4.14-r1, attr data
error: False</msg></result>
<result><category>x11-misc</category><package>revelation</package><version>0.4.14-r1</version><class>MetadataError</class><msg>attr(post_rdepends): error- Metadata Exception: pkg ebuild src: x11-misc/revelation-0.4.14-r1, attr post_rdepends
error: Metadata Exception: pkg ebuild src: x11-misc/revelation-0.4.14-r1, attr data
error: False</msg></result>
<result><category>x11-misc</category><package>revelation</package><version>0.4.14-r1</version><class>MetadataError</class><msg>attr(license): error- Metadata Exception: pkg ebuild src: x11-misc/revelation-0.4.14-r1, attr license
error: Metadata Exception: pkg ebuild src: x11-misc/revelation-0.4.14-r1, attr data
error: False</msg></result>
<result><category>x11-misc</category><package>sddm</package><version>0.12.0-r1</version><class>DroppedKeywordWarning</class><msg>keywords dropped: arm</msg></result>
<result><category>x11-misc</category><package>shutterbug</package><version>1.7.47</version><class>MissingSlotDep</class><msg>'virtual/jpeg' matches more than one slot: [ 0, 62 ]</msg></result>
<result><category>x11-misc</category><package>shutterbug</package><version>1.7.49</version><class>MissingSlotDep</class><msg>'virtual/jpeg' matches more than one slot: [ 0, 62 ]</msg></result>
<result><category>x11-misc</category><package>treeline</package><version>1.4.1-r1</version><class>MetadataError</class><msg>attr(fetchables): error- Metadata Exception: pkg ebuild src: x11-misc/treeline-1.4.1-r1, attr fetchables
error: Metadata Exception: pkg ebuild src: x11-misc/treeline-1.4.1-r1, attr data
error: False</msg></result>
<result><category>x11-misc</category><package>treeline</package><version>1.4.1-r1</version><class>MetadataError</class><msg>attr(depends): error- Metadata Exception: pkg ebuild src: x11-misc/treeline-1.4.1-r1, attr depends
error: Metadata Exception: pkg ebuild src: x11-misc/treeline-1.4.1-r1, attr data
error: False</msg></result>
<result><category>x11-misc</category><package>treeline</package><version>1.4.1-r1</version><class>MetadataError</class><msg>attr(rdepends): error- Metadata Exception: pkg ebuild src: x11-misc/treeline-1.4.1-r1, attr rdepends
error: Metadata Exception: pkg ebuild src: x11-misc/treeline-1.4.1-r1, attr data
error: False</msg></result>
<result><category>x11-misc</category><package>treeline</package><version>1.4.1-r1</version><class>MetadataError</class><msg>attr(post_rdepends): error- Metadata Exception: pkg ebuild src: x11-misc/treeline-1.4.1-r1, attr post_rdepends
error: Metadata Exception: pkg ebuild src: x11-misc/treeline-1.4.1-r1, attr data
error: False</msg></result>
<result><category>x11-misc</category><package>treeline</package><version>1.4.1-r1</version><class>MetadataError</class><msg>attr(license): error- Metadata Exception: pkg ebuild src: x11-misc/treeline-1.4.1-r1, attr license
error: Metadata Exception: pkg ebuild src: x11-misc/treeline-1.4.1-r1, attr data
error: False</msg></result>
<result><category>x11-misc</category><package>treeline</package><version>1.9.4</version><class>MetadataError</class><msg>attr(fetchables): error- Metadata Exception: pkg ebuild src: x11-misc/treeline-1.9.4, attr fetchables
error: Metadata Exception: pkg ebuild src: x11-misc/treeline-1.9.4, attr data
error: False</msg></result>
<result><category>x11-misc</category><package>treeline</package><version>1.9.4</version><class>MetadataError</class><msg>attr(depends): error- Metadata Exception: pkg ebuild src: x11-misc/treeline-1.9.4, attr depends
error: Metadata Exception: pkg ebuild src: x11-misc/treeline-1.9.4, attr data
error: False</msg></result>
<result><category>x11-misc</category><package>treeline</package><version>1.9.4</version><class>MetadataError</class><msg>attr(rdepends): error- Metadata Exception: pkg ebuild src: x11-misc/treeline-1.9.4, attr rdepends
error: Metadata Exception: pkg ebuild src: x11-misc/treeline-1.9.4, attr data
error: False</msg></result>
<result><category>x11-misc</category><package>treeline</package><version>1.9.4</version><class>MetadataError</class><msg>attr(post_rdepends): error- Metadata Exception: pkg ebuild src: x11-misc/treeline-1.9.4, attr post_rdepends
error: Metadata Exception: pkg ebuild src: x11-misc/treeline-1.9.4, attr data
error: False</msg></result>
<result><category>x11-misc</category><package>treeline</package><version>1.9.4</version><class>MetadataError</class><msg>attr(license): error- Metadata Exception: pkg ebuild src: x11-misc/treeline-1.9.4, attr license
error: Metadata Exception: pkg ebuild src: x11-misc/treeline-1.9.4, attr data
error: False</msg></result>
<result><category>x11-misc</category><package>wbarconf</package><version>0.7.2.2-r1</version><class>NonExistentDeps</class><msg>depset depends: nonexistent atoms [ =dev-lang/python-2.6* ]</msg></result>
<result><category>x11-misc</category><package>wbarconf</package><version>0.7.2.2-r1</version><class>NonExistentDeps</class><msg>depset rdepends: nonexistent atoms [ =dev-lang/python-2.6* ]</msg></result>
<result><category>x11-misc</category><package>xbattbar</package><version>1.4.4</version><class>MetadataError</class><msg>attr(fetchables): error- Metadata Exception: pkg ebuild src: x11-misc/xbattbar-1.4.4, attr fetchables
error: Metadata Exception: pkg ebuild src: x11-misc/xbattbar-1.4.4, attr data
error: False</msg></result>
<result><category>x11-misc</category><package>xbattbar</package><version>1.4.4</version><class>MetadataError</class><msg>attr(depends): error- Metadata Exception: pkg ebuild src: x11-misc/xbattbar-1.4.4, attr depends
error: Metadata Exception: pkg ebuild src: x11-misc/xbattbar-1.4.4, attr data
error: False</msg></result>
<result><category>x11-misc</category><package>xbattbar</package><version>1.4.4</version><class>MetadataError</class><msg>attr(rdepends): error- Metadata Exception: pkg ebuild src: x11-misc/xbattbar-1.4.4, attr rdepends
error: Metadata Exception: pkg ebuild src: x11-misc/xbattbar-1.4.4, attr data
error: False</msg></result>
<result><category>x11-misc</category><package>xbattbar</package><version>1.4.4</version><class>MetadataError</class><msg>attr(post_rdepends): error- Metadata Exception: pkg ebuild src: x11-misc/xbattbar-1.4.4, attr post_rdepends
error: Metadata Exception: pkg ebuild src: x11-misc/xbattbar-1.4.4, attr data
error: False</msg></result>
<result><category>x11-misc</category><package>xbattbar</package><version>1.4.4</version><class>MetadataError</class><msg>attr(license): error- Metadata Exception: pkg ebuild src: x11-misc/xbattbar-1.4.4, attr license
error: Metadata Exception: pkg ebuild src: x11-misc/xbattbar-1.4.4, attr data
error: False</msg></result>
<result><category>x11-misc</category><package>xbattbar</package><version>1.4.5</version><class>MetadataError</class><msg>attr(fetchables): error- Metadata Exception: pkg ebuild src: x11-misc/xbattbar-1.4.5, attr fetchables
error: Metadata Exception: pkg ebuild src: x11-misc/xbattbar-1.4.5, attr data
error: False</msg></result>
<result><category>x11-misc</category><package>xbattbar</package><version>1.4.5</version><class>MetadataError</class><msg>attr(depends): error- Metadata Exception: pkg ebuild src: x11-misc/xbattbar-1.4.5, attr depends
error: Metadata Exception: pkg ebuild src: x11-misc/xbattbar-1.4.5, attr data
error: False</msg></result>
<result><category>x11-misc</category><package>xbattbar</package><version>1.4.5</version><class>MetadataError</class><msg>attr(rdepends): error- Metadata Exception: pkg ebuild src: x11-misc/xbattbar-1.4.5, attr rdepends
error: Metadata Exception: pkg ebuild src: x11-misc/xbattbar-1.4.5, attr data
error: False</msg></result>
<result><category>x11-misc</category><package>xbattbar</package><version>1.4.5</version><class>MetadataError</class><msg>attr(post_rdepends): error- Metadata Exception: pkg ebuild src: x11-misc/xbattbar-1.4.5, attr post_rdepends
error: Metadata Exception: pkg ebuild src: x11-misc/xbattbar-1.4.5, attr data
error: False</msg></result>
<result><category>x11-misc</category><package>xbattbar</package><version>1.4.5</version><class>MetadataError</class><msg>attr(license): error- Metadata Exception: pkg ebuild src: x11-misc/xbattbar-1.4.5, attr license
error: Metadata Exception: pkg ebuild src: x11-misc/xbattbar-1.4.5, attr data
error: False</msg></result>
<result><category>x11-misc</category><package>xbattbar</package><version>1.4.8</version><class>MetadataError</class><msg>attr(fetchables): error- Metadata Exception: pkg ebuild src: x11-misc/xbattbar-1.4.8, attr fetchables
error: Metadata Exception: pkg ebuild src: x11-misc/xbattbar-1.4.8, attr data
error: False</msg></result>
<result><category>x11-misc</category><package>xbattbar</package><version>1.4.8</version><class>MetadataError</class><msg>attr(depends): error- Metadata Exception: pkg ebuild src: x11-misc/xbattbar-1.4.8, attr depends
error: Metadata Exception: pkg ebuild src: x11-misc/xbattbar-1.4.8, attr data
error: False</msg></result>
<result><category>x11-misc</category><package>xbattbar</package><version>1.4.8</version><class>MetadataError</class><msg>attr(rdepends): error- Metadata Exception: pkg ebuild src: x11-misc/xbattbar-1.4.8, attr rdepends
error: Metadata Exception: pkg ebuild src: x11-misc/xbattbar-1.4.8, attr data
error: False</msg></result>
<result><category>x11-misc</category><package>xbattbar</package><version>1.4.8</version><class>MetadataError</class><msg>attr(post_rdepends): error- Metadata Exception: pkg ebuild src: x11-misc/xbattbar-1.4.8, attr post_rdepends
error: Metadata Exception: pkg ebuild src: x11-misc/xbattbar-1.4.8, attr data
error: False</msg></result>
<result><category>x11-misc</category><package>xbattbar</package><version>1.4.8</version><class>MetadataError</class><msg>attr(license): error- Metadata Exception: pkg ebuild src: x11-misc/xbattbar-1.4.8, attr license
error: Metadata Exception: pkg ebuild src: x11-misc/xbattbar-1.4.8, attr data
error: False</msg></result>
<result><category>x11-misc</category><package>xbindkeys</package><version>1.8.6</version><class>MissingSlotDep</class><msg>'dev-lang/tk' matches more than one slot: [ 0, 8.5 ]</msg></result>
<result><category>x11-misc</category><package>xorg-cf-files</package><class>SizeViolation</class><msg>"files/xorg-cf-files-1.0.2-solaris-prefix.patch" exceeds 20k in size; 23137 bytes total</msg></result>
<result><category>x11-misc</category><package>xplanet</package><class>SizeViolation</class><msg>"files/xplanet-1.3.0-giflib.patch" exceeds 20k in size; 25824 bytes total</msg></result>
<result><category>x11-misc</category><package>xplanetFX</package><version>2.6.4</version><class>BadInsIntoDir</class><msg>ebuild uses insinto /usr/share/applications on line 43</msg></result>
<result><category>x11-misc</category><package>xplanetFX</package><version>2.6.6</version><class>BadInsIntoDir</class><msg>ebuild uses insinto /usr/share/applications on line 43</msg></result>
<result><category>x11-misc</category><package>zim</package><version>0.65</version><class>MetadataError</class><msg>attr(fetchables): error- Metadata Exception: pkg ebuild src: x11-misc/zim-0.65, attr fetchables
error: Metadata Exception: pkg ebuild src: x11-misc/zim-0.65, attr data
error: False</msg></result>
<result><category>x11-misc</category><package>zim</package><version>0.65</version><class>MetadataError</class><msg>attr(depends): error- Metadata Exception: pkg ebuild src: x11-misc/zim-0.65, attr depends
error: Metadata Exception: pkg ebuild src: x11-misc/zim-0.65, attr data
error: False</msg></result>
<result><category>x11-misc</category><package>zim</package><version>0.65</version><class>MetadataError</class><msg>attr(rdepends): error- Metadata Exception: pkg ebuild src: x11-misc/zim-0.65, attr rdepends
error: Metadata Exception: pkg ebuild src: x11-misc/zim-0.65, attr data
error: False</msg></result>
<result><category>x11-misc</category><package>zim</package><version>0.65</version><class>MetadataError</class><msg>attr(post_rdepends): error- Metadata Exception: pkg ebuild src: x11-misc/zim-0.65, attr post_rdepends
error: Metadata Exception: pkg ebuild src: x11-misc/zim-0.65, attr data
error: False</msg></result>
<result><category>x11-misc</category><package>zim</package><version>0.65</version><class>MetadataError</class><msg>attr(license): error- Metadata Exception: pkg ebuild src: x11-misc/zim-0.65, attr license
error: Metadata Exception: pkg ebuild src: x11-misc/zim-0.65, attr data
error: False</msg></result>
<result><category>sys-devel</category><package>automake</package><version>1.4_p6-r2</version><class>VulnerablePackage</class><msg>vulnerable via glsa(201310-15) ( ver &lt; 1.11.6 ), keywords ('alpha', 'amd64', 'arm', 'arm64', 'hppa', 'ia64', 'm68k', 'mips', 'ppc', 'ppc64', 's390', 'sh', 'sparc', 'sparc-fbsd', 'x86', 'x86-fbsd')</msg></result>
<result><category>sys-devel</category><package>automake</package><version>1.5-r2</version><class>VulnerablePackage</class><msg>vulnerable via glsa(201310-15) ( ver &lt; 1.11.6 ), keywords ('alpha', 'amd64', 'arm', 'arm64', 'hppa', 'ia64', 'm68k', 'mips', 'ppc', 'ppc64', 's390', 'sh', 'sparc', 'sparc-fbsd', 'x86', 'x86-fbsd')</msg></result>
<result><category>sys-devel</category><package>automake</package><version>1.6.3-r2</version><class>VulnerablePackage</class><msg>vulnerable via glsa(201310-15) ( ver &lt; 1.11.6 ), keywords ('alpha', 'amd64', 'arm', 'arm64', 'hppa', 'ia64', 'm68k', 'mips', 'ppc', 'ppc64', 's390', 'sh', 'sparc', 'sparc-fbsd', 'x86', 'x86-fbsd')</msg></result>
<result><category>sys-devel</category><package>automake</package><version>1.7.9-r3</version><class>VulnerablePackage</class><msg>vulnerable via glsa(201310-15) ( ver &lt; 1.11.6 ), keywords ('alpha', 'amd64', 'arm', 'arm64', 'hppa', 'ia64', 'm68k', 'mips', 'ppc', 'ppc64', 's390', 'sh', 'sparc', 'sparc-fbsd', 'x86', 'x86-fbsd')</msg></result>
<result><category>sys-devel</category><package>automake</package><version>1.8.5-r5</version><class>VulnerablePackage</class><msg>vulnerable via glsa(201310-15) ( ver &lt; 1.11.6 ), keywords ('alpha', 'amd64', 'arm', 'arm64', 'hppa', 'ia64', 'm68k', 'mips', 'ppc', 'ppc64', 's390', 'sh', 'sparc', 'sparc-fbsd', 'x86', 'x86-fbsd')</msg></result>
<result><category>sys-devel</category><package>automake</package><version>1.9.6-r4</version><class>VulnerablePackage</class><msg>vulnerable via glsa(201310-15) ( ver &lt; 1.11.6 ), keywords ('alpha', 'amd64', 'amd64-fbsd', 'arm', 'arm64', 'hppa', 'ia64', 'm68k', 'mips', 'ppc', 'ppc64', 's390', 'sh', 'sparc', 'sparc-fbsd', 'x86', 'x86-fbsd')</msg></result>
<result><category>sys-devel</category><package>automake</package><version>1.10.3-r1</version><class>VulnerablePackage</class><msg>vulnerable via glsa(201310-15) ( ver &lt; 1.11.6 ), keywords ('alpha', 'amd64', 'amd64-fbsd', 'arm', 'arm64', 'hppa', 'ia64', 'm68k', 'mips', 'ppc', 'ppc64', 's390', 'sh', 'sparc', 'sparc-fbsd', 'x86', 'x86-fbsd')</msg></result>
<result><category>sys-devel</category><package>binutils-apple</package><version>3.1.2</version><class>BadInsIntoDir</class><msg>ebuild uses insinto /etc/env.d on line 203</msg></result>
<result><category>sys-devel</category><package>binutils-apple</package><version>3.2</version><class>BadInsIntoDir</class><msg>ebuild uses insinto /etc/env.d on line 223</msg></result>
<result><category>sys-devel</category><package>binutils-apple</package><version>3.2.6</version><class>BadInsIntoDir</class><msg>ebuild uses insinto /etc/env.d on line 243</msg></result>
<result><category>sys-devel</category><package>binutils-apple</package><version>4.2</version><class>BadInsIntoDir</class><msg>ebuild uses insinto /etc/env.d on line 301</msg></result>
<result><category>sys-devel</category><package>binutils-apple</package><version>4.2-r1</version><class>BadInsIntoDir</class><msg>ebuild uses insinto /etc/env.d on line 317</msg></result>
<result><category>sys-devel</category><package>binutils-apple</package><version>4.3</version><class>BadInsIntoDir</class><msg>ebuild uses insinto /etc/env.d on line 298</msg></result>
<result><category>sys-devel</category><package>binutils-apple</package><version>4.3-r1</version><class>BadInsIntoDir</class><msg>ebuild uses insinto /etc/env.d on line 305</msg></result>
<result><category>sys-devel</category><package>binutils-apple</package><version>5.1</version><class>BadInsIntoDir</class><msg>ebuild uses insinto /etc/env.d on line 345</msg></result>
<result><category>sys-devel</category><package>binutils-apple</package><version>6.1</version><class>BadInsIntoDir</class><msg>ebuild uses insinto /etc/env.d on line 344</msg></result>
<result><category>sys-devel</category><package>binutils-apple</package><version>6.3</version><class>BadInsIntoDir</class><msg>ebuild uses insinto /etc/env.d on line 336</msg></result>
<result><category>sys-devel</category><package>binutils-apple</package><class>SizeViolation</class><msg>"files/ld64-236.3-gcc.patch" exceeds 20k in size; 41867 bytes total</msg></result>
<result><category>sys-devel</category><package>binutils-apple</package><class>SizeViolation</class><msg>"files/ld64-236.3-noarm.patch" exceeds 20k in size; 37310 bytes total</msg></result>
<result><category>sys-devel</category><package>binutils-apple</package><class>SizeViolation</class><msg>"files/ld64-236.3-nosnapshots.patch" exceeds 20k in size; 23030 bytes total</msg></result>
<result><category>sys-devel</category><package>binutils-apple</package><class>SizeViolation</class><msg>"files/ld64-241.9-gcc.patch" exceeds 20k in size; 40446 bytes total</msg></result>
<result><category>sys-devel</category><package>binutils-apple</package><class>SizeViolation</class><msg>"files/ld64-241.9-noarm.patch" exceeds 20k in size; 39659 bytes total</msg></result>
<result><category>sys-devel</category><package>binutils-apple</package><class>SizeViolation</class><msg>"files/ld64-241.9-nosnapshots.patch" exceeds 20k in size; 23156 bytes total</msg></result>
<result><category>sys-devel</category><package>binutils-apple</package><class>SizeViolation</class><msg>"files/ld64-242-gcc.patch" exceeds 20k in size; 40987 bytes total</msg></result>
<result><category>sys-devel</category><package>binutils-apple</package><class>SizeViolation</class><msg>"files/ld64-242-noarm.patch" exceeds 20k in size; 37257 bytes total</msg></result>
<result><category>sys-devel</category><package>binutils-config</package><class>ExecutableFile</class><msg>"files/binutils-config-5" has unnecessary executable bit</msg></result>
<result><category>sys-devel</category><package>bison</package><class>SizeViolation</class><msg>"files/bison-3.0.4-optional-perl.patch" exceeds 20k in size; 21963 bytes total</msg></result>
<result><category>sys-devel</category><package>distcc</package><version>3.1-r10</version><class>MetadataError</class><msg>attr(fetchables): error- Metadata Exception: pkg ebuild src: sys-devel/distcc-3.1-r10, attr fetchables
error: Metadata Exception: pkg ebuild src: sys-devel/distcc-3.1-r10, attr data
error: False</msg></result>
<result><category>sys-devel</category><package>distcc</package><version>3.1-r10</version><class>MetadataError</class><msg>attr(depends): error- Metadata Exception: pkg ebuild src: sys-devel/distcc-3.1-r10, attr depends
error: Metadata Exception: pkg ebuild src: sys-devel/distcc-3.1-r10, attr data
error: False</msg></result>
<result><category>sys-devel</category><package>distcc</package><version>3.1-r10</version><class>MetadataError</class><msg>attr(rdepends): error- Metadata Exception: pkg ebuild src: sys-devel/distcc-3.1-r10, attr rdepends
error: Metadata Exception: pkg ebuild src: sys-devel/distcc-3.1-r10, attr data
error: False</msg></result>
<result><category>sys-devel</category><package>distcc</package><version>3.1-r10</version><class>MetadataError</class><msg>attr(post_rdepends): error- Metadata Exception: pkg ebuild src: sys-devel/distcc-3.1-r10, attr post_rdepends
error: Metadata Exception: pkg ebuild src: sys-devel/distcc-3.1-r10, attr data
error: False</msg></result>
<result><category>sys-devel</category><package>distcc</package><version>3.1-r10</version><class>MetadataError</class><msg>attr(license): error- Metadata Exception: pkg ebuild src: sys-devel/distcc-3.1-r10, attr license
error: Metadata Exception: pkg ebuild src: sys-devel/distcc-3.1-r10, attr data
error: False</msg></result>
<result><category>sys-devel</category><package>distcc</package><version>3.2_rc1-r4</version><class>MetadataError</class><msg>attr(fetchables): error- Metadata Exception: pkg ebuild src: sys-devel/distcc-3.2_rc1-r4, attr fetchables
error: Metadata Exception: pkg ebuild src: sys-devel/distcc-3.2_rc1-r4, attr data
error: False</msg></result>
<result><category>sys-devel</category><package>distcc</package><version>3.2_rc1-r4</version><class>MetadataError</class><msg>attr(depends): error- Metadata Exception: pkg ebuild src: sys-devel/distcc-3.2_rc1-r4, attr depends
error: Metadata Exception: pkg ebuild src: sys-devel/distcc-3.2_rc1-r4, attr data
error: False</msg></result>
<result><category>sys-devel</category><package>distcc</package><version>3.2_rc1-r4</version><class>MetadataError</class><msg>attr(rdepends): error- Metadata Exception: pkg ebuild src: sys-devel/distcc-3.2_rc1-r4, attr rdepends
error: Metadata Exception: pkg ebuild src: sys-devel/distcc-3.2_rc1-r4, attr data
error: False</msg></result>
<result><category>sys-devel</category><package>distcc</package><version>3.2_rc1-r4</version><class>MetadataError</class><msg>attr(post_rdepends): error- Metadata Exception: pkg ebuild src: sys-devel/distcc-3.2_rc1-r4, attr post_rdepends
error: Metadata Exception: pkg ebuild src: sys-devel/distcc-3.2_rc1-r4, attr data
error: False</msg></result>
<result><category>sys-devel</category><package>distcc</package><version>3.2_rc1-r4</version><class>MetadataError</class><msg>attr(license): error- Metadata Exception: pkg ebuild src: sys-devel/distcc-3.2_rc1-r4, attr license
error: Metadata Exception: pkg ebuild src: sys-devel/distcc-3.2_rc1-r4, attr data
error: False</msg></result>
<result><category>sys-devel</category><package>gcc</package><version>5.1.0</version><class>DroppedKeywordWarning</class><msg>keywords dropped: alpha, amd64, arm, arm64, hppa, ia64, m68k, mips, ppc, ppc64, s390, sh, sparc, x86</msg></result>
<result><category>sys-devel</category><package>gcc-apple</package><class>SizeViolation</class><msg>"files/gcc-apple-4.2.1_p5646-gfortran.patch" exceeds 20k in size; 38284 bytes total</msg></result>
<result><category>sys-devel</category><package>gcc-config</package><class>SizeViolation</class><msg>"files/gcc-config-1.4.1" exceeds 20k in size; 21603 bytes total</msg></result>
<result><category>sys-devel</category><package>gcc-config</package><class>SizeViolation</class><msg>"files/gcc-config-1.5.1" exceeds 20k in size; 20907 bytes total</msg></result>
<result><category>sys-devel</category><package>gdb</package><version>7.8.2</version><class>MetadataError</class><msg>attr(fetchables): error- Metadata Exception: pkg ebuild src: sys-devel/gdb-7.8.2, attr fetchables
error: Metadata Exception: pkg ebuild src: sys-devel/gdb-7.8.2, attr data
error: False</msg></result>
<result><category>sys-devel</category><package>gdb</package><version>7.8.2</version><class>MetadataError</class><msg>attr(depends): error- Metadata Exception: pkg ebuild src: sys-devel/gdb-7.8.2, attr depends
error: Metadata Exception: pkg ebuild src: sys-devel/gdb-7.8.2, attr data
error: False</msg></result>
<result><category>sys-devel</category><package>gdb</package><version>7.8.2</version><class>MetadataError</class><msg>attr(rdepends): error- Metadata Exception: pkg ebuild src: sys-devel/gdb-7.8.2, attr rdepends
error: Metadata Exception: pkg ebuild src: sys-devel/gdb-7.8.2, attr data
error: False</msg></result>
<result><category>sys-devel</category><package>gdb</package><version>7.8.2</version><class>MetadataError</class><msg>attr(post_rdepends): error- Metadata Exception: pkg ebuild src: sys-devel/gdb-7.8.2, attr post_rdepends
error: Metadata Exception: pkg ebuild src: sys-devel/gdb-7.8.2, attr data
error: False</msg></result>
<result><category>sys-devel</category><package>gdb</package><version>7.8.2</version><class>MetadataError</class><msg>attr(license): error- Metadata Exception: pkg ebuild src: sys-devel/gdb-7.8.2, attr license
error: Metadata Exception: pkg ebuild src: sys-devel/gdb-7.8.2, attr data
error: False</msg></result>
<result><category>sys-devel</category><package>gdb</package><version>7.9.1</version><class>MetadataError</class><msg>attr(fetchables): error- Metadata Exception: pkg ebuild src: sys-devel/gdb-7.9.1, attr fetchables
error: Metadata Exception: pkg ebuild src: sys-devel/gdb-7.9.1, attr data
error: False</msg></result>
<result><category>sys-devel</category><package>gdb</package><version>7.9.1</version><class>MetadataError</class><msg>attr(depends): error- Metadata Exception: pkg ebuild src: sys-devel/gdb-7.9.1, attr depends
error: Metadata Exception: pkg ebuild src: sys-devel/gdb-7.9.1, attr data
error: False</msg></result>
<result><category>sys-devel</category><package>gdb</package><version>7.9.1</version><class>MetadataError</class><msg>attr(rdepends): error- Metadata Exception: pkg ebuild src: sys-devel/gdb-7.9.1, attr rdepends
error: Metadata Exception: pkg ebuild src: sys-devel/gdb-7.9.1, attr data
error: False</msg></result>
<result><category>sys-devel</category><package>gdb</package><version>7.9.1</version><class>MetadataError</class><msg>attr(post_rdepends): error- Metadata Exception: pkg ebuild src: sys-devel/gdb-7.9.1, attr post_rdepends
error: Metadata Exception: pkg ebuild src: sys-devel/gdb-7.9.1, attr data
error: False</msg></result>
<result><category>sys-devel</category><package>gdb</package><version>7.9.1</version><class>MetadataError</class><msg>attr(license): error- Metadata Exception: pkg ebuild src: sys-devel/gdb-7.9.1, attr license
error: Metadata Exception: pkg ebuild src: sys-devel/gdb-7.9.1, attr data
error: False</msg></result>
<result><category>sys-devel</category><package>gdb</package><version>7.10-r1</version><class>MetadataError</class><msg>attr(fetchables): error- Metadata Exception: pkg ebuild src: sys-devel/gdb-7.10-r1, attr fetchables
error: Metadata Exception: pkg ebuild src: sys-devel/gdb-7.10-r1, attr data
error: False</msg></result>
<result><category>sys-devel</category><package>gdb</package><version>7.10-r1</version><class>MetadataError</class><msg>attr(depends): error- Metadata Exception: pkg ebuild src: sys-devel/gdb-7.10-r1, attr depends
error: Metadata Exception: pkg ebuild src: sys-devel/gdb-7.10-r1, attr data
error: False</msg></result>
<result><category>sys-devel</category><package>gdb</package><version>7.10-r1</version><class>MetadataError</class><msg>attr(rdepends): error- Metadata Exception: pkg ebuild src: sys-devel/gdb-7.10-r1, attr rdepends
error: Metadata Exception: pkg ebuild src: sys-devel/gdb-7.10-r1, attr data
error: False</msg></result>
<result><category>sys-devel</category><package>gdb</package><version>7.10-r1</version><class>MetadataError</class><msg>attr(post_rdepends): error- Metadata Exception: pkg ebuild src: sys-devel/gdb-7.10-r1, attr post_rdepends
error: Metadata Exception: pkg ebuild src: sys-devel/gdb-7.10-r1, attr data
error: False</msg></result>
<result><category>sys-devel</category><package>gdb</package><version>7.10-r1</version><class>MetadataError</class><msg>attr(license): error- Metadata Exception: pkg ebuild src: sys-devel/gdb-7.10-r1, attr license
error: Metadata Exception: pkg ebuild src: sys-devel/gdb-7.10-r1, attr data
error: False</msg></result>
<result><category>sys-devel</category><package>gdb</package><version>7.10.1</version><class>MetadataError</class><msg>attr(fetchables): error- Metadata Exception: pkg ebuild src: sys-devel/gdb-7.10.1, attr fetchables
error: Metadata Exception: pkg ebuild src: sys-devel/gdb-7.10.1, attr data
error: False</msg></result>
<result><category>sys-devel</category><package>gdb</package><version>7.10.1</version><class>MetadataError</class><msg>attr(depends): error- Metadata Exception: pkg ebuild src: sys-devel/gdb-7.10.1, attr depends
error: Metadata Exception: pkg ebuild src: sys-devel/gdb-7.10.1, attr data
error: False</msg></result>
<result><category>sys-devel</category><package>gdb</package><version>7.10.1</version><class>MetadataError</class><msg>attr(rdepends): error- Metadata Exception: pkg ebuild src: sys-devel/gdb-7.10.1, attr rdepends
error: Metadata Exception: pkg ebuild src: sys-devel/gdb-7.10.1, attr data
error: False</msg></result>
<result><category>sys-devel</category><package>gdb</package><version>7.10.1</version><class>MetadataError</class><msg>attr(post_rdepends): error- Metadata Exception: pkg ebuild src: sys-devel/gdb-7.10.1, attr post_rdepends
error: Metadata Exception: pkg ebuild src: sys-devel/gdb-7.10.1, attr data
error: False</msg></result>
<result><category>sys-devel</category><package>gdb</package><version>7.10.1</version><class>MetadataError</class><msg>attr(license): error- Metadata Exception: pkg ebuild src: sys-devel/gdb-7.10.1, attr license
error: Metadata Exception: pkg ebuild src: sys-devel/gdb-7.10.1, attr data
error: False</msg></result>
<result><category>sys-devel</category><package>gdb</package><version>9999</version><class>MetadataError</class><msg>attr(fetchables): error- Metadata Exception: pkg ebuild src: sys-devel/gdb-9999, attr fetchables
error: Metadata Exception: pkg ebuild src: sys-devel/gdb-9999, attr data
error: False</msg></result>
<result><category>sys-devel</category><package>gdb</package><version>9999</version><class>MetadataError</class><msg>attr(depends): error- Metadata Exception: pkg ebuild src: sys-devel/gdb-9999, attr depends
error: Metadata Exception: pkg ebuild src: sys-devel/gdb-9999, attr data
error: False</msg></result>
<result><category>sys-devel</category><package>gdb</package><version>9999</version><class>MetadataError</class><msg>attr(rdepends): error- Metadata Exception: pkg ebuild src: sys-devel/gdb-9999, attr rdepends
error: Metadata Exception: pkg ebuild src: sys-devel/gdb-9999, attr data
error: False</msg></result>
<result><category>sys-devel</category><package>gdb</package><version>9999</version><class>MetadataError</class><msg>attr(post_rdepends): error- Metadata Exception: pkg ebuild src: sys-devel/gdb-9999, attr post_rdepends
error: Metadata Exception: pkg ebuild src: sys-devel/gdb-9999, attr data
error: False</msg></result>
<result><category>sys-devel</category><package>gdb</package><version>9999</version><class>MetadataError</class><msg>attr(license): error- Metadata Exception: pkg ebuild src: sys-devel/gdb-9999, attr license
error: Metadata Exception: pkg ebuild src: sys-devel/gdb-9999, attr data
error: False</msg></result>
<result><category>sys-devel</category><package>kgcc64</package><version>4.3.5</version><class>DroppedKeywordWarning</class><msg>keywords dropped: s390</msg></result>
<result><category>sys-devel</category><package>kgcc64</package><version>4.8.1</version><class>DroppedKeywordWarning</class><msg>keywords dropped: mips</msg></result>
<result><category>sys-devel</category><package>kgcc64</package><version>4.9.1</version><class>DroppedKeywordWarning</class><msg>keywords dropped: sparc</msg></result>
<result><category>sys-devel</category><package>llvm</package><version>9999</version><class>MetadataError</class><msg>attr(fetchables): error- Metadata Exception: pkg ebuild src: sys-devel/llvm-9999, attr fetchables
error: Metadata Exception: pkg ebuild src: sys-devel/llvm-9999, attr data
error: False</msg></result>
<result><category>sys-devel</category><package>llvm</package><version>9999</version><class>MetadataError</class><msg>attr(depends): error- Metadata Exception: pkg ebuild src: sys-devel/llvm-9999, attr depends
error: Metadata Exception: pkg ebuild src: sys-devel/llvm-9999, attr data
error: False</msg></result>
<result><category>sys-devel</category><package>llvm</package><version>9999</version><class>MetadataError</class><msg>attr(rdepends): error- Metadata Exception: pkg ebuild src: sys-devel/llvm-9999, attr rdepends
error: Metadata Exception: pkg ebuild src: sys-devel/llvm-9999, attr data
error: False</msg></result>
<result><category>sys-devel</category><package>llvm</package><version>9999</version><class>MetadataError</class><msg>attr(post_rdepends): error- Metadata Exception: pkg ebuild src: sys-devel/llvm-9999, attr post_rdepends
error: Metadata Exception: pkg ebuild src: sys-devel/llvm-9999, attr data
error: False</msg></result>
<result><category>sys-devel</category><package>llvm</package><version>9999</version><class>MetadataError</class><msg>attr(license): error- Metadata Exception: pkg ebuild src: sys-devel/llvm-9999, attr license
error: Metadata Exception: pkg ebuild src: sys-devel/llvm-9999, attr data
error: False</msg></result>
<result><category>sys-devel</category><package>native-cctools</package><version>1</version><class>BadInsIntoDir</class><msg>ebuild uses insinto /etc/env.d on line 96</msg></result>
<result><category>sys-devel</category><package>native-cctools</package><version>2</version><class>BadInsIntoDir</class><msg>ebuild uses insinto /etc/env.d on line 96</msg></result>
<result><category>sys-devel</category><package>native-cctools</package><version>4</version><class>BadInsIntoDir</class><msg>ebuild uses insinto /etc/env.d on line 99</msg></result>
<result><category>app-arch</category><package>cfv</package><version>1.18.3-r1</version><class>MetadataError</class><msg>attr(fetchables): error- Metadata Exception: pkg ebuild src: app-arch/cfv-1.18.3-r1, attr fetchables
error: Metadata Exception: pkg ebuild src: app-arch/cfv-1.18.3-r1, attr data
error: False</msg></result>
<result><category>app-arch</category><package>cfv</package><version>1.18.3-r1</version><class>MetadataError</class><msg>attr(depends): error- Metadata Exception: pkg ebuild src: app-arch/cfv-1.18.3-r1, attr depends
error: Metadata Exception: pkg ebuild src: app-arch/cfv-1.18.3-r1, attr data
error: False</msg></result>
<result><category>app-arch</category><package>cfv</package><version>1.18.3-r1</version><class>MetadataError</class><msg>attr(rdepends): error- Metadata Exception: pkg ebuild src: app-arch/cfv-1.18.3-r1, attr rdepends
error: Metadata Exception: pkg ebuild src: app-arch/cfv-1.18.3-r1, attr data
error: False</msg></result>
<result><category>app-arch</category><package>cfv</package><version>1.18.3-r1</version><class>MetadataError</class><msg>attr(post_rdepends): error- Metadata Exception: pkg ebuild src: app-arch/cfv-1.18.3-r1, attr post_rdepends
error: Metadata Exception: pkg ebuild src: app-arch/cfv-1.18.3-r1, attr data
error: False</msg></result>
<result><category>app-arch</category><package>cfv</package><version>1.18.3-r1</version><class>MetadataError</class><msg>attr(license): error- Metadata Exception: pkg ebuild src: app-arch/cfv-1.18.3-r1, attr license
error: Metadata Exception: pkg ebuild src: app-arch/cfv-1.18.3-r1, attr data
error: False</msg></result>
<result><category>app-arch</category><package>createrepo</package><version>0.10.3</version><class>MetadataError</class><msg>attr(fetchables): error- Metadata Exception: pkg ebuild src: app-arch/createrepo-0.10.3, attr fetchables
error: Metadata Exception: pkg ebuild src: app-arch/createrepo-0.10.3, attr data
error: False</msg></result>
<result><category>app-arch</category><package>createrepo</package><version>0.10.3</version><class>MetadataError</class><msg>attr(depends): error- Metadata Exception: pkg ebuild src: app-arch/createrepo-0.10.3, attr depends
error: Metadata Exception: pkg ebuild src: app-arch/createrepo-0.10.3, attr data
error: False</msg></result>
<result><category>app-arch</category><package>createrepo</package><version>0.10.3</version><class>MetadataError</class><msg>attr(rdepends): error- Metadata Exception: pkg ebuild src: app-arch/createrepo-0.10.3, attr rdepends
error: Metadata Exception: pkg ebuild src: app-arch/createrepo-0.10.3, attr data
error: False</msg></result>
<result><category>app-arch</category><package>createrepo</package><version>0.10.3</version><class>MetadataError</class><msg>attr(post_rdepends): error- Metadata Exception: pkg ebuild src: app-arch/createrepo-0.10.3, attr post_rdepends
error: Metadata Exception: pkg ebuild src: app-arch/createrepo-0.10.3, attr data
error: False</msg></result>
<result><category>app-arch</category><package>createrepo</package><version>0.10.3</version><class>MetadataError</class><msg>attr(license): error- Metadata Exception: pkg ebuild src: app-arch/createrepo-0.10.3, attr license
error: Metadata Exception: pkg ebuild src: app-arch/createrepo-0.10.3, attr data
error: False</msg></result>
<result><category>app-arch</category><package>deltarpm</package><version>3.6_pre20110223-r1</version><class>MetadataError</class><msg>attr(fetchables): error- Metadata Exception: pkg ebuild src: app-arch/deltarpm-3.6_pre20110223-r1, attr fetchables
error: Metadata Exception: pkg ebuild src: app-arch/deltarpm-3.6_pre20110223-r1, attr data
error: False</msg></result>
<result><category>app-arch</category><package>deltarpm</package><version>3.6_pre20110223-r1</version><class>MetadataError</class><msg>attr(depends): error- Metadata Exception: pkg ebuild src: app-arch/deltarpm-3.6_pre20110223-r1, attr depends
error: Metadata Exception: pkg ebuild src: app-arch/deltarpm-3.6_pre20110223-r1, attr data
error: False</msg></result>
<result><category>app-arch</category><package>deltarpm</package><version>3.6_pre20110223-r1</version><class>MetadataError</class><msg>attr(rdepends): error- Metadata Exception: pkg ebuild src: app-arch/deltarpm-3.6_pre20110223-r1, attr rdepends
error: Metadata Exception: pkg ebuild src: app-arch/deltarpm-3.6_pre20110223-r1, attr data
error: False</msg></result>
<result><category>app-arch</category><package>deltarpm</package><version>3.6_pre20110223-r1</version><class>MetadataError</class><msg>attr(post_rdepends): error- Metadata Exception: pkg ebuild src: app-arch/deltarpm-3.6_pre20110223-r1, attr post_rdepends
error: Metadata Exception: pkg ebuild src: app-arch/deltarpm-3.6_pre20110223-r1, attr data
error: False</msg></result>
<result><category>app-arch</category><package>deltarpm</package><version>3.6_pre20110223-r1</version><class>MetadataError</class><msg>attr(license): error- Metadata Exception: pkg ebuild src: app-arch/deltarpm-3.6_pre20110223-r1, attr license
error: Metadata Exception: pkg ebuild src: app-arch/deltarpm-3.6_pre20110223-r1, attr data
error: False</msg></result>
<result><category>app-arch</category><package>rpm</package><version>4.11.0.1</version><class>MetadataError</class><msg>attr(fetchables): error- Metadata Exception: pkg ebuild src: app-arch/rpm-4.11.0.1, attr fetchables
error: Metadata Exception: pkg ebuild src: app-arch/rpm-4.11.0.1, attr data
error: False</msg></result>
<result><category>app-arch</category><package>rpm</package><version>4.11.0.1</version><class>MetadataError</class><msg>attr(depends): error- Metadata Exception: pkg ebuild src: app-arch/rpm-4.11.0.1, attr depends
error: Metadata Exception: pkg ebuild src: app-arch/rpm-4.11.0.1, attr data
error: False</msg></result>
<result><category>app-arch</category><package>rpm</package><version>4.11.0.1</version><class>MetadataError</class><msg>attr(rdepends): error- Metadata Exception: pkg ebuild src: app-arch/rpm-4.11.0.1, attr rdepends
error: Metadata Exception: pkg ebuild src: app-arch/rpm-4.11.0.1, attr data
error: False</msg></result>
<result><category>app-arch</category><package>rpm</package><version>4.11.0.1</version><class>MetadataError</class><msg>attr(post_rdepends): error- Metadata Exception: pkg ebuild src: app-arch/rpm-4.11.0.1, attr post_rdepends
error: Metadata Exception: pkg ebuild src: app-arch/rpm-4.11.0.1, attr data
error: False</msg></result>
<result><category>app-arch</category><package>rpm</package><version>4.11.0.1</version><class>MetadataError</class><msg>attr(license): error- Metadata Exception: pkg ebuild src: app-arch/rpm-4.11.0.1, attr license
error: Metadata Exception: pkg ebuild src: app-arch/rpm-4.11.0.1, attr data
error: False</msg></result>
<result><category>app-arch</category><package>rpm</package><version>4.11.1</version><class>MetadataError</class><msg>attr(fetchables): error- Metadata Exception: pkg ebuild src: app-arch/rpm-4.11.1, attr fetchables
error: Metadata Exception: pkg ebuild src: app-arch/rpm-4.11.1, attr data
error: False</msg></result>
<result><category>app-arch</category><package>rpm</package><version>4.11.1</version><class>MetadataError</class><msg>attr(depends): error- Metadata Exception: pkg ebuild src: app-arch/rpm-4.11.1, attr depends
error: Metadata Exception: pkg ebuild src: app-arch/rpm-4.11.1, attr data
error: False</msg></result>
<result><category>app-arch</category><package>rpm</package><version>4.11.1</version><class>MetadataError</class><msg>attr(rdepends): error- Metadata Exception: pkg ebuild src: app-arch/rpm-4.11.1, attr rdepends
error: Metadata Exception: pkg ebuild src: app-arch/rpm-4.11.1, attr data
error: False</msg></result>
<result><category>app-arch</category><package>rpm</package><version>4.11.1</version><class>MetadataError</class><msg>attr(post_rdepends): error- Metadata Exception: pkg ebuild src: app-arch/rpm-4.11.1, attr post_rdepends
error: Metadata Exception: pkg ebuild src: app-arch/rpm-4.11.1, attr data
error: False</msg></result>
<result><category>app-arch</category><package>rpm</package><version>4.11.1</version><class>MetadataError</class><msg>attr(license): error- Metadata Exception: pkg ebuild src: app-arch/rpm-4.11.1, attr license
error: Metadata Exception: pkg ebuild src: app-arch/rpm-4.11.1, attr data
error: False</msg></result>
<result><category>app-arch</category><package>rpm</package><version>4.11.2</version><class>MetadataError</class><msg>attr(fetchables): error- Metadata Exception: pkg ebuild src: app-arch/rpm-4.11.2, attr fetchables
error: Metadata Exception: pkg ebuild src: app-arch/rpm-4.11.2, attr data
error: False</msg></result>
<result><category>app-arch</category><package>rpm</package><version>4.11.2</version><class>MetadataError</class><msg>attr(depends): error- Metadata Exception: pkg ebuild src: app-arch/rpm-4.11.2, attr depends
error: Metadata Exception: pkg ebuild src: app-arch/rpm-4.11.2, attr data
error: False</msg></result>
<result><category>app-arch</category><package>rpm</package><version>4.11.2</version><class>MetadataError</class><msg>attr(rdepends): error- Metadata Exception: pkg ebuild src: app-arch/rpm-4.11.2, attr rdepends
error: Metadata Exception: pkg ebuild src: app-arch/rpm-4.11.2, attr data
error: False</msg></result>
<result><category>app-arch</category><package>rpm</package><version>4.11.2</version><class>MetadataError</class><msg>attr(post_rdepends): error- Metadata Exception: pkg ebuild src: app-arch/rpm-4.11.2, attr post_rdepends
error: Metadata Exception: pkg ebuild src: app-arch/rpm-4.11.2, attr data
error: False</msg></result>
<result><category>app-arch</category><package>rpm</package><version>4.11.2</version><class>MetadataError</class><msg>attr(license): error- Metadata Exception: pkg ebuild src: app-arch/rpm-4.11.2, attr license
error: Metadata Exception: pkg ebuild src: app-arch/rpm-4.11.2, attr data
error: False</msg></result>
<result><category>app-arch</category><package>rpm</package><version>4.11.2-r1</version><class>MetadataError</class><msg>attr(fetchables): error- Metadata Exception: pkg ebuild src: app-arch/rpm-4.11.2-r1, attr fetchables
error: Metadata Exception: pkg ebuild src: app-arch/rpm-4.11.2-r1, attr data
error: False</msg></result>
<result><category>app-arch</category><package>rpm</package><version>4.11.2-r1</version><class>MetadataError</class><msg>attr(depends): error- Metadata Exception: pkg ebuild src: app-arch/rpm-4.11.2-r1, attr depends
error: Metadata Exception: pkg ebuild src: app-arch/rpm-4.11.2-r1, attr data
error: False</msg></result>
<result><category>app-arch</category><package>rpm</package><version>4.11.2-r1</version><class>MetadataError</class><msg>attr(rdepends): error- Metadata Exception: pkg ebuild src: app-arch/rpm-4.11.2-r1, attr rdepends
error: Metadata Exception: pkg ebuild src: app-arch/rpm-4.11.2-r1, attr data
error: False</msg></result>
<result><category>app-arch</category><package>rpm</package><version>4.11.2-r1</version><class>MetadataError</class><msg>attr(post_rdepends): error- Metadata Exception: pkg ebuild src: app-arch/rpm-4.11.2-r1, attr post_rdepends
error: Metadata Exception: pkg ebuild src: app-arch/rpm-4.11.2-r1, attr data
error: False</msg></result>
<result><category>app-arch</category><package>rpm</package><version>4.11.2-r1</version><class>MetadataError</class><msg>attr(license): error- Metadata Exception: pkg ebuild src: app-arch/rpm-4.11.2-r1, attr license
error: Metadata Exception: pkg ebuild src: app-arch/rpm-4.11.2-r1, attr data
error: False</msg></result>
<result><category>app-arch</category><package>rpm</package><version>4.12.0.1</version><class>MetadataError</class><msg>attr(fetchables): error- Metadata Exception: pkg ebuild src: app-arch/rpm-4.12.0.1, attr fetchables
error: Metadata Exception: pkg ebuild src: app-arch/rpm-4.12.0.1, attr data
error: False</msg></result>
<result><category>app-arch</category><package>rpm</package><version>4.12.0.1</version><class>MetadataError</class><msg>attr(depends): error- Metadata Exception: pkg ebuild src: app-arch/rpm-4.12.0.1, attr depends
error: Metadata Exception: pkg ebuild src: app-arch/rpm-4.12.0.1, attr data
error: False</msg></result>
<result><category>app-arch</category><package>rpm</package><version>4.12.0.1</version><class>MetadataError</class><msg>attr(rdepends): error- Metadata Exception: pkg ebuild src: app-arch/rpm-4.12.0.1, attr rdepends
error: Metadata Exception: pkg ebuild src: app-arch/rpm-4.12.0.1, attr data
error: False</msg></result>
<result><category>app-arch</category><package>rpm</package><version>4.12.0.1</version><class>MetadataError</class><msg>attr(post_rdepends): error- Metadata Exception: pkg ebuild src: app-arch/rpm-4.12.0.1, attr post_rdepends
error: Metadata Exception: pkg ebuild src: app-arch/rpm-4.12.0.1, attr data
error: False</msg></result>
<result><category>app-arch</category><package>rpm</package><version>4.12.0.1</version><class>MetadataError</class><msg>attr(license): error- Metadata Exception: pkg ebuild src: app-arch/rpm-4.12.0.1, attr license
error: Metadata Exception: pkg ebuild src: app-arch/rpm-4.12.0.1, attr data
error: False</msg></result>
<result><category>app-arch</category><package>tar</package><class>SizeViolation</class><msg>"files/tar-1.26-xattr.patch" exceeds 20k in size; 29828 bytes total</msg></result>
<result><category>app-arch</category><package>threadzip</package><version>1.2-r1</version><class>MetadataError</class><msg>attr(fetchables): error- Metadata Exception: pkg ebuild src: app-arch/threadzip-1.2-r1, attr fetchables
error: Metadata Exception: pkg ebuild src: app-arch/threadzip-1.2-r1, attr data
error: False</msg></result>
<result><category>app-arch</category><package>threadzip</package><version>1.2-r1</version><class>MetadataError</class><msg>attr(depends): error- Metadata Exception: pkg ebuild src: app-arch/threadzip-1.2-r1, attr depends
error: Metadata Exception: pkg ebuild src: app-arch/threadzip-1.2-r1, attr data
error: False</msg></result>
<result><category>app-arch</category><package>threadzip</package><version>1.2-r1</version><class>MetadataError</class><msg>attr(rdepends): error- Metadata Exception: pkg ebuild src: app-arch/threadzip-1.2-r1, attr rdepends
error: Metadata Exception: pkg ebuild src: app-arch/threadzip-1.2-r1, attr data
error: False</msg></result>
<result><category>app-arch</category><package>threadzip</package><version>1.2-r1</version><class>MetadataError</class><msg>attr(post_rdepends): error- Metadata Exception: pkg ebuild src: app-arch/threadzip-1.2-r1, attr post_rdepends
error: Metadata Exception: pkg ebuild src: app-arch/threadzip-1.2-r1, attr data
error: False</msg></result>
<result><category>app-arch</category><package>threadzip</package><version>1.2-r1</version><class>MetadataError</class><msg>attr(license): error- Metadata Exception: pkg ebuild src: app-arch/threadzip-1.2-r1, attr license
error: Metadata Exception: pkg ebuild src: app-arch/threadzip-1.2-r1, attr data
error: False</msg></result>
<result><category>app-arch</category><package>unrar-gpl</package><version>0.0.1_p20080417-r2</version><class>NonExistentDeps</class><msg>depset depends: nonexistent atoms [ dev-libs/argp ]</msg></result>
<result><category>app-arch</category><package>unrpa</package><version>1.4.1</version><class>MetadataError</class><msg>attr(fetchables): error- Metadata Exception: pkg ebuild src: app-arch/unrpa-1.4.1, attr fetchables
error: Metadata Exception: pkg ebuild src: app-arch/unrpa-1.4.1, attr data
error: False</msg></result>
<result><category>app-arch</category><package>unrpa</package><version>1.4.1</version><class>MetadataError</class><msg>attr(depends): error- Metadata Exception: pkg ebuild src: app-arch/unrpa-1.4.1, attr depends
error: Metadata Exception: pkg ebuild src: app-arch/unrpa-1.4.1, attr data
error: False</msg></result>
<result><category>app-arch</category><package>unrpa</package><version>1.4.1</version><class>MetadataError</class><msg>attr(rdepends): error- Metadata Exception: pkg ebuild src: app-arch/unrpa-1.4.1, attr rdepends
error: Metadata Exception: pkg ebuild src: app-arch/unrpa-1.4.1, attr data
error: False</msg></result>
<result><category>app-arch</category><package>unrpa</package><version>1.4.1</version><class>MetadataError</class><msg>attr(post_rdepends): error- Metadata Exception: pkg ebuild src: app-arch/unrpa-1.4.1, attr post_rdepends
error: Metadata Exception: pkg ebuild src: app-arch/unrpa-1.4.1, attr data
error: False</msg></result>
<result><category>app-arch</category><package>unrpa</package><version>1.4.1</version><class>MetadataError</class><msg>attr(license): error- Metadata Exception: pkg ebuild src: app-arch/unrpa-1.4.1, attr license
error: Metadata Exception: pkg ebuild src: app-arch/unrpa-1.4.1, attr data
error: False</msg></result>
<result><category>app-arch</category><package>unrpa</package><version>9999</version><class>MetadataError</class><msg>attr(fetchables): error- Metadata Exception: pkg ebuild src: app-arch/unrpa-9999, attr fetchables
error: Metadata Exception: pkg ebuild src: app-arch/unrpa-9999, attr data
error: False</msg></result>
<result><category>app-arch</category><package>unrpa</package><version>9999</version><class>MetadataError</class><msg>attr(depends): error- Metadata Exception: pkg ebuild src: app-arch/unrpa-9999, attr depends
error: Metadata Exception: pkg ebuild src: app-arch/unrpa-9999, attr data
error: False</msg></result>
<result><category>app-arch</category><package>unrpa</package><version>9999</version><class>MetadataError</class><msg>attr(rdepends): error- Metadata Exception: pkg ebuild src: app-arch/unrpa-9999, attr rdepends
error: Metadata Exception: pkg ebuild src: app-arch/unrpa-9999, attr data
error: False</msg></result>
<result><category>app-arch</category><package>unrpa</package><version>9999</version><class>MetadataError</class><msg>attr(post_rdepends): error- Metadata Exception: pkg ebuild src: app-arch/unrpa-9999, attr post_rdepends
error: Metadata Exception: pkg ebuild src: app-arch/unrpa-9999, attr data
error: False</msg></result>
<result><category>app-arch</category><package>unrpa</package><version>9999</version><class>MetadataError</class><msg>attr(license): error- Metadata Exception: pkg ebuild src: app-arch/unrpa-9999, attr license
error: Metadata Exception: pkg ebuild src: app-arch/unrpa-9999, attr data
error: False</msg></result>
<result><category>games-fps</category><package>alienarena</package><version>20130207</version><class>MissingSlotDep</class><msg>'virtual/jpeg' matches more than one slot: [ 0, 62 ]</msg></result>
<result><category>games-fps</category><package>darkplaces</package><version>20130304</version><class>MissingSlotDep</class><msg>'virtual/jpeg' matches more than one slot: [ 0, 62 ]</msg></result>
<result><category>games-fps</category><package>doom3-cdoom</package><version>1.3.1</version><class>MissingChksum</class><msg>"classic_doom_3_131.zip" missing required chksums: sha512, whirlpool; has chksums: sha256, size</msg></result>
<result><category>games-fps</category><package>doom3-chextrek</package><version>0.52</version><class>MissingChksum</class><msg>"chextrek_beta_052.zip" missing required chksums: sha512, whirlpool; has chksums: sha256, size</msg></result>
<result><category>games-fps</category><package>doom3-hellcampaign</package><version>1-r1</version><class>MissingChksum</class><msg>"sp_hc_final.zip" missing required chksums: sha512, whirlpool; has chksums: sha256, size</msg></result>
<result><category>games-fps</category><package>doom3-hellcampaign</package><version>1-r1</version><class>MissingChksum</class><msg>"hardcorehellcampaign_patch.zip" missing required chksums: sha512, whirlpool; has chksums: sha256, size</msg></result>
<result><category>games-fps</category><package>doom3-inhell</package><version>1.1-r1</version><class>MissingChksum</class><msg>"in_hell_v11.zip" missing required chksums: sha512, whirlpool; has chksums: sha256, size</msg></result>
<result><category>games-fps</category><package>doom3-lms</package><version>4</version><class>MissingChksum</class><msg>"LastManStandingCoop4Multiplatform.zip" missing required chksums: sha512, whirlpool; has chksums: sha256, size</msg></result>
<result><category>games-fps</category><package>doom3-mitm</package><version>20070129</version><class>MissingChksum</class><msg>"mitm_4.zip" missing required chksums: sha512, whirlpool; has chksums: sha256, size</msg></result>
<result><category>games-fps</category><package>doom3-mitm</package><version>20070129</version><class>MissingChksum</class><msg>"mitm5.zip" missing required chksums: sha512, whirlpool; has chksums: sha256, size</msg></result>
<result><category>games-fps</category><package>doomsday</package><version>1.14.5</version><class>MissingSlotDep</class><msg>'sys-libs/ncurses' matches more than one slot: [ 0, 5 ]</msg></result>
<result><category>games-fps</category><package>duke3d-data</package><version>1.0-r3</version><class>MissingUri</class><msg>file gog_duke_nukem_3d_atomic_edition_2.0.0.8.sh is unfetchable- no URI available, and RESTRICT=fetch isn't set</msg></result>
<result><category>games-fps</category><package>nexuiz</package><version>2.5.2</version><class>MissingSlotDep</class><msg>'virtual/jpeg' matches more than one slot: [ 0, 62 ]</msg></result>
<result><category>games-fps</category><package>openarena</package><version>0.8.8</version><class>MissingSlotDep</class><msg>'virtual/jpeg' matches more than one slot: [ 0, 62 ]</msg></result>
<result><category>games-fps</category><package>quake3-nsco</package><version>1.93-r1</version><class>MissingChksum</class><msg>"nsco_beta191a.zip" missing required chksums: sha512, whirlpool; has chksums: rmd160, sha1, sha256, size</msg></result>
<result><category>games-fps</category><package>quake3-nsco</package><version>1.93-r1</version><class>MissingChksum</class><msg>"nsco_beta193upd.zip" missing required chksums: sha512, whirlpool; has chksums: rmd160, sha1, sha256, size</msg></result>
<result><category>games-fps</category><package>qudos</package><version>0.40.1</version><class>MissingSlotDep</class><msg>'media-libs/libpng' matches more than one slot: [ 0, 1.2, 1.5 ]</msg></result>
<result><category>games-fps</category><package>qudos</package><version>0.40.1</version><class>MissingSlotDep</class><msg>'virtual/jpeg' matches more than one slot: [ 0, 62 ]</msg></result>
<result><category>games-fps</category><package>ut2003-bonuspack-cm</package><version>1</version><class>MissingChksum</class><msg>"cbp2003.zip" missing required chksums: sha512, whirlpool; has chksums: rmd160, sha1, sha256, size</msg></result>
<result><category>games-fps</category><package>ut2003-bonuspack-de</package><version>1</version><class>MissingChksum</class><msg>"debonus.ut2mod.zip" missing required chksums: sha512, whirlpool; has chksums: rmd160, sha1, sha256, size</msg></result>
<result><category>games-fps</category><package>ut2003-bonuspack-epic</package><version>1</version><class>MissingChksum</class><msg>"UT2003-epicbonuspackone.exe" missing required chksums: sha512, whirlpool; has chksums: rmd160, sha1, sha256, size</msg></result>
<result><category>games-fps</category><package>ut2004-action</package><version>1</version><class>MissingChksum</class><msg>"aut-r1-msuc.zip" missing required chksums: sha512, whirlpool; has chksums: rmd160, sha1, sha256, size</msg></result>
<result><category>games-fps</category><package>ut2004-airbuccaneers</package><version>1.6-r2</version><class>MissingChksum</class><msg>"airbuccaneers1_6_zipinstall.zip" missing required chksums: sha512, whirlpool; has chksums: rmd160, sha1, sha256, size</msg></result>
<result><category>games-fps</category><package>ut2004-alienswarm</package><version>1.32</version><class>MissingChksum</class><msg>"AlienSwarm-v13.zip" missing required chksums: sha512, whirlpool; has chksums: rmd160, sha1, sha256, size</msg></result>
<result><category>games-fps</category><package>ut2004-alienswarm</package><version>1.32</version><class>MissingChksum</class><msg>"phalanxaswcampaign10.zip" missing required chksums: sha512, whirlpool; has chksums: rmd160, sha1, sha256, size</msg></result>
<result><category>games-fps</category><package>ut2004-alienswarm</package><version>1.32</version><class>MissingChksum</class><msg>"TelicCampaign_1_1.zip" missing required chksums: sha512, whirlpool; has chksums: rmd160, sha1, sha256, size</msg></result>
<result><category>games-fps</category><package>ut2004-alienswarm</package><version>1.32</version><class>MissingChksum</class><msg>"AlienSwarm_13_or_131_to_132_Patch.zip" missing required chksums: sha512, whirlpool; has chksums: rmd160, sha1, sha256, size</msg></result>
<result><category>games-fps</category><package>ut2004-bonuspack-cbp2</package><version>1-r2</version><class>MissingChksum</class><msg>"cbp2-volume1_zip.zip" missing required chksums: sha512, whirlpool; has chksums: rmd160, sha1, sha256, size</msg></result>
<result><category>games-fps</category><package>ut2004-bonuspack-cbp2</package><version>1-r2</version><class>MissingChksum</class><msg>"cbp2-volume2_zip.zip" missing required chksums: sha512, whirlpool; has chksums: rmd160, sha1, sha256, size</msg></result>
<result><category>games-fps</category><package>ut2004-cor</package><version>1.01-r1</version><class>MissingChksum</class><msg>"COR_Beta_v1.0.zip" missing required chksums: sha512, whirlpool; has chksums: rmd160, sha1, sha256, size</msg></result>
<result><category>games-fps</category><package>ut2004-cor</package><version>1.01-r1</version><class>MissingChksum</class><msg>"COR_Patch_B1.0_to_B1.01.zip" missing required chksums: sha512, whirlpool; has chksums: rmd160, sha1, sha256, size</msg></result>
<result><category>games-fps</category><package>ut2004-crossfire</package><version>1.95</version><class>MissingChksum</class><msg>"TOCrossfire_beta_1.95_full.zip" missing required chksums: sha512, whirlpool; has chksums: sha256, size</msg></result>
<result><category>games-fps</category><package>ut2004-deathball</package><version>2.4w</version><class>MissingChksum</class><msg>"deathball24w.zip" missing required chksums: sha512, whirlpool; has chksums: rmd160, sha1, sha256, size</msg></result>
<result><category>games-fps</category><package>ut2004-fragops</package><version>2.20</version><class>MissingChksum</class><msg>"FragOps_v220_FullLMW.zip" missing required chksums: sha512, whirlpool; has chksums: rmd160, sha1, sha256, size</msg></result>
<result><category>games-fps</category><package>ut2004-hamsterbash</package><version>1</version><class>MissingChksum</class><msg>"HamsterBashFinal.zip" missing required chksums: sha512, whirlpool; has chksums: sha256, size</msg></result>
<result><category>games-fps</category><package>ut2004-muralis</package><version>1.15</version><class>MissingChksum</class><msg>"muralis-v1.15-zip.zip" missing required chksums: sha512, whirlpool; has chksums: sha256, size</msg></result>
<result><category>games-fps</category><package>ut2004-strikeforce</package><version>4.1</version><class>MissingChksum</class><msg>"StrikeForce-CE-V4.1.zip" missing required chksums: sha512, whirlpool; has chksums: rmd160, sha1, sha256, size</msg></result>
<result><category>games-fps</category><package>ut2004-troopers</package><version>6.0</version><class>MissingChksum</class><msg>"troopersversion60zip.zip" missing required chksums: sha512, whirlpool; has chksums: rmd160, sha1, sha256, size</msg></result>
<result><category>games-fps</category><package>ut2004-ultraduel</package><version>2.1</version><class>MissingChksum</class><msg>"1on1-Ultra-Duel-2K4.zip" missing required chksums: sha512, whirlpool; has chksums: rmd160, sha1, sha256, size</msg></result>
<result><category>games-fps</category><package>ut2004-ultraduel</package><version>2.1</version><class>MissingChksum</class><msg>"1on1-Ultra-Duel-2K4_Patch21.zip" missing required chksums: sha512, whirlpool; has chksums: rmd160, sha1, sha256, size</msg></result>
<result><category>games-fps</category><package>ut2004-unwheel</package><version>0_beta5</version><class>MissingChksum</class><msg>"unwheel_r5.zip" missing required chksums: sha512, whirlpool; has chksums: sha256, size</msg></result>
<result><category>games-fps</category><package>ut2004-unwheel</package><version>0_beta5</version><class>MissingChksum</class><msg>"UnWheel-R5_BonusPack-Volume_1.zip" missing required chksums: sha512, whirlpool; has chksums: sha256, size</msg></result>
<result><category>games-fps</category><package>warsow</package><version>1.5.1-r1</version><class>MissingSlotDep</class><msg>'virtual/jpeg' matches more than one slot: [ 0, 62 ]</msg></result>
<result><category>games-fps</category><package>xonotic</package><version>0.8.0</version><class>MissingSlotDep</class><msg>'media-libs/libpng' matches more than one slot: [ 0, 1.2, 1.5 ]</msg></result>
<result><category>games-fps</category><package>xonotic</package><version>0.8.0</version><class>MissingSlotDep</class><msg>'virtual/jpeg' matches more than one slot: [ 0, 62 ]</msg></result>
<result><category>mail-client</category><package>claws-mail</package><version>3.9.3</version><class>MetadataError</class><msg>attr(fetchables): error- Metadata Exception: pkg ebuild src: mail-client/claws-mail-3.9.3, attr fetchables
error: Metadata Exception: pkg ebuild src: mail-client/claws-mail-3.9.3, attr data
error: False</msg></result>
<result><category>mail-client</category><package>claws-mail</package><version>3.9.3</version><class>MetadataError</class><msg>attr(depends): error- Metadata Exception: pkg ebuild src: mail-client/claws-mail-3.9.3, attr depends
error: Metadata Exception: pkg ebuild src: mail-client/claws-mail-3.9.3, attr data
error: False</msg></result>
<result><category>mail-client</category><package>claws-mail</package><version>3.9.3</version><class>MetadataError</class><msg>attr(rdepends): error- Metadata Exception: pkg ebuild src: mail-client/claws-mail-3.9.3, attr rdepends
error: Metadata Exception: pkg ebuild src: mail-client/claws-mail-3.9.3, attr data
error: False</msg></result>
<result><category>mail-client</category><package>claws-mail</package><version>3.9.3</version><class>MetadataError</class><msg>attr(post_rdepends): error- Metadata Exception: pkg ebuild src: mail-client/claws-mail-3.9.3, attr post_rdepends
error: Metadata Exception: pkg ebuild src: mail-client/claws-mail-3.9.3, attr data
error: False</msg></result>
<result><category>mail-client</category><package>claws-mail</package><version>3.9.3</version><class>MetadataError</class><msg>attr(license): error- Metadata Exception: pkg ebuild src: mail-client/claws-mail-3.9.3, attr license
error: Metadata Exception: pkg ebuild src: mail-client/claws-mail-3.9.3, attr data
error: False</msg></result>
<result><category>mail-client</category><package>claws-mail</package><version>3.10.1</version><class>MetadataError</class><msg>attr(fetchables): error- Metadata Exception: pkg ebuild src: mail-client/claws-mail-3.10.1, attr fetchables
error: Metadata Exception: pkg ebuild src: mail-client/claws-mail-3.10.1, attr data
error: False</msg></result>
<result><category>mail-client</category><package>claws-mail</package><version>3.10.1</version><class>MetadataError</class><msg>attr(depends): error- Metadata Exception: pkg ebuild src: mail-client/claws-mail-3.10.1, attr depends
error: Metadata Exception: pkg ebuild src: mail-client/claws-mail-3.10.1, attr data
error: False</msg></result>
<result><category>mail-client</category><package>claws-mail</package><version>3.10.1</version><class>MetadataError</class><msg>attr(rdepends): error- Metadata Exception: pkg ebuild src: mail-client/claws-mail-3.10.1, attr rdepends
error: Metadata Exception: pkg ebuild src: mail-client/claws-mail-3.10.1, attr data
error: False</msg></result>
<result><category>mail-client</category><package>claws-mail</package><version>3.10.1</version><class>MetadataError</class><msg>attr(post_rdepends): error- Metadata Exception: pkg ebuild src: mail-client/claws-mail-3.10.1, attr post_rdepends
error: Metadata Exception: pkg ebuild src: mail-client/claws-mail-3.10.1, attr data
error: False</msg></result>
<result><category>mail-client</category><package>claws-mail</package><version>3.10.1</version><class>MetadataError</class><msg>attr(license): error- Metadata Exception: pkg ebuild src: mail-client/claws-mail-3.10.1, attr license
error: Metadata Exception: pkg ebuild src: mail-client/claws-mail-3.10.1, attr data
error: False</msg></result>
<result><category>mail-client</category><package>claws-mail</package><version>3.11.1-r1</version><class>MetadataError</class><msg>attr(fetchables): error- Metadata Exception: pkg ebuild src: mail-client/claws-mail-3.11.1-r1, attr fetchables
error: Metadata Exception: pkg ebuild src: mail-client/claws-mail-3.11.1-r1, attr data
error: False</msg></result>
<result><category>mail-client</category><package>claws-mail</package><version>3.11.1-r1</version><class>MetadataError</class><msg>attr(depends): error- Metadata Exception: pkg ebuild src: mail-client/claws-mail-3.11.1-r1, attr depends
error: Metadata Exception: pkg ebuild src: mail-client/claws-mail-3.11.1-r1, attr data
error: False</msg></result>
<result><category>mail-client</category><package>claws-mail</package><version>3.11.1-r1</version><class>MetadataError</class><msg>attr(rdepends): error- Metadata Exception: pkg ebuild src: mail-client/claws-mail-3.11.1-r1, attr rdepends
error: Metadata Exception: pkg ebuild src: mail-client/claws-mail-3.11.1-r1, attr data
error: False</msg></result>
<result><category>mail-client</category><package>claws-mail</package><version>3.11.1-r1</version><class>MetadataError</class><msg>attr(post_rdepends): error- Metadata Exception: pkg ebuild src: mail-client/claws-mail-3.11.1-r1, attr post_rdepends
error: Metadata Exception: pkg ebuild src: mail-client/claws-mail-3.11.1-r1, attr data
error: False</msg></result>
<result><category>mail-client</category><package>claws-mail</package><version>3.11.1-r1</version><class>MetadataError</class><msg>attr(license): error- Metadata Exception: pkg ebuild src: mail-client/claws-mail-3.11.1-r1, attr license
error: Metadata Exception: pkg ebuild src: mail-client/claws-mail-3.11.1-r1, attr data
error: False</msg></result>
<result><category>mail-client</category><package>claws-mail</package><version>3.12.0</version><class>MetadataError</class><msg>attr(fetchables): error- Metadata Exception: pkg ebuild src: mail-client/claws-mail-3.12.0, attr fetchables
error: Metadata Exception: pkg ebuild src: mail-client/claws-mail-3.12.0, attr data
error: False</msg></result>
<result><category>mail-client</category><package>claws-mail</package><version>3.12.0</version><class>MetadataError</class><msg>attr(depends): error- Metadata Exception: pkg ebuild src: mail-client/claws-mail-3.12.0, attr depends
error: Metadata Exception: pkg ebuild src: mail-client/claws-mail-3.12.0, attr data
error: False</msg></result>
<result><category>mail-client</category><package>claws-mail</package><version>3.12.0</version><class>MetadataError</class><msg>attr(rdepends): error- Metadata Exception: pkg ebuild src: mail-client/claws-mail-3.12.0, attr rdepends
error: Metadata Exception: pkg ebuild src: mail-client/claws-mail-3.12.0, attr data
error: False</msg></result>
<result><category>mail-client</category><package>claws-mail</package><version>3.12.0</version><class>MetadataError</class><msg>attr(post_rdepends): error- Metadata Exception: pkg ebuild src: mail-client/claws-mail-3.12.0, attr post_rdepends
error: Metadata Exception: pkg ebuild src: mail-client/claws-mail-3.12.0, attr data
error: False</msg></result>
<result><category>mail-client</category><package>claws-mail</package><version>3.12.0</version><class>MetadataError</class><msg>attr(license): error- Metadata Exception: pkg ebuild src: mail-client/claws-mail-3.12.0, attr license
error: Metadata Exception: pkg ebuild src: mail-client/claws-mail-3.12.0, attr data
error: False</msg></result>
<result><category>mail-client</category><package>claws-mail</package><version>3.13.0</version><class>MetadataError</class><msg>attr(fetchables): error- Metadata Exception: pkg ebuild src: mail-client/claws-mail-3.13.0, attr fetchables
error: Metadata Exception: pkg ebuild src: mail-client/claws-mail-3.13.0, attr data
error: False</msg></result>
<result><category>mail-client</category><package>claws-mail</package><version>3.13.0</version><class>MetadataError</class><msg>attr(depends): error- Metadata Exception: pkg ebuild src: mail-client/claws-mail-3.13.0, attr depends
error: Metadata Exception: pkg ebuild src: mail-client/claws-mail-3.13.0, attr data
error: False</msg></result>
<result><category>mail-client</category><package>claws-mail</package><version>3.13.0</version><class>MetadataError</class><msg>attr(rdepends): error- Metadata Exception: pkg ebuild src: mail-client/claws-mail-3.13.0, attr rdepends
error: Metadata Exception: pkg ebuild src: mail-client/claws-mail-3.13.0, attr data
error: False</msg></result>
<result><category>mail-client</category><package>claws-mail</package><version>3.13.0</version><class>MetadataError</class><msg>attr(post_rdepends): error- Metadata Exception: pkg ebuild src: mail-client/claws-mail-3.13.0, attr post_rdepends
error: Metadata Exception: pkg ebuild src: mail-client/claws-mail-3.13.0, attr data
error: False</msg></result>
<result><category>mail-client</category><package>claws-mail</package><version>3.13.0</version><class>MetadataError</class><msg>attr(license): error- Metadata Exception: pkg ebuild src: mail-client/claws-mail-3.13.0, attr license
error: Metadata Exception: pkg ebuild src: mail-client/claws-mail-3.13.0, attr data
error: False</msg></result>
<result><category>mail-client</category><package>cone</package><version>0.92</version><class>MissingSlotDep</class><msg>'sys-libs/ncurses' matches more than one slot: [ 0, 5 ]</msg></result>
<result><category>mail-client</category><package>evolution</package><version>3.16.5</version><class>DroppedKeywordWarning</class><msg>keywords dropped: arm, ppc, ppc64, sparc</msg></result>
<result><category>mail-client</category><package>mail-notification</package><class>SizeViolation</class><msg>"files/mail-notification-aarch64.patch" exceeds 20k in size; 49364 bytes total</msg></result>
<result><category>mail-client</category><package>pinepgp</package><version>0.18.0-r1</version><class>NonExistentDeps</class><msg>depset depends: nonexistent atoms [ mail-client/pine ]</msg></result>
<result><category>mail-client</category><package>pinepgp</package><version>0.18.0-r1</version><class>NonExistentDeps</class><msg>depset rdepends: nonexistent atoms [ mail-client/pine ]</msg></result>
<result><category>mail-client</category><package>roundcube</package><version>1.1.3</version><class>DroppedKeywordWarning</class><msg>keywords dropped: arm, ppc64</msg></result>
<result><category>mail-client</category><package>sylpheed</package><version>3.4.2</version><class>MissingSlotDep</class><msg>'dev-libs/openssl' matches more than one slot: [ 0, 0.9.8 ]</msg></result>
<result><category>mail-client</category><package>thunderbird</package><version>24.8.0</version><class>VulnerablePackage</class><msg>vulnerable via glsa(201504-01) ( ver &lt; 31.5.0 ), keywords ('alpha', 'amd64', 'amd64-linux', 'arm', 'ppc', 'ppc64', 'x86', 'x86-fbsd', 'x86-linux')</msg></result>
<result><category>mail-client</category><package>trojita</package><version>0.5</version><class>DroppedKeywordWarning</class><msg>keywords dropped: ppc</msg></result>
<result><category>gnome-base</category><package>gnome-light</package><version>3.16.0</version><class>WhitespaceFound</class><msg>ebuild has trailing whitespace on line 54</msg></result>
<result><category>gnome-base</category><package>gnome-light</package><version>3.18.0</version><class>WhitespaceFound</class><msg>ebuild has trailing whitespace on line 54</msg></result>
<result><category>gnome-base</category><package>gnome-session</package><version>3.16.0</version><class>BadInsIntoDir</class><msg>ebuild uses insinto /usr/share/applications on line 99</msg></result>
<result><category>gnome-base</category><package>gnome-session</package><version>3.18.1.2</version><class>BadInsIntoDir</class><msg>ebuild uses insinto /usr/share/applications on line 100</msg></result>
<result><category>gnome-base</category><package>libglade</package><version>2.6.4-r2</version><class>MetadataError</class><msg>attr(fetchables): error- Metadata Exception: pkg ebuild src: gnome-base/libglade-2.6.4-r2, attr fetchables
error: Metadata Exception: pkg ebuild src: gnome-base/libglade-2.6.4-r2, attr data
error: False</msg></result>
<result><category>gnome-base</category><package>libglade</package><version>2.6.4-r2</version><class>MetadataError</class><msg>attr(depends): error- Metadata Exception: pkg ebuild src: gnome-base/libglade-2.6.4-r2, attr depends
error: Metadata Exception: pkg ebuild src: gnome-base/libglade-2.6.4-r2, attr data
error: False</msg></result>
<result><category>gnome-base</category><package>libglade</package><version>2.6.4-r2</version><class>MetadataError</class><msg>attr(rdepends): error- Metadata Exception: pkg ebuild src: gnome-base/libglade-2.6.4-r2, attr rdepends
error: Metadata Exception: pkg ebuild src: gnome-base/libglade-2.6.4-r2, attr data
error: False</msg></result>
<result><category>gnome-base</category><package>libglade</package><version>2.6.4-r2</version><class>MetadataError</class><msg>attr(post_rdepends): error- Metadata Exception: pkg ebuild src: gnome-base/libglade-2.6.4-r2, attr post_rdepends
error: Metadata Exception: pkg ebuild src: gnome-base/libglade-2.6.4-r2, attr data
error: False</msg></result>
<result><category>gnome-base</category><package>libglade</package><version>2.6.4-r2</version><class>MetadataError</class><msg>attr(license): error- Metadata Exception: pkg ebuild src: gnome-base/libglade-2.6.4-r2, attr license
error: Metadata Exception: pkg ebuild src: gnome-base/libglade-2.6.4-r2, attr data
error: False</msg></result>
<result><category>net-print</category><package>cups</package><version>2.0.3</version><class>MetadataError</class><msg>attr(fetchables): error- Metadata Exception: pkg ebuild src: net-print/cups-2.0.3, attr fetchables
error: Metadata Exception: pkg ebuild src: net-print/cups-2.0.3, attr data
error: False</msg></result>
<result><category>net-print</category><package>cups</package><version>2.0.3</version><class>MetadataError</class><msg>attr(depends): error- Metadata Exception: pkg ebuild src: net-print/cups-2.0.3, attr depends
error: Metadata Exception: pkg ebuild src: net-print/cups-2.0.3, attr data
error: False</msg></result>
<result><category>net-print</category><package>cups</package><version>2.0.3</version><class>MetadataError</class><msg>attr(rdepends): error- Metadata Exception: pkg ebuild src: net-print/cups-2.0.3, attr rdepends
error: Metadata Exception: pkg ebuild src: net-print/cups-2.0.3, attr data
error: False</msg></result>
<result><category>net-print</category><package>cups</package><version>2.0.3</version><class>MetadataError</class><msg>attr(post_rdepends): error- Metadata Exception: pkg ebuild src: net-print/cups-2.0.3, attr post_rdepends
error: Metadata Exception: pkg ebuild src: net-print/cups-2.0.3, attr data
error: False</msg></result>
<result><category>net-print</category><package>cups</package><version>2.0.3</version><class>MetadataError</class><msg>attr(license): error- Metadata Exception: pkg ebuild src: net-print/cups-2.0.3, attr license
error: Metadata Exception: pkg ebuild src: net-print/cups-2.0.3, attr data
error: False</msg></result>
<result><category>net-print</category><package>cups</package><version>2.0.4</version><class>MetadataError</class><msg>attr(fetchables): error- Metadata Exception: pkg ebuild src: net-print/cups-2.0.4, attr fetchables
error: Metadata Exception: pkg ebuild src: net-print/cups-2.0.4, attr data
error: False</msg></result>
<result><category>net-print</category><package>cups</package><version>2.0.4</version><class>MetadataError</class><msg>attr(depends): error- Metadata Exception: pkg ebuild src: net-print/cups-2.0.4, attr depends
error: Metadata Exception: pkg ebuild src: net-print/cups-2.0.4, attr data
error: False</msg></result>
<result><category>net-print</category><package>cups</package><version>2.0.4</version><class>MetadataError</class><msg>attr(rdepends): error- Metadata Exception: pkg ebuild src: net-print/cups-2.0.4, attr rdepends
error: Metadata Exception: pkg ebuild src: net-print/cups-2.0.4, attr data
error: False</msg></result>
<result><category>net-print</category><package>cups</package><version>2.0.4</version><class>MetadataError</class><msg>attr(post_rdepends): error- Metadata Exception: pkg ebuild src: net-print/cups-2.0.4, attr post_rdepends
error: Metadata Exception: pkg ebuild src: net-print/cups-2.0.4, attr data
error: False</msg></result>
<result><category>net-print</category><package>cups</package><version>2.0.4</version><class>MetadataError</class><msg>attr(license): error- Metadata Exception: pkg ebuild src: net-print/cups-2.0.4, attr license
error: Metadata Exception: pkg ebuild src: net-print/cups-2.0.4, attr data
error: False</msg></result>
<result><category>net-print</category><package>cups</package><version>9999</version><class>MetadataError</class><msg>attr(fetchables): error- Metadata Exception: pkg ebuild src: net-print/cups-9999, attr fetchables
error: Metadata Exception: pkg ebuild src: net-print/cups-9999, attr data
error: False</msg></result>
<result><category>net-print</category><package>cups</package><version>9999</version><class>MetadataError</class><msg>attr(depends): error- Metadata Exception: pkg ebuild src: net-print/cups-9999, attr depends
error: Metadata Exception: pkg ebuild src: net-print/cups-9999, attr data
error: False</msg></result>
<result><category>net-print</category><package>cups</package><version>9999</version><class>MetadataError</class><msg>attr(rdepends): error- Metadata Exception: pkg ebuild src: net-print/cups-9999, attr rdepends
error: Metadata Exception: pkg ebuild src: net-print/cups-9999, attr data
error: False</msg></result>
<result><category>net-print</category><package>cups</package><version>9999</version><class>MetadataError</class><msg>attr(post_rdepends): error- Metadata Exception: pkg ebuild src: net-print/cups-9999, attr post_rdepends
error: Metadata Exception: pkg ebuild src: net-print/cups-9999, attr data
error: False</msg></result>
<result><category>net-print</category><package>cups</package><version>9999</version><class>MetadataError</class><msg>attr(license): error- Metadata Exception: pkg ebuild src: net-print/cups-9999, attr license
error: Metadata Exception: pkg ebuild src: net-print/cups-9999, attr data
error: False</msg></result>
<result><category>net-print</category><package>cups-filters</package><version>1.0.71</version><class>WhitespaceFound</class><msg>ebuild has leading whitespace on line 68</msg></result>
<result><category>net-print</category><package>cups-filters</package><version>1.0.71</version><class>WrongIndentFound</class><msg>ebuild has whitespace in indentation on line 68</msg></result>
<result><category>net-print</category><package>cups-filters</package><version>1.2.0</version><class>WhitespaceFound</class><msg>ebuild has leading whitespace on line 68</msg></result>
<result><category>net-print</category><package>cups-filters</package><version>1.2.0</version><class>WrongIndentFound</class><msg>ebuild has whitespace in indentation on line 68</msg></result>
<result><category>net-print</category><package>cups-filters</package><version>9999</version><class>WhitespaceFound</class><msg>ebuild has leading whitespace on line 68</msg></result>
<result><category>net-print</category><package>cups-filters</package><version>9999</version><class>WrongIndentFound</class><msg>ebuild has whitespace in indentation on line 68</msg></result>
<result><category>net-print</category><package>foomatic-gui</package><version>0.7.9.5-r1</version><class>MetadataError</class><msg>attr(fetchables): error- Metadata Exception: pkg ebuild src: net-print/foomatic-gui-0.7.9.5-r1, attr fetchables
error: Metadata Exception: pkg ebuild src: net-print/foomatic-gui-0.7.9.5-r1, attr data
error: False</msg></result>
<result><category>net-print</category><package>foomatic-gui</package><version>0.7.9.5-r1</version><class>MetadataError</class><msg>attr(depends): error- Metadata Exception: pkg ebuild src: net-print/foomatic-gui-0.7.9.5-r1, attr depends
error: Metadata Exception: pkg ebuild src: net-print/foomatic-gui-0.7.9.5-r1, attr data
error: False</msg></result>
<result><category>net-print</category><package>foomatic-gui</package><version>0.7.9.5-r1</version><class>MetadataError</class><msg>attr(rdepends): error- Metadata Exception: pkg ebuild src: net-print/foomatic-gui-0.7.9.5-r1, attr rdepends
error: Metadata Exception: pkg ebuild src: net-print/foomatic-gui-0.7.9.5-r1, attr data
error: False</msg></result>
<result><category>net-print</category><package>foomatic-gui</package><version>0.7.9.5-r1</version><class>MetadataError</class><msg>attr(post_rdepends): error- Metadata Exception: pkg ebuild src: net-print/foomatic-gui-0.7.9.5-r1, attr post_rdepends
error: Metadata Exception: pkg ebuild src: net-print/foomatic-gui-0.7.9.5-r1, attr data
error: False</msg></result>
<result><category>net-print</category><package>foomatic-gui</package><version>0.7.9.5-r1</version><class>MetadataError</class><msg>attr(license): error- Metadata Exception: pkg ebuild src: net-print/foomatic-gui-0.7.9.5-r1, attr license
error: Metadata Exception: pkg ebuild src: net-print/foomatic-gui-0.7.9.5-r1, attr data
error: False</msg></result>
<result><category>net-print</category><package>gtklp</package><version>1.3.0</version><class>MissingSlotDep</class><msg>'dev-libs/openssl' matches more than one slot: [ 0, 0.9.8 ]</msg></result>
<result><category>net-print</category><package>gtklp</package><version>1.3.1</version><class>MissingSlotDep</class><msg>'dev-libs/openssl' matches more than one slot: [ 0, 0.9.8 ]</msg></result>
<result><category>net-print</category><package>gutenprint</package><version>5.2.10</version><class>MissingSlotDep</class><msg>'sys-libs/readline' matches more than one slot: [ 0, 4, 5 ]</msg></result>
<result><category>net-print</category><package>hplip</package><version>3.14.10</version><class>MetadataError</class><msg>attr(fetchables): error- Metadata Exception: pkg ebuild src: net-print/hplip-3.14.10, attr fetchables
error: Metadata Exception: pkg ebuild src: net-print/hplip-3.14.10, attr data
error: False</msg></result>
<result><category>net-print</category><package>hplip</package><version>3.14.10</version><class>MetadataError</class><msg>attr(depends): error- Metadata Exception: pkg ebuild src: net-print/hplip-3.14.10, attr depends
error: Metadata Exception: pkg ebuild src: net-print/hplip-3.14.10, attr data
error: False</msg></result>
<result><category>net-print</category><package>hplip</package><version>3.14.10</version><class>MetadataError</class><msg>attr(rdepends): error- Metadata Exception: pkg ebuild src: net-print/hplip-3.14.10, attr rdepends
error: Metadata Exception: pkg ebuild src: net-print/hplip-3.14.10, attr data
error: False</msg></result>
<result><category>net-print</category><package>hplip</package><version>3.14.10</version><class>MetadataError</class><msg>attr(post_rdepends): error- Metadata Exception: pkg ebuild src: net-print/hplip-3.14.10, attr post_rdepends
error: Metadata Exception: pkg ebuild src: net-print/hplip-3.14.10, attr data
error: False</msg></result>
<result><category>net-print</category><package>hplip</package><version>3.14.10</version><class>MetadataError</class><msg>attr(license): error- Metadata Exception: pkg ebuild src: net-print/hplip-3.14.10, attr license
error: Metadata Exception: pkg ebuild src: net-print/hplip-3.14.10, attr data
error: False</msg></result>
<result><category>net-print</category><package>hplip</package><version>3.15.9</version><class>MetadataError</class><msg>attr(fetchables): error- Metadata Exception: pkg ebuild src: net-print/hplip-3.15.9, attr fetchables
error: Metadata Exception: pkg ebuild src: net-print/hplip-3.15.9, attr data
error: False</msg></result>
<result><category>net-print</category><package>hplip</package><version>3.15.9</version><class>MetadataError</class><msg>attr(depends): error- Metadata Exception: pkg ebuild src: net-print/hplip-3.15.9, attr depends
error: Metadata Exception: pkg ebuild src: net-print/hplip-3.15.9, attr data
error: False</msg></result>
<result><category>net-print</category><package>hplip</package><version>3.15.9</version><class>MetadataError</class><msg>attr(rdepends): error- Metadata Exception: pkg ebuild src: net-print/hplip-3.15.9, attr rdepends
error: Metadata Exception: pkg ebuild src: net-print/hplip-3.15.9, attr data
error: False</msg></result>
<result><category>net-print</category><package>hplip</package><version>3.15.9</version><class>MetadataError</class><msg>attr(post_rdepends): error- Metadata Exception: pkg ebuild src: net-print/hplip-3.15.9, attr post_rdepends
error: Metadata Exception: pkg ebuild src: net-print/hplip-3.15.9, attr data
error: False</msg></result>
<result><category>net-print</category><package>hplip</package><version>3.15.9</version><class>MetadataError</class><msg>attr(license): error- Metadata Exception: pkg ebuild src: net-print/hplip-3.15.9, attr license
error: Metadata Exception: pkg ebuild src: net-print/hplip-3.15.9, attr data
error: False</msg></result>
<result><category>net-print</category><package>hplip</package><version>3.15.11</version><class>MetadataError</class><msg>attr(fetchables): error- Metadata Exception: pkg ebuild src: net-print/hplip-3.15.11, attr fetchables
error: Metadata Exception: pkg ebuild src: net-print/hplip-3.15.11, attr data
error: False</msg></result>
<result><category>net-print</category><package>hplip</package><version>3.15.11</version><class>MetadataError</class><msg>attr(depends): error- Metadata Exception: pkg ebuild src: net-print/hplip-3.15.11, attr depends
error: Metadata Exception: pkg ebuild src: net-print/hplip-3.15.11, attr data
error: False</msg></result>
<result><category>net-print</category><package>hplip</package><version>3.15.11</version><class>MetadataError</class><msg>attr(rdepends): error- Metadata Exception: pkg ebuild src: net-print/hplip-3.15.11, attr rdepends
error: Metadata Exception: pkg ebuild src: net-print/hplip-3.15.11, attr data
error: False</msg></result>
<result><category>net-print</category><package>hplip</package><version>3.15.11</version><class>MetadataError</class><msg>attr(post_rdepends): error- Metadata Exception: pkg ebuild src: net-print/hplip-3.15.11, attr post_rdepends
error: Metadata Exception: pkg ebuild src: net-print/hplip-3.15.11, attr data
error: False</msg></result>
<result><category>net-print</category><package>hplip</package><version>3.15.11</version><class>MetadataError</class><msg>attr(license): error- Metadata Exception: pkg ebuild src: net-print/hplip-3.15.11, attr license
error: Metadata Exception: pkg ebuild src: net-print/hplip-3.15.11, attr data
error: False</msg></result>
<result><category>net-print</category><package>kyocera-mita-ppds</package><version>8.4</version><class>MissingChksum</class><msg>"Linux_PPDs_KSL8_4.zip" missing required chksums: sha512, whirlpool; has chksums: rmd160, sha1, sha256, size</msg></result>
<result><category>app-mobilephone</category><package>bitpim</package><class>ExecutableFile</class><msg>"files/maketarball" has unnecessary executable bit</msg></result>
<result><category>app-mobilephone</category><package>gammu</package><version>1.33.0-r1</version><class>MetadataError</class><msg>attr(fetchables): error- Metadata Exception: pkg ebuild src: app-mobilephone/gammu-1.33.0-r1, attr fetchables
error: Metadata Exception: pkg ebuild src: app-mobilephone/gammu-1.33.0-r1, attr data
error: False</msg></result>
<result><category>app-mobilephone</category><package>gammu</package><version>1.33.0-r1</version><class>MetadataError</class><msg>attr(depends): error- Metadata Exception: pkg ebuild src: app-mobilephone/gammu-1.33.0-r1, attr depends
error: Metadata Exception: pkg ebuild src: app-mobilephone/gammu-1.33.0-r1, attr data
error: False</msg></result>
<result><category>app-mobilephone</category><package>gammu</package><version>1.33.0-r1</version><class>MetadataError</class><msg>attr(rdepends): error- Metadata Exception: pkg ebuild src: app-mobilephone/gammu-1.33.0-r1, attr rdepends
error: Metadata Exception: pkg ebuild src: app-mobilephone/gammu-1.33.0-r1, attr data
error: False</msg></result>
<result><category>app-mobilephone</category><package>gammu</package><version>1.33.0-r1</version><class>MetadataError</class><msg>attr(post_rdepends): error- Metadata Exception: pkg ebuild src: app-mobilephone/gammu-1.33.0-r1, attr post_rdepends
error: Metadata Exception: pkg ebuild src: app-mobilephone/gammu-1.33.0-r1, attr data
error: False</msg></result>
<result><category>app-mobilephone</category><package>gammu</package><version>1.33.0-r1</version><class>MetadataError</class><msg>attr(license): error- Metadata Exception: pkg ebuild src: app-mobilephone/gammu-1.33.0-r1, attr license
error: Metadata Exception: pkg ebuild src: app-mobilephone/gammu-1.33.0-r1, attr data
error: False</msg></result>
<result><category>app-mobilephone</category><package>kannel</package><version>1.5.0</version><class>MissingSlotDep</class><msg>'dev-libs/openssl' matches more than one slot: [ 0, 0.9.8 ]</msg></result>
<result><category>app-mobilephone</category><package>obexftp</package><version>0.24</version><class>MetadataError</class><msg>attr(fetchables): error- Metadata Exception: pkg ebuild src: app-mobilephone/obexftp-0.24, attr fetchables
error: Metadata Exception: pkg ebuild src: app-mobilephone/obexftp-0.24, attr data
error: False</msg></result>
<result><category>app-mobilephone</category><package>obexftp</package><version>0.24</version><class>MetadataError</class><msg>attr(depends): error- Metadata Exception: pkg ebuild src: app-mobilephone/obexftp-0.24, attr depends
error: Metadata Exception: pkg ebuild src: app-mobilephone/obexftp-0.24, attr data
error: False</msg></result>
<result><category>app-mobilephone</category><package>obexftp</package><version>0.24</version><class>MetadataError</class><msg>attr(rdepends): error- Metadata Exception: pkg ebuild src: app-mobilephone/obexftp-0.24, attr rdepends
error: Metadata Exception: pkg ebuild src: app-mobilephone/obexftp-0.24, attr data
error: False</msg></result>
<result><category>app-mobilephone</category><package>obexftp</package><version>0.24</version><class>MetadataError</class><msg>attr(post_rdepends): error- Metadata Exception: pkg ebuild src: app-mobilephone/obexftp-0.24, attr post_rdepends
error: Metadata Exception: pkg ebuild src: app-mobilephone/obexftp-0.24, attr data
error: False</msg></result>
<result><category>app-mobilephone</category><package>obexftp</package><version>0.24</version><class>MetadataError</class><msg>attr(license): error- Metadata Exception: pkg ebuild src: app-mobilephone/obexftp-0.24, attr license
error: Metadata Exception: pkg ebuild src: app-mobilephone/obexftp-0.24, attr data
error: False</msg></result>
<result><category>app-mobilephone</category><package>yaps</package><version>0.96-r5</version><class>MissingSlotDep</class><msg>'dev-lang/lua' matches more than one slot: [ 0, 5.1, 5.2 ]</msg></result>
<result><category>app-antivirus</category><package>clamav</package><version>0.98.5</version><class>MissingSlotDep</class><msg>'dev-libs/openssl' matches more than one slot: [ 0, 0.9.8 ]</msg></result>
<result><category>app-antivirus</category><package>clamav</package><version>0.98.5</version><class>MissingSlotDep</class><msg>'sys-libs/ncurses' matches more than one slot: [ 0, 5 ]</msg></result>
<result><category>app-antivirus</category><package>clamav</package><version>0.98.6</version><class>MissingSlotDep</class><msg>'dev-libs/openssl' matches more than one slot: [ 0, 0.9.8 ]</msg></result>
<result><category>app-antivirus</category><package>clamav</package><version>0.98.6</version><class>MissingSlotDep</class><msg>'sys-libs/ncurses' matches more than one slot: [ 0, 5 ]</msg></result>
<result><category>app-antivirus</category><package>clamav</package><version>0.98.7</version><class>MissingSlotDep</class><msg>'sys-libs/ncurses' matches more than one slot: [ 0, 5 ]</msg></result>
</checks>
