<checks>
<result><category>dev-java</category><package>antlr</package><version>2.7.7-r5</version><class>MetadataError</class><msg>attr(depends): error- Metadata Exception: pkg ebuild src: dev-java/antlr-2.7.7-r5, attr depends
error: Metadata Exception: pkg ebuild src: dev-java/antlr-2.7.7-r5, attr data
error: False</msg></result>
<result><category>dev-java</category><package>antlr</package><version>2.7.7-r5</version><class>MetadataError</class><msg>attr(rdepends): error- Metadata Exception: pkg ebuild src: dev-java/antlr-2.7.7-r5, attr rdepends
error: Metadata Exception: pkg ebuild src: dev-java/antlr-2.7.7-r5, attr data
error: False</msg></result>
<result><category>dev-java</category><package>antlr</package><version>2.7.7-r5</version><class>MetadataError</class><msg>attr(post_rdepends): error- Metadata Exception: pkg ebuild src: dev-java/antlr-2.7.7-r5, attr post_rdepends
error: Metadata Exception: pkg ebuild src: dev-java/antlr-2.7.7-r5, attr data
error: False</msg></result>
<result><category>dev-java</category><package>antlr</package><version>2.7.7-r5</version><class>MetadataError</class><msg>attr(license): error- Metadata Exception: pkg ebuild src: dev-java/antlr-2.7.7-r5, attr license
error: Metadata Exception: pkg ebuild src: dev-java/antlr-2.7.7-r5, attr data
error: False</msg></result>
<result><category>dev-java</category><package>antlr</package><version>2.7.7-r5</version><class>MetadataError</class><msg>attr(fetchables): error- Metadata Exception: pkg ebuild src: dev-java/antlr-2.7.7-r5, attr fetchables
error: Metadata Exception: pkg ebuild src: dev-java/antlr-2.7.7-r5, attr data
error: False</msg></result>
<result><category>dev-java</category><package>asm</package><version>3.3.1</version><class>DroppedKeywordWarning</class><msg>keywords dropped: arm</msg></result>
<result><category>dev-java</category><package>bsf</package><version>2.4.0-r2</version><class>DroppedKeywordWarning</class><msg>keywords dropped: ppc, ppc64</msg></result>
<result><category>dev-java</category><package>colt</package><version>1.2.0-r2</version><class>WhitespaceFound</class><msg>ebuild has leading whitespace on lines 32, 34, 38, 40, 41, 42</msg></result>
<result><category>dev-java</category><package>colt</package><version>1.2.0-r3</version><class>DroppedKeywordWarning</class><msg>keywords dropped: ppc, ppc64</msg></result>
<result><category>dev-java</category><package>commons-dbcp</package><version>2.1</version><class>DroppedKeywordWarning</class><msg>keywords dropped: ppc, ppc64</msg></result>
<result><category>dev-java</category><package>commons-jexl</package><version>2.1.1</version><class>DroppedKeywordWarning</class><msg>keywords dropped: ppc</msg></result>
<result><category>dev-java</category><package>commons-pool</package><version>2.2</version><class>DroppedKeywordWarning</class><msg>keywords dropped: ppc, ppc64</msg></result>
<result><category>dev-java</category><package>commons-vfs</package><version>2.0-r1</version><class>DroppedKeywordWarning</class><msg>keywords dropped: ppc, ppc64</msg></result>
<result><category>dev-java</category><package>freemarker</package><version>2.3.13-r2</version><class>DroppedKeywordWarning</class><msg>keywords dropped: ppc</msg></result>
<result><category>dev-java</category><package>glazedlists</package><version>1.8.0</version><class>DroppedKeywordWarning</class><msg>keywords dropped: ppc</msg></result>
<result><category>dev-java</category><package>guava</package><version>14.0.1</version><class>DroppedKeywordWarning</class><msg>keywords dropped: ppc</msg></result>
<result><category>dev-java</category><package>icedtea</package><version>7.2.6.3-r2</version><class>DroppedKeywordWarning</class><msg>keywords dropped: ppc64</msg></result>
<result><category>dev-java</category><package>icedtea-bin</package><version>6.1.13.8-r1</version><class>BadRestricts</class><msg>unknown restricts: preserve-libs</msg></result>
<result><category>dev-java</category><package>icedtea-bin</package><version>6.1.13.9</version><class>BadRestricts</class><msg>unknown restricts: preserve-libs</msg></result>
<result><category>dev-java</category><package>icedtea-bin</package><version>7.2.5.6-r1</version><class>BadRestricts</class><msg>unknown restricts: preserve-libs</msg></result>
<result><category>dev-java</category><package>icedtea-bin</package><version>7.2.6.2</version><class>BadRestricts</class><msg>unknown restricts: preserve-libs</msg></result>
<result><category>dev-java</category><package>icedtea-bin</package><version>7.2.6.3</version><class>BadRestricts</class><msg>unknown restricts: preserve-libs</msg></result>
<result><category>dev-java</category><package>icedtea-bin</package><version>7.2.5.6-r1</version><class>DroppedKeywordWarning</class><msg>keywords dropped: amd64, x86</msg></result>
<result><category>dev-java</category><package>itext</package><version>5.5.4-r2</version><class>DroppedKeywordWarning</class><msg>keywords dropped: ppc, ppc64</msg></result>
<result><category>dev-java</category><package>jansi</package><version>1.11-r1</version><class>DroppedKeywordWarning</class><msg>keywords dropped: ppc, ppc64</msg></result>
<result><category>dev-java</category><package>javacup</package><class>UnusedLocalFlags</class><msg>metadata.xml unused local use flag: [ system-jflex ]</msg></result>
<result><category>dev-java</category><package>javolution</package><version>6.0.0</version><class>DroppedKeywordWarning</class><msg>keywords dropped: ppc</msg></result>
<result><category>dev-java</category><package>jcalendar</package><version>1.4</version><class>DroppedKeywordWarning</class><msg>keywords dropped: ppc</msg></result>
<result><category>dev-java</category><package>jdbc-informix</package><version>3.00.3</version><class>MissingChksum</class><msg>"JDBC.3.00.JC3.tar" missing required chksums: sha512, whirlpool; has chksums: rmd160, sha1, sha256, size</msg></result>
<result><category>dev-java</category><package>jdbc-oracle-bin</package><version>9.2.0.8</version><class>MissingChksum</class><msg>"jdbc-oracle-bin-9.2.0.8-ojdbc14.jar" missing required chksums: sha512, whirlpool; has chksums: rmd160, sha1, sha256, size</msg></result>
<result><category>dev-java</category><package>jdbc-oracle-bin</package><version>9.2.0.8</version><class>MissingChksum</class><msg>"jdbc-oracle-bin-9.2.0.8-ojdbc14_g.jar" missing required chksums: sha512, whirlpool; has chksums: rmd160, sha1, sha256, size</msg></result>
<result><category>dev-java</category><package>jdbc-oracle-bin</package><version>9.2.0.8</version><class>MissingChksum</class><msg>"jdbc-oracle-bin-9.2.0.8-ocrs12.jar" missing required chksums: sha512, whirlpool; has chksums: rmd160, sha1, sha256, size</msg></result>
<result><category>dev-java</category><package>jdbc-oracle-bin</package><version>9.2.0.8</version><class>MissingChksum</class><msg>"jdbc-oracle-bin-9.2.0.8-javadoc.tar" missing required chksums: sha512, whirlpool; has chksums: rmd160, sha1, sha256, size</msg></result>
<result><category>dev-java</category><package>jdbc-oracle-bin</package><version>10.1.0.5</version><class>MissingChksum</class><msg>"jdbc-oracle-bin-10.1.0.5-ojdbc14.jar" missing required chksums: sha512, whirlpool; has chksums: rmd160, sha1, sha256, size</msg></result>
<result><category>dev-java</category><package>jdbc-oracle-bin</package><version>10.1.0.5</version><class>MissingChksum</class><msg>"jdbc-oracle-bin-10.1.0.5-ojdbc14_g.jar" missing required chksums: sha512, whirlpool; has chksums: rmd160, sha1, sha256, size</msg></result>
<result><category>dev-java</category><package>jdbc-oracle-bin</package><version>10.1.0.5</version><class>MissingChksum</class><msg>"jdbc-oracle-bin-10.1.0.5-ojdbc14dms.jar" missing required chksums: sha512, whirlpool; has chksums: rmd160, sha1, sha256, size</msg></result>
<result><category>dev-java</category><package>jdbc-oracle-bin</package><version>10.1.0.5</version><class>MissingChksum</class><msg>"jdbc-oracle-bin-10.1.0.5-ojdbc14dms_g.jar" missing required chksums: sha512, whirlpool; has chksums: rmd160, sha1, sha256, size</msg></result>
<result><category>dev-java</category><package>jdbc-oracle-bin</package><version>10.1.0.5</version><class>MissingChksum</class><msg>"jdbc-oracle-bin-10.1.0.5-ocrs12.jar" missing required chksums: sha512, whirlpool; has chksums: rmd160, sha1, sha256, size</msg></result>
<result><category>dev-java</category><package>jdbc-oracle-bin</package><version>10.1.0.5</version><class>MissingChksum</class><msg>"jdbc-oracle-bin-10.1.0.5-javadoc.zip" missing required chksums: sha512, whirlpool; has chksums: rmd160, sha1, sha256, size</msg></result>
<result><category>dev-java</category><package>jdbc-oracle-bin</package><version>10.1.0.5</version><class>MissingChksum</class><msg>"jdbc-oracle-bin-10.1.0.5-demo.tar" missing required chksums: sha512, whirlpool; has chksums: rmd160, sha1, sha256, size</msg></result>
<result><category>dev-java</category><package>jdbc-oracle-bin</package><version>10.1.0.5</version><class>MissingChksum</class><msg>"jdbc-oracle-bin-10.1.0.5-orai18n.jar" missing required chksums: sha512, whirlpool; has chksums: rmd160, sha1, sha256, size</msg></result>
<result><category>dev-java</category><package>jdbc-oracle-bin</package><version>10.2.0.3</version><class>MissingChksum</class><msg>"jdbc-oracle-bin-10.2.0.3-ojdbc14.jar" missing required chksums: sha512, whirlpool; has chksums: rmd160, sha1, sha256, size</msg></result>
<result><category>dev-java</category><package>jdbc-oracle-bin</package><version>10.2.0.3</version><class>MissingChksum</class><msg>"jdbc-oracle-bin-10.2.0.3-ojdbc14_g.jar" missing required chksums: sha512, whirlpool; has chksums: rmd160, sha1, sha256, size</msg></result>
<result><category>dev-java</category><package>jdbc-oracle-bin</package><version>10.2.0.3</version><class>MissingChksum</class><msg>"jdbc-oracle-bin-10.2.0.3-ojdbc14dms.jar" missing required chksums: sha512, whirlpool; has chksums: rmd160, sha1, sha256, size</msg></result>
<result><category>dev-java</category><package>jdbc-oracle-bin</package><version>10.2.0.3</version><class>MissingChksum</class><msg>"jdbc-oracle-bin-10.2.0.3-ojdbc14dms_g.jar" missing required chksums: sha512, whirlpool; has chksums: rmd160, sha1, sha256, size</msg></result>
<result><category>dev-java</category><package>jdbc-oracle-bin</package><version>10.2.0.3</version><class>MissingChksum</class><msg>"jdbc-oracle-bin-10.2.0.1-javadoc.zip" missing required chksums: sha512, whirlpool; has chksums: rmd160, sha1, sha256, size</msg></result>
<result><category>dev-java</category><package>jdbc-oracle-bin</package><version>10.2.0.3</version><class>MissingChksum</class><msg>"jdbc-oracle-bin-10.2.0.3-demo.tar" missing required chksums: sha512, whirlpool; has chksums: rmd160, sha1, sha256, size</msg></result>
<result><category>dev-java</category><package>jdbc-oracle-bin</package><version>10.2.0.3</version><class>MissingChksum</class><msg>"jdbc-oracle-bin-10.2.0.3-orai18n.jar" missing required chksums: sha512, whirlpool; has chksums: rmd160, sha1, sha256, size</msg></result>
<result><category>dev-java</category><package>jdbc-oracle-bin</package><version>10.2.0.3</version><class>MissingChksum</class><msg>"jdbc-oracle-bin-10.2.0.3-ons.jar" missing required chksums: sha512, whirlpool; has chksums: rmd160, sha1, sha256, size</msg></result>
<result><category>dev-java</category><package>jdbc-oracle-bin</package><version>10.2.0.4</version><class>MissingChksum</class><msg>"jdbc-oracle-bin-10.2.0.4-ojdbc14.jar" missing required chksums: sha512, whirlpool; has chksums: rmd160, sha1, sha256, size</msg></result>
<result><category>dev-java</category><package>jdbc-oracle-bin</package><version>10.2.0.4</version><class>MissingChksum</class><msg>"jdbc-oracle-bin-10.2.0.4-ojdbc14_g.jar" missing required chksums: sha512, whirlpool; has chksums: rmd160, sha1, sha256, size</msg></result>
<result><category>dev-java</category><package>jdbc-oracle-bin</package><version>10.2.0.4</version><class>MissingChksum</class><msg>"jdbc-oracle-bin-10.2.0.4-ojdbc14dms.jar" missing required chksums: sha512, whirlpool; has chksums: rmd160, sha1, sha256, size</msg></result>
<result><category>dev-java</category><package>jdbc-oracle-bin</package><version>10.2.0.4</version><class>MissingChksum</class><msg>"jdbc-oracle-bin-10.2.0.4-ojdbc14dms_g.jar" missing required chksums: sha512, whirlpool; has chksums: rmd160, sha1, sha256, size</msg></result>
<result><category>dev-java</category><package>jdbc-oracle-bin</package><version>10.2.0.4</version><class>MissingChksum</class><msg>"jdbc-oracle-bin-10.2.0.4-demo.tar" missing required chksums: sha512, whirlpool; has chksums: rmd160, sha1, sha256, size</msg></result>
<result><category>dev-java</category><package>jdbc-oracle-bin</package><version>10.2.0.4</version><class>MissingChksum</class><msg>"jdbc-oracle-bin-10.2.0.4-orai18n.jar" missing required chksums: sha512, whirlpool; has chksums: rmd160, sha1, sha256, size</msg></result>
<result><category>dev-java</category><package>jdom</package><version>2.0.6</version><class>DroppedKeywordWarning</class><msg>keywords dropped: arm</msg></result>
<result><category>dev-java</category><package>jgoodies-forms</package><version>1.8.0</version><class>DroppedKeywordWarning</class><msg>keywords dropped: ppc, ppc64</msg></result>
<result><category>dev-java</category><package>jgoodies-looks</package><version>2.6.0</version><class>DroppedKeywordWarning</class><msg>keywords dropped: ppc</msg></result>
<result><category>dev-java</category><package>jline</package><version>2.12.1</version><class>DroppedKeywordWarning</class><msg>keywords dropped: ppc</msg></result>
<result><category>dev-java</category><package>jmf-bin</package><version>2.1.1e-r2</version><class>MissingChksum</class><msg>"jmf-2_1_1e-alljava.zip" missing required chksums: sha512, whirlpool; has chksums: rmd160, sha1, sha256, size</msg></result>
<result><category>dev-java</category><package>jmock</package><version>2.6.1</version><class>DroppedKeywordWarning</class><msg>keywords dropped: arm, ppc, ppc64</msg></result>
<result><category>dev-java</category><package>jnr-x86asm</package><version>1.0.1</version><class>DroppedKeywordWarning</class><msg>keywords dropped: ppc</msg></result>
<result><category>dev-java</category><package>joda-time</package><version>2.2</version><class>DroppedKeywordWarning</class><msg>keywords dropped: ppc, ppc64</msg></result>
<result><category>dev-java</category><package>jruby</package><version>1.7.12</version><class>NonExistentDeps</class><msg>depset depends: nonexistent atoms [ &gt;=dev-java/jnr-netdb-1.0:0 ]</msg></result>
<result><category>dev-java</category><package>jruby</package><version>1.7.12</version><class>NonExistentDeps</class><msg>depset rdepends: nonexistent atoms [ &gt;=dev-java/jnr-netdb-1.0:0 ]</msg></result>
<result><category>dev-java</category><package>jscience</package><version>1.0.4-r1</version><class>NonExistentDeps</class><msg>depset depends: nonexistent atoms [ ~dev-java/javolution-2.2.4 ]</msg></result>
<result><category>dev-java</category><package>jscience</package><version>1.0.4-r1</version><class>NonExistentDeps</class><msg>depset rdepends: nonexistent atoms [ ~dev-java/javolution-2.2.4 ]</msg></result>
<result><category>dev-java</category><package>jta</package><version>1.0.1-r1</version><class>MissingChksum</class><msg>"jta-1_0_1B-classes.zip" missing required chksums: sha512, whirlpool; has chksums: sha256, size</msg></result>
<result><category>dev-java</category><package>junit</package><version>4.11</version><class>DroppedKeywordWarning</class><msg>keywords dropped: arm</msg></result>
<result><category>dev-java</category><package>jvmstat</package><version>3.0</version><class>MissingChksum</class><msg>"jvmstat-3_0.zip" missing required chksums: sha512, whirlpool; has chksums: sha256, size</msg></result>
<result><category>dev-java</category><package>jython</package><version>2.5.3-r3</version><class>DroppedKeywordWarning</class><msg>keywords dropped: ppc</msg></result>
<result><category>dev-java</category><package>jython</package><version>2.2.1-r1</version><class>DroppedKeywordWarning</class><msg>keywords dropped: ppc64</msg></result>
<result><category>dev-java</category><package>lucene</package><version>2.2.0</version><class>DroppedKeywordWarning</class><msg>keywords dropped: ppc64</msg></result>
<result><category>dev-java</category><package>lucene</package><version>3.4.0</version><class>DroppedKeywordWarning</class><msg>keywords dropped: ppc</msg></result>
<result><category>dev-java</category><package>maven-bin</package><version>3.1.0</version><class>DroppedKeywordWarning</class><msg>keywords dropped: ppc</msg></result>
<result><category>dev-java</category><package>mojarra</package><version>2.2.12-r1</version><class>WhitespaceFound</class><msg>ebuild has trailing whitespace on lines 51, 52</msg></result>
<result><category>dev-java</category><package>oracle-jdk-bin</package><version>1.7.0.80</version><class>VulnerablePackage</class><msg>vulnerable via glsa(201507-14) ( ( ver &lt; 1.8.0.31 || ver &lt; 1.7.0.76 ) ), keywords ('amd64', 'amd64-linux', 'sparc-solaris', 'sparc64-solaris', 'x64-macos', 'x64-solaris', 'x86', 'x86-linux', 'x86-macos', 'x86-solaris')</msg></result>
<result><category>dev-java</category><package>oracle-jdk-bin</package><version>1.8.0.65</version><class>BadRestricts</class><msg>unknown restricts: preserve-libs</msg></result>
<result><category>dev-java</category><package>oracle-jdk-bin</package><version>1.8.0.66</version><class>BadRestricts</class><msg>unknown restricts: preserve-libs</msg></result>
<result><category>dev-java</category><package>oracle-jdk-bin</package><version>1.8.0.65</version><class>DroppedKeywordWarning</class><msg>keywords dropped: amd64, x86</msg></result>
<result><category>dev-java</category><package>oracle-jdk-bin</package><version>1.8.0.66</version><class>DroppedKeywordWarning</class><msg>keywords dropped: arm, arm64</msg></result>
<result><category>dev-java</category><package>oracle-jre-bin</package><version>1.7.0.80</version><class>VulnerablePackage</class><msg>vulnerable via glsa(201507-14) ( ( ver &lt; 1.8.0.31 || ver &lt; 1.7.0.76 ) ), keywords ('amd64', 'x86')</msg></result>
<result><category>dev-java</category><package>oracle-jre-bin</package><version>1.8.0.66</version><class>BadRestricts</class><msg>unknown restricts: preserve-libs</msg></result>
<result><category>dev-java</category><package>pdf-renderer</package><version>1.0.5</version><class>DroppedKeywordWarning</class><msg>keywords dropped: ppc, ppc64</msg></result>
<result><category>dev-java</category><package>proguard</package><version>4.5</version><class>NonExistentDeps</class><msg>depset depends: nonexistent atoms [ &gt;=dev-java/sun-j2me-bin-2.2:0 ]</msg></result>
<result><category>dev-java</category><package>proguard</package><version>4.5</version><class>NonExistentDeps</class><msg>depset rdepends: nonexistent atoms [ &gt;=dev-java/sun-j2me-bin-2.2:0 ]</msg></result>
<result><category>dev-java</category><package>proguard</package><version>4.7</version><class>NonExistentDeps</class><msg>depset depends: nonexistent atoms [ &gt;=dev-java/sun-j2me-bin-2.2:0 ]</msg></result>
<result><category>dev-java</category><package>proguard</package><version>4.7</version><class>NonExistentDeps</class><msg>depset rdepends: nonexistent atoms [ &gt;=dev-java/sun-j2me-bin-2.2:0 ]</msg></result>
<result><category>dev-java</category><package>proguard</package><version>4.8</version><class>NonExistentDeps</class><msg>depset depends: nonexistent atoms [ &gt;=dev-java/sun-j2me-bin-2.2:0 ]</msg></result>
<result><category>dev-java</category><package>proguard</package><version>4.8</version><class>NonExistentDeps</class><msg>depset rdepends: nonexistent atoms [ &gt;=dev-java/sun-j2me-bin-2.2:0 ]</msg></result>
<result><category>dev-java</category><package>qdox</package><version>1.12-r1</version><class>DroppedKeywordWarning</class><msg>keywords dropped: arm</msg></result>
<result><category>dev-java</category><package>sun-j2ee-deployment-bin</package><version>1.1-r2</version><class>MissingChksum</class><msg>"j2ee_deployment-1_1-fr-class.zip" missing required chksums: sha512, whirlpool; has chksums: rmd160, sha1, sha256, size</msg></result>
<result><category>dev-java</category><package>sun-j2ee-deployment-bin</package><version>1.1-r2</version><class>MissingChksum</class><msg>"j2ee_deployment-1_1-fr-doc.zip" missing required chksums: sha512, whirlpool; has chksums: rmd160, sha1, sha256, size</msg></result>
<result><category>dev-java</category><package>sun-jai-bin</package><version>1.1.3-r1</version><class>DroppedKeywordWarning</class><msg>keywords dropped: ppc, ppc64, x86</msg></result>
<result><category>dev-java</category><package>sun-java3d-bin</package><version>1.3.2-r1</version><class>MissingChksum</class><msg>"java3d-1_3_2-linux-amd64.zip" missing required chksums: sha512, whirlpool; has chksums: sha256, size</msg></result>
<result><category>dev-java</category><package>sun-java3d-bin</package><version>1.3.2-r1</version><class>MissingChksum</class><msg>"java3d-1_3_2-linux-i586.zip" missing required chksums: sha512, whirlpool; has chksums: sha256, size</msg></result>
<result><category>dev-java</category><package>sun-java3d-bin</package><version>1.4.0_pre5-r1</version><class>MissingChksum</class><msg>"java3d-1_4_0-build5-linux-i586.zip" missing required chksums: sha512, whirlpool; has chksums: sha256, size</msg></result>
<result><category>dev-java</category><package>sun-jce-bin</package><version>1.6.0</version><class>MissingChksum</class><msg>"jce_policy-6.zip" missing required chksums: sha512, whirlpool; has chksums: rmd160, sha1, sha256, size</msg></result>
<result><category>dev-java</category><package>sun-jdk</package><version>1.6.0.45</version><class>VulnerablePackage</class><msg>vulnerable via glsa(201401-30) ( ver &lt;= 1.6.0.45 ), keywords ('amd64', 'amd64-linux', 'sparc-solaris', 'sparc64-solaris', 'x64-solaris', 'x86', 'x86-linux', 'x86-solaris')</msg></result>
<result><category>dev-java</category><package>sun-jms</package><version>1.1-r2</version><class>MissingChksum</class><msg>"jms-1_1-fr-apidocs.zip" missing required chksums: sha512, whirlpool; has chksums: sha256, size</msg></result>
<result><category>dev-java</category><package>sun-jmx</package><version>1.2.1-r3</version><class>MissingChksum</class><msg>"jmx-1_2_1-ri.zip" missing required chksums: sha512, whirlpool; has chksums: sha256, size</msg></result>
<result><category>dev-java</category><package>sun-jre-bin</package><version>1.6.0.45</version><class>VulnerablePackage</class><msg>vulnerable via glsa(201401-30) ( ver &lt;= 1.6.0.45 ), keywords ('amd64', 'x86')</msg></result>
<result><category>dev-java</category><package>swt</package><version>3.5.2</version><class>NonExistentDeps</class><msg>depset depends: nonexistent atoms [ &lt;x11-proto/xextproto-7.1 ]</msg></result>
<result><category>dev-java</category><package>swt</package><version>3.6.1</version><class>NonExistentDeps</class><msg>depset depends: nonexistent atoms [ &lt;x11-proto/xextproto-7.1 ]</msg></result>
<result><category>dev-java</category><package>tomcat-native</package><version>1.1.32</version><class>MissingSlotDep</class><msg>'dev-libs/openssl' matches more than one slot: [ 0, 0.9.8 ]</msg></result>
<result><category>dev-java</category><package>tomcat-servlet-api</package><version>8.0.23</version><class>DroppedKeywordWarning</class><msg>keywords dropped: ppc, ppc64</msg></result>
<result><category>dev-java</category><package>tomcat-servlet-api</package><version>7.0.59</version><class>DroppedKeywordWarning</class><msg>keywords dropped: arm</msg></result>
<result><category>dev-java</category><package>typesafe-config</package><version>1.3.0-r1</version><class>DroppedKeywordWarning</class><msg>keywords dropped: ppc, ppc64</msg></result>
<result><category>dev-java</category><package>xml-xmlbeans</package><version>2.6.0</version><class>DroppedKeywordWarning</class><msg>keywords dropped: arm</msg></result>
<result><category>dev-java</category><package>xstream</package><version>1.4.8-r1</version><class>WhitespaceFound</class><msg>ebuild has trailing whitespace on line 51</msg></result>
<result><category>dev-java</category><package>xstream</package><version>1.4.8-r1</version><class>DroppedKeywordWarning</class><msg>keywords dropped: ppc, ppc64</msg></result>
<result><category>net-analyzer</category><package>argus-clients</package><version>3.0.8</version><class>MissingSlotDep</class><msg>'sys-libs/readline' matches more than one slot: [ 0, 4, 5 ]</msg></result>
<result><category>net-analyzer</category><package>argus-clients</package><version>3.0.8</version><class>MissingSlotDep</class><msg>'sys-libs/ncurses' matches more than one slot: [ 0, 5 ]</msg></result>
<result><category>net-analyzer</category><package>arpwatch</package><version>2.1.15-r6</version><class>MissingSlotDep</class><msg>'sys-libs/ncurses' matches more than one slot: [ 0, 5 ]</msg></result>
<result><category>net-analyzer</category><package>arpwatch</package><version>2.1.15-r7</version><class>MissingSlotDep</class><msg>'sys-libs/ncurses' matches more than one slot: [ 0, 5 ]</msg></result>
<result><category>net-analyzer</category><package>bwmon</package><version>1.3-r2</version><class>MissingSlotDep</class><msg>'sys-libs/ncurses' matches more than one slot: [ 0, 5 ]</msg></result>
<result><category>net-analyzer</category><package>cbm</package><version>0.1-r1</version><class>MissingSlotDep</class><msg>'sys-libs/ncurses' matches more than one slot: [ 0, 5 ]</msg></result>
<result><category>net-analyzer</category><package>check_mk</package><version>1.2.4_p5</version><class>NonExistentDeps</class><msg>depset rdepends: nonexistent atoms [ dev-lang/python:2.6 ]</msg></result>
<result><category>net-analyzer</category><package>driftnet</package><version>0.1.6_p20090401</version><class>MissingSlotDep</class><msg>'media-libs/libpng' matches more than one slot: [ 0, 1.2, 1.5 ]</msg></result>
<result><category>net-analyzer</category><package>driftnet</package><version>0.1.6_p20090401</version><class>MissingSlotDep</class><msg>'virtual/jpeg' matches more than one slot: [ 0, 62 ]</msg></result>
<result><category>net-analyzer</category><package>ettercap</package><version>0.8.2</version><class>MissingSlotDep</class><msg>'dev-libs/openssl' matches more than one slot: [ 0, 0.9.8 ]</msg></result>
<result><category>net-analyzer</category><package>ettercap</package><version>9999</version><class>MissingSlotDep</class><msg>'dev-libs/openssl' matches more than one slot: [ 0, 0.9.8 ]</msg></result>
<result><category>net-analyzer</category><package>fail2ban</package><version>0.9.2</version><class>MetadataError</class><msg>attr(depends): error- Metadata Exception: pkg ebuild src: net-analyzer/fail2ban-0.9.2, attr depends
error: Metadata Exception: pkg ebuild src: net-analyzer/fail2ban-0.9.2, attr data
error: False</msg></result>
<result><category>net-analyzer</category><package>fail2ban</package><version>0.9.2</version><class>MetadataError</class><msg>attr(rdepends): error- Metadata Exception: pkg ebuild src: net-analyzer/fail2ban-0.9.2, attr rdepends
error: Metadata Exception: pkg ebuild src: net-analyzer/fail2ban-0.9.2, attr data
error: False</msg></result>
<result><category>net-analyzer</category><package>fail2ban</package><version>0.9.2</version><class>MetadataError</class><msg>attr(post_rdepends): error- Metadata Exception: pkg ebuild src: net-analyzer/fail2ban-0.9.2, attr post_rdepends
error: Metadata Exception: pkg ebuild src: net-analyzer/fail2ban-0.9.2, attr data
error: False</msg></result>
<result><category>net-analyzer</category><package>fail2ban</package><version>0.9.2</version><class>MetadataError</class><msg>attr(license): error- Metadata Exception: pkg ebuild src: net-analyzer/fail2ban-0.9.2, attr license
error: Metadata Exception: pkg ebuild src: net-analyzer/fail2ban-0.9.2, attr data
error: False</msg></result>
<result><category>net-analyzer</category><package>fail2ban</package><version>0.9.2</version><class>MetadataError</class><msg>attr(fetchables): error- Metadata Exception: pkg ebuild src: net-analyzer/fail2ban-0.9.2, attr fetchables
error: Metadata Exception: pkg ebuild src: net-analyzer/fail2ban-0.9.2, attr data
error: False</msg></result>
<result><category>net-analyzer</category><package>fail2ban</package><version>0.9.2-r1</version><class>MetadataError</class><msg>attr(depends): error- Metadata Exception: pkg ebuild src: net-analyzer/fail2ban-0.9.2-r1, attr depends
error: Metadata Exception: pkg ebuild src: net-analyzer/fail2ban-0.9.2-r1, attr data
error: False</msg></result>
<result><category>net-analyzer</category><package>fail2ban</package><version>0.9.2-r1</version><class>MetadataError</class><msg>attr(rdepends): error- Metadata Exception: pkg ebuild src: net-analyzer/fail2ban-0.9.2-r1, attr rdepends
error: Metadata Exception: pkg ebuild src: net-analyzer/fail2ban-0.9.2-r1, attr data
error: False</msg></result>
<result><category>net-analyzer</category><package>fail2ban</package><version>0.9.2-r1</version><class>MetadataError</class><msg>attr(post_rdepends): error- Metadata Exception: pkg ebuild src: net-analyzer/fail2ban-0.9.2-r1, attr post_rdepends
error: Metadata Exception: pkg ebuild src: net-analyzer/fail2ban-0.9.2-r1, attr data
error: False</msg></result>
<result><category>net-analyzer</category><package>fail2ban</package><version>0.9.2-r1</version><class>MetadataError</class><msg>attr(license): error- Metadata Exception: pkg ebuild src: net-analyzer/fail2ban-0.9.2-r1, attr license
error: Metadata Exception: pkg ebuild src: net-analyzer/fail2ban-0.9.2-r1, attr data
error: False</msg></result>
<result><category>net-analyzer</category><package>fail2ban</package><version>0.9.2-r1</version><class>MetadataError</class><msg>attr(fetchables): error- Metadata Exception: pkg ebuild src: net-analyzer/fail2ban-0.9.2-r1, attr fetchables
error: Metadata Exception: pkg ebuild src: net-analyzer/fail2ban-0.9.2-r1, attr data
error: False</msg></result>
<result><category>net-analyzer</category><package>fail2ban</package><version>0.9.3</version><class>MetadataError</class><msg>attr(depends): error- Metadata Exception: pkg ebuild src: net-analyzer/fail2ban-0.9.3, attr depends
error: Metadata Exception: pkg ebuild src: net-analyzer/fail2ban-0.9.3, attr data
error: False</msg></result>
<result><category>net-analyzer</category><package>fail2ban</package><version>0.9.3</version><class>MetadataError</class><msg>attr(rdepends): error- Metadata Exception: pkg ebuild src: net-analyzer/fail2ban-0.9.3, attr rdepends
error: Metadata Exception: pkg ebuild src: net-analyzer/fail2ban-0.9.3, attr data
error: False</msg></result>
<result><category>net-analyzer</category><package>fail2ban</package><version>0.9.3</version><class>MetadataError</class><msg>attr(post_rdepends): error- Metadata Exception: pkg ebuild src: net-analyzer/fail2ban-0.9.3, attr post_rdepends
error: Metadata Exception: pkg ebuild src: net-analyzer/fail2ban-0.9.3, attr data
error: False</msg></result>
<result><category>net-analyzer</category><package>fail2ban</package><version>0.9.3</version><class>MetadataError</class><msg>attr(license): error- Metadata Exception: pkg ebuild src: net-analyzer/fail2ban-0.9.3, attr license
error: Metadata Exception: pkg ebuild src: net-analyzer/fail2ban-0.9.3, attr data
error: False</msg></result>
<result><category>net-analyzer</category><package>fail2ban</package><version>0.9.3</version><class>MetadataError</class><msg>attr(fetchables): error- Metadata Exception: pkg ebuild src: net-analyzer/fail2ban-0.9.3, attr fetchables
error: Metadata Exception: pkg ebuild src: net-analyzer/fail2ban-0.9.3, attr data
error: False</msg></result>
<result><category>net-analyzer</category><package>fail2ban</package><version>99999999</version><class>MetadataError</class><msg>attr(depends): error- Metadata Exception: pkg ebuild src: net-analyzer/fail2ban-99999999, attr depends
error: Metadata Exception: pkg ebuild src: net-analyzer/fail2ban-99999999, attr data
error: False</msg></result>
<result><category>net-analyzer</category><package>fail2ban</package><version>99999999</version><class>MetadataError</class><msg>attr(rdepends): error- Metadata Exception: pkg ebuild src: net-analyzer/fail2ban-99999999, attr rdepends
error: Metadata Exception: pkg ebuild src: net-analyzer/fail2ban-99999999, attr data
error: False</msg></result>
<result><category>net-analyzer</category><package>fail2ban</package><version>99999999</version><class>MetadataError</class><msg>attr(post_rdepends): error- Metadata Exception: pkg ebuild src: net-analyzer/fail2ban-99999999, attr post_rdepends
error: Metadata Exception: pkg ebuild src: net-analyzer/fail2ban-99999999, attr data
error: False</msg></result>
<result><category>net-analyzer</category><package>fail2ban</package><version>99999999</version><class>MetadataError</class><msg>attr(license): error- Metadata Exception: pkg ebuild src: net-analyzer/fail2ban-99999999, attr license
error: Metadata Exception: pkg ebuild src: net-analyzer/fail2ban-99999999, attr data
error: False</msg></result>
<result><category>net-analyzer</category><package>fail2ban</package><version>99999999</version><class>MetadataError</class><msg>attr(fetchables): error- Metadata Exception: pkg ebuild src: net-analyzer/fail2ban-99999999, attr fetchables
error: Metadata Exception: pkg ebuild src: net-analyzer/fail2ban-99999999, attr data
error: False</msg></result>
<result><category>net-analyzer</category><package>ffp</package><version>0.0.8-r1</version><class>MissingSlotDep</class><msg>'dev-libs/openssl' matches more than one slot: [ 0, 0.9.8 ]</msg></result>
<result><category>net-analyzer</category><package>gr-fosphor</package><version>9999</version><class>MetadataError</class><msg>attr(depends): error- Metadata Exception: pkg ebuild src: net-analyzer/gr-fosphor-9999, attr depends
error: Metadata Exception: pkg ebuild src: net-analyzer/gr-fosphor-9999, attr data
error: False</msg></result>
<result><category>net-analyzer</category><package>gr-fosphor</package><version>9999</version><class>MetadataError</class><msg>attr(rdepends): error- Metadata Exception: pkg ebuild src: net-analyzer/gr-fosphor-9999, attr rdepends
error: Metadata Exception: pkg ebuild src: net-analyzer/gr-fosphor-9999, attr data
error: False</msg></result>
<result><category>net-analyzer</category><package>gr-fosphor</package><version>9999</version><class>MetadataError</class><msg>attr(post_rdepends): error- Metadata Exception: pkg ebuild src: net-analyzer/gr-fosphor-9999, attr post_rdepends
error: Metadata Exception: pkg ebuild src: net-analyzer/gr-fosphor-9999, attr data
error: False</msg></result>
<result><category>net-analyzer</category><package>gr-fosphor</package><version>9999</version><class>MetadataError</class><msg>attr(license): error- Metadata Exception: pkg ebuild src: net-analyzer/gr-fosphor-9999, attr license
error: Metadata Exception: pkg ebuild src: net-analyzer/gr-fosphor-9999, attr data
error: False</msg></result>
<result><category>net-analyzer</category><package>gr-fosphor</package><version>9999</version><class>MetadataError</class><msg>attr(fetchables): error- Metadata Exception: pkg ebuild src: net-analyzer/gr-fosphor-9999, attr fetchables
error: Metadata Exception: pkg ebuild src: net-analyzer/gr-fosphor-9999, attr data
error: False</msg></result>
<result><category>net-analyzer</category><package>gsm-receiver</package><version>9999</version><class>MetadataError</class><msg>attr(depends): error- Metadata Exception: pkg ebuild src: net-analyzer/gsm-receiver-9999, attr depends
error: Metadata Exception: pkg ebuild src: net-analyzer/gsm-receiver-9999, attr data
error: False</msg></result>
<result><category>net-analyzer</category><package>gsm-receiver</package><version>9999</version><class>MetadataError</class><msg>attr(rdepends): error- Metadata Exception: pkg ebuild src: net-analyzer/gsm-receiver-9999, attr rdepends
error: Metadata Exception: pkg ebuild src: net-analyzer/gsm-receiver-9999, attr data
error: False</msg></result>
<result><category>net-analyzer</category><package>gsm-receiver</package><version>9999</version><class>MetadataError</class><msg>attr(post_rdepends): error- Metadata Exception: pkg ebuild src: net-analyzer/gsm-receiver-9999, attr post_rdepends
error: Metadata Exception: pkg ebuild src: net-analyzer/gsm-receiver-9999, attr data
error: False</msg></result>
<result><category>net-analyzer</category><package>gsm-receiver</package><version>9999</version><class>MetadataError</class><msg>attr(license): error- Metadata Exception: pkg ebuild src: net-analyzer/gsm-receiver-9999, attr license
error: Metadata Exception: pkg ebuild src: net-analyzer/gsm-receiver-9999, attr data
error: False</msg></result>
<result><category>net-analyzer</category><package>gsm-receiver</package><version>9999</version><class>MetadataError</class><msg>attr(fetchables): error- Metadata Exception: pkg ebuild src: net-analyzer/gsm-receiver-9999, attr fetchables
error: Metadata Exception: pkg ebuild src: net-analyzer/gsm-receiver-9999, attr data
error: False</msg></result>
<result><category>net-analyzer</category><package>httping</package><version>2.4</version><class>MissingSlotDep</class><msg>'dev-libs/openssl' matches more than one slot: [ 0, 0.9.8 ]</msg></result>
<result><category>net-analyzer</category><package>hydra</package><version>8.1</version><class>MissingSlotDep</class><msg>'dev-libs/openssl' matches more than one slot: [ 0, 0.9.8 ]</msg></result>
<result><category>net-analyzer</category><package>ipguard</package><version>1.04</version><class>MissingSlotDep</class><msg>'net-libs/libnet' matches more than one slot: [ 1.0, 1.1 ]</msg></result>
<result><category>net-analyzer</category><package>jnettop</package><version>0.13.0-r1</version><class>MissingSlotDep</class><msg>'sys-libs/ncurses' matches more than one slot: [ 0, 5 ]</msg></result>
<result><category>net-analyzer</category><package>mbrowse</package><version>0.4.3</version><class>MissingSlotDep</class><msg>'dev-libs/glib' matches more than one slot: [ 1, 2 ]</msg></result>
<result><category>net-analyzer</category><package>nagios-check_rbl</package><version>1.3.7</version><class>DroppedKeywordWarning</class><msg>keywords dropped: x86</msg></result>
<result><category>net-analyzer</category><package>nagios-core</package><version>4.0.8-r2</version><class>MissingSlotDep</class><msg>'dev-libs/libltdl' matches more than one slot: [ 0, 1.3, 1.5 ]</msg></result>
<result><category>net-analyzer</category><package>nbwmon</package><version>0.4.3</version><class>MissingSlotDep</class><msg>'sys-libs/ncurses' matches more than one slot: [ 0, 5 ]</msg></result>
<result><category>net-analyzer</category><package>nbwmon</package><version>0.5.1</version><class>MissingSlotDep</class><msg>'sys-libs/ncurses' matches more than one slot: [ 0, 5 ]</msg></result>
<result><category>net-analyzer</category><package>nbwmon</package><version>0.5.2</version><class>MissingSlotDep</class><msg>'sys-libs/ncurses' matches more than one slot: [ 0, 5 ]</msg></result>
<result><category>net-analyzer</category><package>nessus-bin</package><version>4.4.1</version><class>MissingChksum</class><msg>"Nessus-4.4.1-es6.i686.rpm" missing required chksums: sha512, whirlpool; has chksums: sha256, size</msg></result>
<result><category>net-analyzer</category><package>nessus-bin</package><version>4.4.1</version><class>MissingChksum</class><msg>"Nessus-4.4.1-es6.x86_64.rpm" missing required chksums: sha512, whirlpool; has chksums: sha256, size</msg></result>
<result><category>net-analyzer</category><package>nessus-core</package><version>2.2.9-r1</version><class>NonExistentDeps</class><msg>depset depends: nonexistent atoms [ dev-libs/libprelude ]</msg></result>
<result><category>net-analyzer</category><package>nessus-core</package><version>2.2.9-r1</version><class>NonExistentDeps</class><msg>depset rdepends: nonexistent atoms [ dev-libs/libprelude ]</msg></result>
<result><category>net-analyzer</category><package>net-snmp</package><version>5.7.3_pre5-r1</version><class>MetadataError</class><msg>attr(depends): error- Metadata Exception: pkg ebuild src: net-analyzer/net-snmp-5.7.3_pre5-r1, attr depends
error: Metadata Exception: pkg ebuild src: net-analyzer/net-snmp-5.7.3_pre5-r1, attr data
error: False</msg></result>
<result><category>net-analyzer</category><package>net-snmp</package><version>5.7.3_pre5-r1</version><class>MetadataError</class><msg>attr(rdepends): error- Metadata Exception: pkg ebuild src: net-analyzer/net-snmp-5.7.3_pre5-r1, attr rdepends
error: Metadata Exception: pkg ebuild src: net-analyzer/net-snmp-5.7.3_pre5-r1, attr data
error: False</msg></result>
<result><category>net-analyzer</category><package>net-snmp</package><version>5.7.3_pre5-r1</version><class>MetadataError</class><msg>attr(post_rdepends): error- Metadata Exception: pkg ebuild src: net-analyzer/net-snmp-5.7.3_pre5-r1, attr post_rdepends
error: Metadata Exception: pkg ebuild src: net-analyzer/net-snmp-5.7.3_pre5-r1, attr data
error: False</msg></result>
<result><category>net-analyzer</category><package>net-snmp</package><version>5.7.3_pre5-r1</version><class>MetadataError</class><msg>attr(license): error- Metadata Exception: pkg ebuild src: net-analyzer/net-snmp-5.7.3_pre5-r1, attr license
error: Metadata Exception: pkg ebuild src: net-analyzer/net-snmp-5.7.3_pre5-r1, attr data
error: False</msg></result>
<result><category>net-analyzer</category><package>net-snmp</package><version>5.7.3_pre5-r1</version><class>MetadataError</class><msg>attr(fetchables): error- Metadata Exception: pkg ebuild src: net-analyzer/net-snmp-5.7.3_pre5-r1, attr fetchables
error: Metadata Exception: pkg ebuild src: net-analyzer/net-snmp-5.7.3_pre5-r1, attr data
error: False</msg></result>
<result><category>net-analyzer</category><package>net-snmp</package><version>5.7.3-r1</version><class>MetadataError</class><msg>attr(depends): error- Metadata Exception: pkg ebuild src: net-analyzer/net-snmp-5.7.3-r1, attr depends
error: Metadata Exception: pkg ebuild src: net-analyzer/net-snmp-5.7.3-r1, attr data
error: False</msg></result>
<result><category>net-analyzer</category><package>net-snmp</package><version>5.7.3-r1</version><class>MetadataError</class><msg>attr(rdepends): error- Metadata Exception: pkg ebuild src: net-analyzer/net-snmp-5.7.3-r1, attr rdepends
error: Metadata Exception: pkg ebuild src: net-analyzer/net-snmp-5.7.3-r1, attr data
error: False</msg></result>
<result><category>net-analyzer</category><package>net-snmp</package><version>5.7.3-r1</version><class>MetadataError</class><msg>attr(post_rdepends): error- Metadata Exception: pkg ebuild src: net-analyzer/net-snmp-5.7.3-r1, attr post_rdepends
error: Metadata Exception: pkg ebuild src: net-analyzer/net-snmp-5.7.3-r1, attr data
error: False</msg></result>
<result><category>net-analyzer</category><package>net-snmp</package><version>5.7.3-r1</version><class>MetadataError</class><msg>attr(license): error- Metadata Exception: pkg ebuild src: net-analyzer/net-snmp-5.7.3-r1, attr license
error: Metadata Exception: pkg ebuild src: net-analyzer/net-snmp-5.7.3-r1, attr data
error: False</msg></result>
<result><category>net-analyzer</category><package>net-snmp</package><version>5.7.3-r1</version><class>MetadataError</class><msg>attr(fetchables): error- Metadata Exception: pkg ebuild src: net-analyzer/net-snmp-5.7.3-r1, attr fetchables
error: Metadata Exception: pkg ebuild src: net-analyzer/net-snmp-5.7.3-r1, attr data
error: False</msg></result>
<result><category>net-analyzer</category><package>net-snmp</package><version>5.7.3-r2</version><class>MetadataError</class><msg>attr(depends): error- Metadata Exception: pkg ebuild src: net-analyzer/net-snmp-5.7.3-r2, attr depends
error: Metadata Exception: pkg ebuild src: net-analyzer/net-snmp-5.7.3-r2, attr data
error: False</msg></result>
<result><category>net-analyzer</category><package>net-snmp</package><version>5.7.3-r2</version><class>MetadataError</class><msg>attr(rdepends): error- Metadata Exception: pkg ebuild src: net-analyzer/net-snmp-5.7.3-r2, attr rdepends
error: Metadata Exception: pkg ebuild src: net-analyzer/net-snmp-5.7.3-r2, attr data
error: False</msg></result>
<result><category>net-analyzer</category><package>net-snmp</package><version>5.7.3-r2</version><class>MetadataError</class><msg>attr(post_rdepends): error- Metadata Exception: pkg ebuild src: net-analyzer/net-snmp-5.7.3-r2, attr post_rdepends
error: Metadata Exception: pkg ebuild src: net-analyzer/net-snmp-5.7.3-r2, attr data
error: False</msg></result>
<result><category>net-analyzer</category><package>net-snmp</package><version>5.7.3-r2</version><class>MetadataError</class><msg>attr(license): error- Metadata Exception: pkg ebuild src: net-analyzer/net-snmp-5.7.3-r2, attr license
error: Metadata Exception: pkg ebuild src: net-analyzer/net-snmp-5.7.3-r2, attr data
error: False</msg></result>
<result><category>net-analyzer</category><package>net-snmp</package><version>5.7.3-r2</version><class>MetadataError</class><msg>attr(fetchables): error- Metadata Exception: pkg ebuild src: net-analyzer/net-snmp-5.7.3-r2, attr fetchables
error: Metadata Exception: pkg ebuild src: net-analyzer/net-snmp-5.7.3-r2, attr data
error: False</msg></result>
<result><category>net-analyzer</category><package>net-snmp</package><version>5.7.3-r3</version><class>MetadataError</class><msg>attr(depends): error- Metadata Exception: pkg ebuild src: net-analyzer/net-snmp-5.7.3-r3, attr depends
error: Metadata Exception: pkg ebuild src: net-analyzer/net-snmp-5.7.3-r3, attr data
error: False</msg></result>
<result><category>net-analyzer</category><package>net-snmp</package><version>5.7.3-r3</version><class>MetadataError</class><msg>attr(rdepends): error- Metadata Exception: pkg ebuild src: net-analyzer/net-snmp-5.7.3-r3, attr rdepends
error: Metadata Exception: pkg ebuild src: net-analyzer/net-snmp-5.7.3-r3, attr data
error: False</msg></result>
<result><category>net-analyzer</category><package>net-snmp</package><version>5.7.3-r3</version><class>MetadataError</class><msg>attr(post_rdepends): error- Metadata Exception: pkg ebuild src: net-analyzer/net-snmp-5.7.3-r3, attr post_rdepends
error: Metadata Exception: pkg ebuild src: net-analyzer/net-snmp-5.7.3-r3, attr data
error: False</msg></result>
<result><category>net-analyzer</category><package>net-snmp</package><version>5.7.3-r3</version><class>MetadataError</class><msg>attr(license): error- Metadata Exception: pkg ebuild src: net-analyzer/net-snmp-5.7.3-r3, attr license
error: Metadata Exception: pkg ebuild src: net-analyzer/net-snmp-5.7.3-r3, attr data
error: False</msg></result>
<result><category>net-analyzer</category><package>net-snmp</package><version>5.7.3-r3</version><class>MetadataError</class><msg>attr(fetchables): error- Metadata Exception: pkg ebuild src: net-analyzer/net-snmp-5.7.3-r3, attr fetchables
error: Metadata Exception: pkg ebuild src: net-analyzer/net-snmp-5.7.3-r3, attr data
error: False</msg></result>
<result><category>net-analyzer</category><package>net-snmp</package><version>5.7.3-r4</version><class>MetadataError</class><msg>attr(depends): error- Metadata Exception: pkg ebuild src: net-analyzer/net-snmp-5.7.3-r4, attr depends
error: Metadata Exception: pkg ebuild src: net-analyzer/net-snmp-5.7.3-r4, attr data
error: False</msg></result>
<result><category>net-analyzer</category><package>net-snmp</package><version>5.7.3-r4</version><class>MetadataError</class><msg>attr(rdepends): error- Metadata Exception: pkg ebuild src: net-analyzer/net-snmp-5.7.3-r4, attr rdepends
error: Metadata Exception: pkg ebuild src: net-analyzer/net-snmp-5.7.3-r4, attr data
error: False</msg></result>
<result><category>net-analyzer</category><package>net-snmp</package><version>5.7.3-r4</version><class>MetadataError</class><msg>attr(post_rdepends): error- Metadata Exception: pkg ebuild src: net-analyzer/net-snmp-5.7.3-r4, attr post_rdepends
error: Metadata Exception: pkg ebuild src: net-analyzer/net-snmp-5.7.3-r4, attr data
error: False</msg></result>
<result><category>net-analyzer</category><package>net-snmp</package><version>5.7.3-r4</version><class>MetadataError</class><msg>attr(license): error- Metadata Exception: pkg ebuild src: net-analyzer/net-snmp-5.7.3-r4, attr license
error: Metadata Exception: pkg ebuild src: net-analyzer/net-snmp-5.7.3-r4, attr data
error: False</msg></result>
<result><category>net-analyzer</category><package>net-snmp</package><version>5.7.3-r4</version><class>MetadataError</class><msg>attr(fetchables): error- Metadata Exception: pkg ebuild src: net-analyzer/net-snmp-5.7.3-r4, attr fetchables
error: Metadata Exception: pkg ebuild src: net-analyzer/net-snmp-5.7.3-r4, attr data
error: False</msg></result>
<result><category>net-analyzer</category><package>netwag</package><version>5.39.0</version><class>MissingSlotDep</class><msg>'kde-apps/konsole' matches more than one slot: [ 4, 5 ]</msg></result>
<result><category>net-analyzer</category><package>netwatch</package><version>1.3.0.1-r3</version><class>MissingSlotDep</class><msg>'sys-libs/ncurses' matches more than one slot: [ 0, 5 ]</msg></result>
<result><category>net-analyzer</category><package>nmap</package><version>6.47-r1</version><class>MetadataError</class><msg>attr(depends): error- Metadata Exception: pkg ebuild src: net-analyzer/nmap-6.47-r1, attr depends
error: Metadata Exception: pkg ebuild src: net-analyzer/nmap-6.47-r1, attr data
error: False</msg></result>
<result><category>net-analyzer</category><package>nmap</package><version>6.47-r1</version><class>MetadataError</class><msg>attr(rdepends): error- Metadata Exception: pkg ebuild src: net-analyzer/nmap-6.47-r1, attr rdepends
error: Metadata Exception: pkg ebuild src: net-analyzer/nmap-6.47-r1, attr data
error: False</msg></result>
<result><category>net-analyzer</category><package>nmap</package><version>6.47-r1</version><class>MetadataError</class><msg>attr(post_rdepends): error- Metadata Exception: pkg ebuild src: net-analyzer/nmap-6.47-r1, attr post_rdepends
error: Metadata Exception: pkg ebuild src: net-analyzer/nmap-6.47-r1, attr data
error: False</msg></result>
<result><category>net-analyzer</category><package>nmap</package><version>6.47-r1</version><class>MetadataError</class><msg>attr(license): error- Metadata Exception: pkg ebuild src: net-analyzer/nmap-6.47-r1, attr license
error: Metadata Exception: pkg ebuild src: net-analyzer/nmap-6.47-r1, attr data
error: False</msg></result>
<result><category>net-analyzer</category><package>nmap</package><version>6.47-r1</version><class>MetadataError</class><msg>attr(fetchables): error- Metadata Exception: pkg ebuild src: net-analyzer/nmap-6.47-r1, attr fetchables
error: Metadata Exception: pkg ebuild src: net-analyzer/nmap-6.47-r1, attr data
error: False</msg></result>
<result><category>net-analyzer</category><package>nmap</package><version>6.47-r3</version><class>MetadataError</class><msg>attr(depends): error- Metadata Exception: pkg ebuild src: net-analyzer/nmap-6.47-r3, attr depends
error: Metadata Exception: pkg ebuild src: net-analyzer/nmap-6.47-r3, attr data
error: False</msg></result>
<result><category>net-analyzer</category><package>nmap</package><version>6.47-r3</version><class>MetadataError</class><msg>attr(rdepends): error- Metadata Exception: pkg ebuild src: net-analyzer/nmap-6.47-r3, attr rdepends
error: Metadata Exception: pkg ebuild src: net-analyzer/nmap-6.47-r3, attr data
error: False</msg></result>
<result><category>net-analyzer</category><package>nmap</package><version>6.47-r3</version><class>MetadataError</class><msg>attr(post_rdepends): error- Metadata Exception: pkg ebuild src: net-analyzer/nmap-6.47-r3, attr post_rdepends
error: Metadata Exception: pkg ebuild src: net-analyzer/nmap-6.47-r3, attr data
error: False</msg></result>
<result><category>net-analyzer</category><package>nmap</package><version>6.47-r3</version><class>MetadataError</class><msg>attr(license): error- Metadata Exception: pkg ebuild src: net-analyzer/nmap-6.47-r3, attr license
error: Metadata Exception: pkg ebuild src: net-analyzer/nmap-6.47-r3, attr data
error: False</msg></result>
<result><category>net-analyzer</category><package>nmap</package><version>6.47-r3</version><class>MetadataError</class><msg>attr(fetchables): error- Metadata Exception: pkg ebuild src: net-analyzer/nmap-6.47-r3, attr fetchables
error: Metadata Exception: pkg ebuild src: net-analyzer/nmap-6.47-r3, attr data
error: False</msg></result>
<result><category>net-analyzer</category><package>nmap</package><version>7.00</version><class>MetadataError</class><msg>attr(depends): error- Metadata Exception: pkg ebuild src: net-analyzer/nmap-7.00, attr depends
error: Metadata Exception: pkg ebuild src: net-analyzer/nmap-7.00, attr data
error: False</msg></result>
<result><category>net-analyzer</category><package>nmap</package><version>7.00</version><class>MetadataError</class><msg>attr(rdepends): error- Metadata Exception: pkg ebuild src: net-analyzer/nmap-7.00, attr rdepends
error: Metadata Exception: pkg ebuild src: net-analyzer/nmap-7.00, attr data
error: False</msg></result>
<result><category>net-analyzer</category><package>nmap</package><version>7.00</version><class>MetadataError</class><msg>attr(post_rdepends): error- Metadata Exception: pkg ebuild src: net-analyzer/nmap-7.00, attr post_rdepends
error: Metadata Exception: pkg ebuild src: net-analyzer/nmap-7.00, attr data
error: False</msg></result>
<result><category>net-analyzer</category><package>nmap</package><version>7.00</version><class>MetadataError</class><msg>attr(license): error- Metadata Exception: pkg ebuild src: net-analyzer/nmap-7.00, attr license
error: Metadata Exception: pkg ebuild src: net-analyzer/nmap-7.00, attr data
error: False</msg></result>
<result><category>net-analyzer</category><package>nmap</package><version>7.00</version><class>MetadataError</class><msg>attr(fetchables): error- Metadata Exception: pkg ebuild src: net-analyzer/nmap-7.00, attr fetchables
error: Metadata Exception: pkg ebuild src: net-analyzer/nmap-7.00, attr data
error: False</msg></result>
<result><category>net-analyzer</category><package>nmap</package><version>9999</version><class>MetadataError</class><msg>attr(depends): error- Metadata Exception: pkg ebuild src: net-analyzer/nmap-9999, attr depends
error: Metadata Exception: pkg ebuild src: net-analyzer/nmap-9999, attr data
error: False</msg></result>
<result><category>net-analyzer</category><package>nmap</package><version>9999</version><class>MetadataError</class><msg>attr(rdepends): error- Metadata Exception: pkg ebuild src: net-analyzer/nmap-9999, attr rdepends
error: Metadata Exception: pkg ebuild src: net-analyzer/nmap-9999, attr data
error: False</msg></result>
<result><category>net-analyzer</category><package>nmap</package><version>9999</version><class>MetadataError</class><msg>attr(post_rdepends): error- Metadata Exception: pkg ebuild src: net-analyzer/nmap-9999, attr post_rdepends
error: Metadata Exception: pkg ebuild src: net-analyzer/nmap-9999, attr data
error: False</msg></result>
<result><category>net-analyzer</category><package>nmap</package><version>9999</version><class>MetadataError</class><msg>attr(license): error- Metadata Exception: pkg ebuild src: net-analyzer/nmap-9999, attr license
error: Metadata Exception: pkg ebuild src: net-analyzer/nmap-9999, attr data
error: False</msg></result>
<result><category>net-analyzer</category><package>nmap</package><version>9999</version><class>MetadataError</class><msg>attr(fetchables): error- Metadata Exception: pkg ebuild src: net-analyzer/nmap-9999, attr fetchables
error: Metadata Exception: pkg ebuild src: net-analyzer/nmap-9999, attr data
error: False</msg></result>
<result><category>net-analyzer</category><package>nrpe</package><version>2.15-r2</version><class>MissingSlotDep</class><msg>'dev-libs/openssl' matches more than one slot: [ 0, 0.9.8 ]</msg></result>
<result><category>net-analyzer</category><package>nsat</package><version>1.5-r3</version><class>MissingSlotDep</class><msg>'dev-lang/tk' matches more than one slot: [ 0, 8.5 ]</msg></result>
<result><category>net-analyzer</category><package>nstats</package><version>0.4-r2</version><class>MissingSlotDep</class><msg>'sys-libs/ncurses' matches more than one slot: [ 0, 5 ]</msg></result>
<result><category>net-analyzer</category><package>ntop</package><version>5.0.1-r1</version><class>MetadataError</class><msg>attr(depends): error- Metadata Exception: pkg ebuild src: net-analyzer/ntop-5.0.1-r1, attr depends
error: Metadata Exception: pkg ebuild src: net-analyzer/ntop-5.0.1-r1, attr data
error: False</msg></result>
<result><category>net-analyzer</category><package>ntop</package><version>5.0.1-r1</version><class>MetadataError</class><msg>attr(rdepends): error- Metadata Exception: pkg ebuild src: net-analyzer/ntop-5.0.1-r1, attr rdepends
error: Metadata Exception: pkg ebuild src: net-analyzer/ntop-5.0.1-r1, attr data
error: False</msg></result>
<result><category>net-analyzer</category><package>ntop</package><version>5.0.1-r1</version><class>MetadataError</class><msg>attr(post_rdepends): error- Metadata Exception: pkg ebuild src: net-analyzer/ntop-5.0.1-r1, attr post_rdepends
error: Metadata Exception: pkg ebuild src: net-analyzer/ntop-5.0.1-r1, attr data
error: False</msg></result>
<result><category>net-analyzer</category><package>ntop</package><version>5.0.1-r1</version><class>MetadataError</class><msg>attr(license): error- Metadata Exception: pkg ebuild src: net-analyzer/ntop-5.0.1-r1, attr license
error: Metadata Exception: pkg ebuild src: net-analyzer/ntop-5.0.1-r1, attr data
error: False</msg></result>
<result><category>net-analyzer</category><package>ntop</package><version>5.0.1-r1</version><class>MetadataError</class><msg>attr(fetchables): error- Metadata Exception: pkg ebuild src: net-analyzer/ntop-5.0.1-r1, attr fetchables
error: Metadata Exception: pkg ebuild src: net-analyzer/ntop-5.0.1-r1, attr data
error: False</msg></result>
<result><category>net-analyzer</category><package>pinger</package><version>0.32e</version><class>MissingSlotDep</class><msg>'sys-libs/ncurses' matches more than one slot: [ 0, 5 ]</msg></result>
<result><category>net-analyzer</category><package>pinger</package><version>0.33</version><class>MissingSlotDep</class><msg>'sys-libs/ncurses' matches more than one slot: [ 0, 5 ]</msg></result>
<result><category>net-analyzer</category><package>pmacct</package><version>1.5.3_pre20150925-r1</version><class>DroppedKeywordWarning</class><msg>keywords dropped: ppc</msg></result>
<result><category>net-analyzer</category><package>rrdtool</package><version>1.5.3</version><class>MetadataError</class><msg>attr(depends): error- Metadata Exception: pkg ebuild src: net-analyzer/rrdtool-1.5.3, attr depends
error: Metadata Exception: pkg ebuild src: net-analyzer/rrdtool-1.5.3, attr data
error: False</msg></result>
<result><category>net-analyzer</category><package>rrdtool</package><version>1.5.3</version><class>MetadataError</class><msg>attr(rdepends): error- Metadata Exception: pkg ebuild src: net-analyzer/rrdtool-1.5.3, attr rdepends
error: Metadata Exception: pkg ebuild src: net-analyzer/rrdtool-1.5.3, attr data
error: False</msg></result>
<result><category>net-analyzer</category><package>rrdtool</package><version>1.5.3</version><class>MetadataError</class><msg>attr(post_rdepends): error- Metadata Exception: pkg ebuild src: net-analyzer/rrdtool-1.5.3, attr post_rdepends
error: Metadata Exception: pkg ebuild src: net-analyzer/rrdtool-1.5.3, attr data
error: False</msg></result>
<result><category>net-analyzer</category><package>rrdtool</package><version>1.5.3</version><class>MetadataError</class><msg>attr(license): error- Metadata Exception: pkg ebuild src: net-analyzer/rrdtool-1.5.3, attr license
error: Metadata Exception: pkg ebuild src: net-analyzer/rrdtool-1.5.3, attr data
error: False</msg></result>
<result><category>net-analyzer</category><package>rrdtool</package><version>1.5.3</version><class>MetadataError</class><msg>attr(fetchables): error- Metadata Exception: pkg ebuild src: net-analyzer/rrdtool-1.5.3, attr fetchables
error: Metadata Exception: pkg ebuild src: net-analyzer/rrdtool-1.5.3, attr data
error: False</msg></result>
<result><category>net-analyzer</category><package>rrdtool</package><version>1.5.3-r1</version><class>MetadataError</class><msg>attr(depends): error- Metadata Exception: pkg ebuild src: net-analyzer/rrdtool-1.5.3-r1, attr depends
error: Metadata Exception: pkg ebuild src: net-analyzer/rrdtool-1.5.3-r1, attr data
error: False</msg></result>
<result><category>net-analyzer</category><package>rrdtool</package><version>1.5.3-r1</version><class>MetadataError</class><msg>attr(rdepends): error- Metadata Exception: pkg ebuild src: net-analyzer/rrdtool-1.5.3-r1, attr rdepends
error: Metadata Exception: pkg ebuild src: net-analyzer/rrdtool-1.5.3-r1, attr data
error: False</msg></result>
<result><category>net-analyzer</category><package>rrdtool</package><version>1.5.3-r1</version><class>MetadataError</class><msg>attr(post_rdepends): error- Metadata Exception: pkg ebuild src: net-analyzer/rrdtool-1.5.3-r1, attr post_rdepends
error: Metadata Exception: pkg ebuild src: net-analyzer/rrdtool-1.5.3-r1, attr data
error: False</msg></result>
<result><category>net-analyzer</category><package>rrdtool</package><version>1.5.3-r1</version><class>MetadataError</class><msg>attr(license): error- Metadata Exception: pkg ebuild src: net-analyzer/rrdtool-1.5.3-r1, attr license
error: Metadata Exception: pkg ebuild src: net-analyzer/rrdtool-1.5.3-r1, attr data
error: False</msg></result>
<result><category>net-analyzer</category><package>rrdtool</package><version>1.5.3-r1</version><class>MetadataError</class><msg>attr(fetchables): error- Metadata Exception: pkg ebuild src: net-analyzer/rrdtool-1.5.3-r1, attr fetchables
error: Metadata Exception: pkg ebuild src: net-analyzer/rrdtool-1.5.3-r1, attr data
error: False</msg></result>
<result><category>net-analyzer</category><package>rrdtool</package><version>1.5.4</version><class>MetadataError</class><msg>attr(depends): error- Metadata Exception: pkg ebuild src: net-analyzer/rrdtool-1.5.4, attr depends
error: Metadata Exception: pkg ebuild src: net-analyzer/rrdtool-1.5.4, attr data
error: False</msg></result>
<result><category>net-analyzer</category><package>rrdtool</package><version>1.5.4</version><class>MetadataError</class><msg>attr(rdepends): error- Metadata Exception: pkg ebuild src: net-analyzer/rrdtool-1.5.4, attr rdepends
error: Metadata Exception: pkg ebuild src: net-analyzer/rrdtool-1.5.4, attr data
error: False</msg></result>
<result><category>net-analyzer</category><package>rrdtool</package><version>1.5.4</version><class>MetadataError</class><msg>attr(post_rdepends): error- Metadata Exception: pkg ebuild src: net-analyzer/rrdtool-1.5.4, attr post_rdepends
error: Metadata Exception: pkg ebuild src: net-analyzer/rrdtool-1.5.4, attr data
error: False</msg></result>
<result><category>net-analyzer</category><package>rrdtool</package><version>1.5.4</version><class>MetadataError</class><msg>attr(license): error- Metadata Exception: pkg ebuild src: net-analyzer/rrdtool-1.5.4, attr license
error: Metadata Exception: pkg ebuild src: net-analyzer/rrdtool-1.5.4, attr data
error: False</msg></result>
<result><category>net-analyzer</category><package>rrdtool</package><version>1.5.4</version><class>MetadataError</class><msg>attr(fetchables): error- Metadata Exception: pkg ebuild src: net-analyzer/rrdtool-1.5.4, attr fetchables
error: Metadata Exception: pkg ebuild src: net-analyzer/rrdtool-1.5.4, attr data
error: False</msg></result>
<result><category>net-analyzer</category><package>rrdtool</package><version>1.5.5</version><class>MetadataError</class><msg>attr(depends): error- Metadata Exception: pkg ebuild src: net-analyzer/rrdtool-1.5.5, attr depends
error: Metadata Exception: pkg ebuild src: net-analyzer/rrdtool-1.5.5, attr data
error: False</msg></result>
<result><category>net-analyzer</category><package>rrdtool</package><version>1.5.5</version><class>MetadataError</class><msg>attr(rdepends): error- Metadata Exception: pkg ebuild src: net-analyzer/rrdtool-1.5.5, attr rdepends
error: Metadata Exception: pkg ebuild src: net-analyzer/rrdtool-1.5.5, attr data
error: False</msg></result>
<result><category>net-analyzer</category><package>rrdtool</package><version>1.5.5</version><class>MetadataError</class><msg>attr(post_rdepends): error- Metadata Exception: pkg ebuild src: net-analyzer/rrdtool-1.5.5, attr post_rdepends
error: Metadata Exception: pkg ebuild src: net-analyzer/rrdtool-1.5.5, attr data
error: False</msg></result>
<result><category>net-analyzer</category><package>rrdtool</package><version>1.5.5</version><class>MetadataError</class><msg>attr(license): error- Metadata Exception: pkg ebuild src: net-analyzer/rrdtool-1.5.5, attr license
error: Metadata Exception: pkg ebuild src: net-analyzer/rrdtool-1.5.5, attr data
error: False</msg></result>
<result><category>net-analyzer</category><package>rrdtool</package><version>1.5.5</version><class>MetadataError</class><msg>attr(fetchables): error- Metadata Exception: pkg ebuild src: net-analyzer/rrdtool-1.5.5, attr fetchables
error: Metadata Exception: pkg ebuild src: net-analyzer/rrdtool-1.5.5, attr data
error: False</msg></result>
<result><category>net-analyzer</category><package>scli</package><version>0.4.0-r1</version><class>MissingSlotDep</class><msg>'sys-libs/readline' matches more than one slot: [ 0, 4, 5 ]</msg></result>
<result><category>net-analyzer</category><package>scli</package><version>0.4.0-r1</version><class>MissingSlotDep</class><msg>'sys-libs/ncurses' matches more than one slot: [ 0, 5 ]</msg></result>
<result><category>net-analyzer</category><package>sinfo</package><version>0.0.48</version><class>MissingSlotDep</class><msg>'sys-libs/ncurses' matches more than one slot: [ 0, 5 ]</msg></result>
<result><category>net-analyzer</category><package>slurm</package><version>0.3.3-r2</version><class>MissingSlotDep</class><msg>'sys-libs/ncurses' matches more than one slot: [ 0, 5 ]</msg></result>
<result><category>net-analyzer</category><package>sslsniff</package><version>0.8-r1</version><class>MissingSlotDep</class><msg>'dev-libs/openssl' matches more than one slot: [ 0, 0.9.8 ]</msg></result>
<result><category>net-analyzer</category><package>suricata</package><version>2.0.10</version><class>NoFinalNewline</class><msg>ebuild lacks an ending newline</msg></result>
<result><category>net-analyzer</category><package>tcpflow</package><version>1.4.4_p3</version><class>MissingSlotDep</class><msg>'dev-libs/openssl' matches more than one slot: [ 0, 0.9.8 ]</msg></result>
<result><category>net-analyzer</category><package>tcpflow</package><version>1.4.5_p1</version><class>MissingSlotDep</class><msg>'dev-libs/openssl' matches more than one slot: [ 0, 0.9.8 ]</msg></result>
<result><category>net-analyzer</category><package>tcptraceroute</package><version>1.5_beta7-r1</version><class>MissingSlotDep</class><msg>'net-libs/libnet' matches more than one slot: [ 1.0, 1.1 ]</msg></result>
<result><category>net-analyzer</category><package>tcptraceroute</package><version>1.5_beta7-r2</version><class>MissingSlotDep</class><msg>'net-libs/libnet' matches more than one slot: [ 1.0, 1.1 ]</msg></result>
<result><category>net-analyzer</category><package>tcptrack</package><version>1.4.2</version><class>MissingSlotDep</class><msg>'sys-libs/ncurses' matches more than one slot: [ 0, 5 ]</msg></result>
<result><category>net-analyzer</category><package>tracebox</package><version>0.2</version><class>MissingSlotDep</class><msg>'dev-lang/lua' matches more than one slot: [ 0, 5.1, 5.2 ]</msg></result>
<result><category>net-analyzer</category><package>traceproto</package><version>1.1.2_beta1</version><class>MissingSlotDep</class><msg>'sys-libs/ncurses' matches more than one slot: [ 0, 5 ]</msg></result>
<result><category>net-analyzer</category><package>w3af</package><version>1.1-r1</version><class>MetadataError</class><msg>attr(depends): error- Metadata Exception: pkg ebuild src: net-analyzer/w3af-1.1-r1, attr depends
error: Metadata Exception: pkg ebuild src: net-analyzer/w3af-1.1-r1, attr data
error: False</msg></result>
<result><category>net-analyzer</category><package>w3af</package><version>1.1-r1</version><class>MetadataError</class><msg>attr(rdepends): error- Metadata Exception: pkg ebuild src: net-analyzer/w3af-1.1-r1, attr rdepends
error: Metadata Exception: pkg ebuild src: net-analyzer/w3af-1.1-r1, attr data
error: False</msg></result>
<result><category>net-analyzer</category><package>w3af</package><version>1.1-r1</version><class>MetadataError</class><msg>attr(post_rdepends): error- Metadata Exception: pkg ebuild src: net-analyzer/w3af-1.1-r1, attr post_rdepends
error: Metadata Exception: pkg ebuild src: net-analyzer/w3af-1.1-r1, attr data
error: False</msg></result>
<result><category>net-analyzer</category><package>w3af</package><version>1.1-r1</version><class>MetadataError</class><msg>attr(license): error- Metadata Exception: pkg ebuild src: net-analyzer/w3af-1.1-r1, attr license
error: Metadata Exception: pkg ebuild src: net-analyzer/w3af-1.1-r1, attr data
error: False</msg></result>
<result><category>net-analyzer</category><package>w3af</package><version>1.1-r1</version><class>MetadataError</class><msg>attr(fetchables): error- Metadata Exception: pkg ebuild src: net-analyzer/w3af-1.1-r1, attr fetchables
error: Metadata Exception: pkg ebuild src: net-analyzer/w3af-1.1-r1, attr data
error: False</msg></result>
<result><category>net-analyzer</category><package>w3af</package><version>1.5</version><class>MetadataError</class><msg>attr(depends): error- Metadata Exception: pkg ebuild src: net-analyzer/w3af-1.5, attr depends
error: Metadata Exception: pkg ebuild src: net-analyzer/w3af-1.5, attr data
error: False</msg></result>
<result><category>net-analyzer</category><package>w3af</package><version>1.5</version><class>MetadataError</class><msg>attr(rdepends): error- Metadata Exception: pkg ebuild src: net-analyzer/w3af-1.5, attr rdepends
error: Metadata Exception: pkg ebuild src: net-analyzer/w3af-1.5, attr data
error: False</msg></result>
<result><category>net-analyzer</category><package>w3af</package><version>1.5</version><class>MetadataError</class><msg>attr(post_rdepends): error- Metadata Exception: pkg ebuild src: net-analyzer/w3af-1.5, attr post_rdepends
error: Metadata Exception: pkg ebuild src: net-analyzer/w3af-1.5, attr data
error: False</msg></result>
<result><category>net-analyzer</category><package>w3af</package><version>1.5</version><class>MetadataError</class><msg>attr(license): error- Metadata Exception: pkg ebuild src: net-analyzer/w3af-1.5, attr license
error: Metadata Exception: pkg ebuild src: net-analyzer/w3af-1.5, attr data
error: False</msg></result>
<result><category>net-analyzer</category><package>w3af</package><version>1.5</version><class>MetadataError</class><msg>attr(fetchables): error- Metadata Exception: pkg ebuild src: net-analyzer/w3af-1.5, attr fetchables
error: Metadata Exception: pkg ebuild src: net-analyzer/w3af-1.5, attr data
error: False</msg></result>
<result><category>net-analyzer</category><package>zmap</package><version>1.1.1</version><class>MissingSlotDep</class><msg>'dev-libs/gmp' matches more than one slot: [ 0, 3 ]</msg></result>
<result><category>net-analyzer</category><package>zmap</package><version>1.1.2</version><class>MissingSlotDep</class><msg>'dev-libs/gmp' matches more than one slot: [ 0, 3 ]</msg></result>
<result><category>net-analyzer</category><package>zmap</package><version>1.2.0</version><class>MissingSlotDep</class><msg>'dev-libs/gmp' matches more than one slot: [ 0, 3 ]</msg></result>
<result><category>net-analyzer</category><package>zmap</package><version>1.2.1</version><class>MissingSlotDep</class><msg>'dev-libs/gmp' matches more than one slot: [ 0, 3 ]</msg></result>
<result><category>net-analyzer</category><package>zmap</package><version>9999</version><class>MissingSlotDep</class><msg>'dev-libs/gmp' matches more than one slot: [ 0, 3 ]</msg></result>
<result><category>net-analyzer</category><package>zniper</package><version>1.0-r1</version><class>MissingSlotDep</class><msg>'sys-libs/ncurses' matches more than one slot: [ 0, 5 ]</msg></result>
<result><category>dev-db</category><package>SchemaSync</package><version>0.9.2</version><class>NonExistentDeps</class><msg>depset depends: nonexistent atoms [ =dev-lang/python-2.5*, =dev-lang/python-2.6* ]</msg></result>
<result><category>dev-db</category><package>SchemaSync</package><version>0.9.2</version><class>NonExistentDeps</class><msg>depset rdepends: nonexistent atoms [ =dev-lang/python-2.5*, =dev-lang/python-2.6* ]</msg></result>
<result><category>dev-db</category><package>drizzle</package><version>7.2.4</version><class>NonExistentDeps</class><msg>depset depends: nonexistent atoms [ dev-lang/v8 ]</msg></result>
<result><category>dev-db</category><package>drizzle</package><version>7.2.4</version><class>NonExistentDeps</class><msg>depset rdepends: nonexistent atoms [ dev-lang/v8 ]</msg></result>
<result><category>dev-db</category><package>hyperdex</package><version>1.6.0-r1</version><class>MetadataError</class><msg>attr(depends): error- Metadata Exception: pkg ebuild src: dev-db/hyperdex-1.6.0-r1, attr depends
error: Metadata Exception: pkg ebuild src: dev-db/hyperdex-1.6.0-r1, attr data
error: False</msg></result>
<result><category>dev-db</category><package>hyperdex</package><version>1.6.0-r1</version><class>MetadataError</class><msg>attr(rdepends): error- Metadata Exception: pkg ebuild src: dev-db/hyperdex-1.6.0-r1, attr rdepends
error: Metadata Exception: pkg ebuild src: dev-db/hyperdex-1.6.0-r1, attr data
error: False</msg></result>
<result><category>dev-db</category><package>hyperdex</package><version>1.6.0-r1</version><class>MetadataError</class><msg>attr(post_rdepends): error- Metadata Exception: pkg ebuild src: dev-db/hyperdex-1.6.0-r1, attr post_rdepends
error: Metadata Exception: pkg ebuild src: dev-db/hyperdex-1.6.0-r1, attr data
error: False</msg></result>
<result><category>dev-db</category><package>hyperdex</package><version>1.6.0-r1</version><class>MetadataError</class><msg>attr(license): error- Metadata Exception: pkg ebuild src: dev-db/hyperdex-1.6.0-r1, attr license
error: Metadata Exception: pkg ebuild src: dev-db/hyperdex-1.6.0-r1, attr data
error: False</msg></result>
<result><category>dev-db</category><package>hyperdex</package><version>1.6.0-r1</version><class>MetadataError</class><msg>attr(fetchables): error- Metadata Exception: pkg ebuild src: dev-db/hyperdex-1.6.0-r1, attr fetchables
error: Metadata Exception: pkg ebuild src: dev-db/hyperdex-1.6.0-r1, attr data
error: False</msg></result>
<result><category>dev-db</category><package>hyperdex</package><version>1.7.1</version><class>MetadataError</class><msg>attr(depends): error- Metadata Exception: pkg ebuild src: dev-db/hyperdex-1.7.1, attr depends
error: Metadata Exception: pkg ebuild src: dev-db/hyperdex-1.7.1, attr data
error: False</msg></result>
<result><category>dev-db</category><package>hyperdex</package><version>1.7.1</version><class>MetadataError</class><msg>attr(rdepends): error- Metadata Exception: pkg ebuild src: dev-db/hyperdex-1.7.1, attr rdepends
error: Metadata Exception: pkg ebuild src: dev-db/hyperdex-1.7.1, attr data
error: False</msg></result>
<result><category>dev-db</category><package>hyperdex</package><version>1.7.1</version><class>MetadataError</class><msg>attr(post_rdepends): error- Metadata Exception: pkg ebuild src: dev-db/hyperdex-1.7.1, attr post_rdepends
error: Metadata Exception: pkg ebuild src: dev-db/hyperdex-1.7.1, attr data
error: False</msg></result>
<result><category>dev-db</category><package>hyperdex</package><version>1.7.1</version><class>MetadataError</class><msg>attr(license): error- Metadata Exception: pkg ebuild src: dev-db/hyperdex-1.7.1, attr license
error: Metadata Exception: pkg ebuild src: dev-db/hyperdex-1.7.1, attr data
error: False</msg></result>
<result><category>dev-db</category><package>hyperdex</package><version>1.7.1</version><class>MetadataError</class><msg>attr(fetchables): error- Metadata Exception: pkg ebuild src: dev-db/hyperdex-1.7.1, attr fetchables
error: Metadata Exception: pkg ebuild src: dev-db/hyperdex-1.7.1, attr data
error: False</msg></result>
<result><category>dev-db</category><package>hyperdex</package><version>1.8.0</version><class>MetadataError</class><msg>attr(depends): error- Metadata Exception: pkg ebuild src: dev-db/hyperdex-1.8.0, attr depends
error: Metadata Exception: pkg ebuild src: dev-db/hyperdex-1.8.0, attr data
error: False</msg></result>
<result><category>dev-db</category><package>hyperdex</package><version>1.8.0</version><class>MetadataError</class><msg>attr(rdepends): error- Metadata Exception: pkg ebuild src: dev-db/hyperdex-1.8.0, attr rdepends
error: Metadata Exception: pkg ebuild src: dev-db/hyperdex-1.8.0, attr data
error: False</msg></result>
<result><category>dev-db</category><package>hyperdex</package><version>1.8.0</version><class>MetadataError</class><msg>attr(post_rdepends): error- Metadata Exception: pkg ebuild src: dev-db/hyperdex-1.8.0, attr post_rdepends
error: Metadata Exception: pkg ebuild src: dev-db/hyperdex-1.8.0, attr data
error: False</msg></result>
<result><category>dev-db</category><package>hyperdex</package><version>1.8.0</version><class>MetadataError</class><msg>attr(license): error- Metadata Exception: pkg ebuild src: dev-db/hyperdex-1.8.0, attr license
error: Metadata Exception: pkg ebuild src: dev-db/hyperdex-1.8.0, attr data
error: False</msg></result>
<result><category>dev-db</category><package>hyperdex</package><version>1.8.0</version><class>MetadataError</class><msg>attr(fetchables): error- Metadata Exception: pkg ebuild src: dev-db/hyperdex-1.8.0, attr fetchables
error: Metadata Exception: pkg ebuild src: dev-db/hyperdex-1.8.0, attr data
error: False</msg></result>
<result><category>dev-db</category><package>hyperdex</package><version>1.8.1</version><class>MetadataError</class><msg>attr(depends): error- Metadata Exception: pkg ebuild src: dev-db/hyperdex-1.8.1, attr depends
error: Metadata Exception: pkg ebuild src: dev-db/hyperdex-1.8.1, attr data
error: False</msg></result>
<result><category>dev-db</category><package>hyperdex</package><version>1.8.1</version><class>MetadataError</class><msg>attr(rdepends): error- Metadata Exception: pkg ebuild src: dev-db/hyperdex-1.8.1, attr rdepends
error: Metadata Exception: pkg ebuild src: dev-db/hyperdex-1.8.1, attr data
error: False</msg></result>
<result><category>dev-db</category><package>hyperdex</package><version>1.8.1</version><class>MetadataError</class><msg>attr(post_rdepends): error- Metadata Exception: pkg ebuild src: dev-db/hyperdex-1.8.1, attr post_rdepends
error: Metadata Exception: pkg ebuild src: dev-db/hyperdex-1.8.1, attr data
error: False</msg></result>
<result><category>dev-db</category><package>hyperdex</package><version>1.8.1</version><class>MetadataError</class><msg>attr(license): error- Metadata Exception: pkg ebuild src: dev-db/hyperdex-1.8.1, attr license
error: Metadata Exception: pkg ebuild src: dev-db/hyperdex-1.8.1, attr data
error: False</msg></result>
<result><category>dev-db</category><package>hyperdex</package><version>1.8.1</version><class>MetadataError</class><msg>attr(fetchables): error- Metadata Exception: pkg ebuild src: dev-db/hyperdex-1.8.1, attr fetchables
error: Metadata Exception: pkg ebuild src: dev-db/hyperdex-1.8.1, attr data
error: False</msg></result>
<result><category>dev-db</category><package>libodbc++</package><version>0.2.5-r2</version><class>MissingSlotDep</class><msg>'sys-libs/ncurses' matches more than one slot: [ 0, 5 ]</msg></result>
<result><category>dev-db</category><package>mariadb</package><version>5.5.46</version><class>VulnerablePackage</class><msg>vulnerable via glsa(201504-05) ( ver &lt; 10.0.16 ), keywords ('alpha', 'amd64', 'amd64-linux', 'arm', 'hppa', 'ia64', 'mips', 'ppc', 'ppc-macos', 'ppc64', 's390', 'sh', 'sparc', 'sparc-fbsd', 'x64-macos', 'x64-solaris', 'x86', 'x86-fbsd', 'x86-freebsd', 'x86-linux', 'x86-macos', 'x86-solaris')</msg></result>
<result><category>dev-db</category><package>metakit</package><version>2.4.9.7-r2</version><class>MetadataError</class><msg>attr(depends): error- Metadata Exception: pkg ebuild src: dev-db/metakit-2.4.9.7-r2, attr depends
error: Metadata Exception: pkg ebuild src: dev-db/metakit-2.4.9.7-r2, attr data
error: False</msg></result>
<result><category>dev-db</category><package>metakit</package><version>2.4.9.7-r2</version><class>MetadataError</class><msg>attr(rdepends): error- Metadata Exception: pkg ebuild src: dev-db/metakit-2.4.9.7-r2, attr rdepends
error: Metadata Exception: pkg ebuild src: dev-db/metakit-2.4.9.7-r2, attr data
error: False</msg></result>
<result><category>dev-db</category><package>metakit</package><version>2.4.9.7-r2</version><class>MetadataError</class><msg>attr(post_rdepends): error- Metadata Exception: pkg ebuild src: dev-db/metakit-2.4.9.7-r2, attr post_rdepends
error: Metadata Exception: pkg ebuild src: dev-db/metakit-2.4.9.7-r2, attr data
error: False</msg></result>
<result><category>dev-db</category><package>metakit</package><version>2.4.9.7-r2</version><class>MetadataError</class><msg>attr(license): error- Metadata Exception: pkg ebuild src: dev-db/metakit-2.4.9.7-r2, attr license
error: Metadata Exception: pkg ebuild src: dev-db/metakit-2.4.9.7-r2, attr data
error: False</msg></result>
<result><category>dev-db</category><package>metakit</package><version>2.4.9.7-r2</version><class>MetadataError</class><msg>attr(fetchables): error- Metadata Exception: pkg ebuild src: dev-db/metakit-2.4.9.7-r2, attr fetchables
error: Metadata Exception: pkg ebuild src: dev-db/metakit-2.4.9.7-r2, attr data
error: False</msg></result>
<result><category>dev-db</category><package>mysql</package><version>5.5.46</version><class>VulnerablePackage</class><msg>vulnerable via glsa(201504-05) ( ver &lt; 5.6.22 ), keywords ('alpha', 'amd64', 'amd64-linux', 'arm', 'hppa', 'ia64', 'mips', 'ppc', 'ppc-macos', 'ppc64', 's390', 'sh', 'sparc', 'sparc-fbsd', 'x64-macos', 'x64-solaris', 'x86', 'x86-fbsd', 'x86-freebsd', 'x86-linux', 'x86-macos', 'x86-solaris')</msg></result>
<result><category>dev-db</category><package>mysql</package><version>5.5.46</version><class>VulnerablePackage</class><msg>vulnerable via glsa(201507-19) ( ver &lt; 5.6.24 &amp;&amp; ver not = 5.5.43 ), keywords ('alpha', 'amd64', 'amd64-linux', 'arm', 'hppa', 'ia64', 'mips', 'ppc', 'ppc-macos', 'ppc64', 's390', 'sh', 'sparc', 'sparc-fbsd', 'x64-macos', 'x64-solaris', 'x86', 'x86-fbsd', 'x86-freebsd', 'x86-linux', 'x86-macos', 'x86-solaris')</msg></result>
<result><category>dev-db</category><package>mysql-workbench</package><version>6.3.3</version><class>MetadataError</class><msg>attr(depends): error- Metadata Exception: pkg ebuild src: dev-db/mysql-workbench-6.3.3, attr depends
error: Metadata Exception: pkg ebuild src: dev-db/mysql-workbench-6.3.3, attr data
error: False</msg></result>
<result><category>dev-db</category><package>mysql-workbench</package><version>6.3.3</version><class>MetadataError</class><msg>attr(rdepends): error- Metadata Exception: pkg ebuild src: dev-db/mysql-workbench-6.3.3, attr rdepends
error: Metadata Exception: pkg ebuild src: dev-db/mysql-workbench-6.3.3, attr data
error: False</msg></result>
<result><category>dev-db</category><package>mysql-workbench</package><version>6.3.3</version><class>MetadataError</class><msg>attr(post_rdepends): error- Metadata Exception: pkg ebuild src: dev-db/mysql-workbench-6.3.3, attr post_rdepends
error: Metadata Exception: pkg ebuild src: dev-db/mysql-workbench-6.3.3, attr data
error: False</msg></result>
<result><category>dev-db</category><package>mysql-workbench</package><version>6.3.3</version><class>MetadataError</class><msg>attr(license): error- Metadata Exception: pkg ebuild src: dev-db/mysql-workbench-6.3.3, attr license
error: Metadata Exception: pkg ebuild src: dev-db/mysql-workbench-6.3.3, attr data
error: False</msg></result>
<result><category>dev-db</category><package>mysql-workbench</package><version>6.3.3</version><class>MetadataError</class><msg>attr(fetchables): error- Metadata Exception: pkg ebuild src: dev-db/mysql-workbench-6.3.3, attr fetchables
error: Metadata Exception: pkg ebuild src: dev-db/mysql-workbench-6.3.3, attr data
error: False</msg></result>
<result><category>dev-db</category><package>mysql-workbench</package><version>6.3.4</version><class>MetadataError</class><msg>attr(depends): error- Metadata Exception: pkg ebuild src: dev-db/mysql-workbench-6.3.4, attr depends
error: Metadata Exception: pkg ebuild src: dev-db/mysql-workbench-6.3.4, attr data
error: False</msg></result>
<result><category>dev-db</category><package>mysql-workbench</package><version>6.3.4</version><class>MetadataError</class><msg>attr(rdepends): error- Metadata Exception: pkg ebuild src: dev-db/mysql-workbench-6.3.4, attr rdepends
error: Metadata Exception: pkg ebuild src: dev-db/mysql-workbench-6.3.4, attr data
error: False</msg></result>
<result><category>dev-db</category><package>mysql-workbench</package><version>6.3.4</version><class>MetadataError</class><msg>attr(post_rdepends): error- Metadata Exception: pkg ebuild src: dev-db/mysql-workbench-6.3.4, attr post_rdepends
error: Metadata Exception: pkg ebuild src: dev-db/mysql-workbench-6.3.4, attr data
error: False</msg></result>
<result><category>dev-db</category><package>mysql-workbench</package><version>6.3.4</version><class>MetadataError</class><msg>attr(license): error- Metadata Exception: pkg ebuild src: dev-db/mysql-workbench-6.3.4, attr license
error: Metadata Exception: pkg ebuild src: dev-db/mysql-workbench-6.3.4, attr data
error: False</msg></result>
<result><category>dev-db</category><package>mysql-workbench</package><version>6.3.4</version><class>MetadataError</class><msg>attr(fetchables): error- Metadata Exception: pkg ebuild src: dev-db/mysql-workbench-6.3.4, attr fetchables
error: Metadata Exception: pkg ebuild src: dev-db/mysql-workbench-6.3.4, attr data
error: False</msg></result>
<result><category>dev-db</category><package>opendbx</package><version>1.5.0-r1</version><class>DroppedKeywordWarning</class><msg>keywords dropped: amd64, x86</msg></result>
<result><category>dev-db</category><package>phppgadmin</package><version>5.1</version><class>NonExistentDeps</class><msg>depset rdepends: nonexistent atoms [ &lt;dev-lang/php-5.3 ]</msg></result>
<result><category>dev-db</category><package>phppgadmin</package><version>9999</version><class>NonExistentDeps</class><msg>depset rdepends: nonexistent atoms [ &lt;dev-lang/php-5.3 ]</msg></result>
<result><category>dev-db</category><package>postgresql</package><version>9.0.23-r1</version><class>MetadataError</class><msg>attr(depends): error- Metadata Exception: pkg ebuild src: dev-db/postgresql-9.0.23-r1, attr depends
error: Metadata Exception: pkg ebuild src: dev-db/postgresql-9.0.23-r1, attr data
error: False</msg></result>
<result><category>dev-db</category><package>postgresql</package><version>9.0.23-r1</version><class>MetadataError</class><msg>attr(rdepends): error- Metadata Exception: pkg ebuild src: dev-db/postgresql-9.0.23-r1, attr rdepends
error: Metadata Exception: pkg ebuild src: dev-db/postgresql-9.0.23-r1, attr data
error: False</msg></result>
<result><category>dev-db</category><package>postgresql</package><version>9.0.23-r1</version><class>MetadataError</class><msg>attr(post_rdepends): error- Metadata Exception: pkg ebuild src: dev-db/postgresql-9.0.23-r1, attr post_rdepends
error: Metadata Exception: pkg ebuild src: dev-db/postgresql-9.0.23-r1, attr data
error: False</msg></result>
<result><category>dev-db</category><package>postgresql</package><version>9.0.23-r1</version><class>MetadataError</class><msg>attr(license): error- Metadata Exception: pkg ebuild src: dev-db/postgresql-9.0.23-r1, attr license
error: Metadata Exception: pkg ebuild src: dev-db/postgresql-9.0.23-r1, attr data
error: False</msg></result>
<result><category>dev-db</category><package>postgresql</package><version>9.0.23-r1</version><class>MetadataError</class><msg>attr(fetchables): error- Metadata Exception: pkg ebuild src: dev-db/postgresql-9.0.23-r1, attr fetchables
error: Metadata Exception: pkg ebuild src: dev-db/postgresql-9.0.23-r1, attr data
error: False</msg></result>
<result><category>dev-db</category><package>postgresql</package><version>9.1.19-r1</version><class>MetadataError</class><msg>attr(depends): error- Metadata Exception: pkg ebuild src: dev-db/postgresql-9.1.19-r1, attr depends
error: Metadata Exception: pkg ebuild src: dev-db/postgresql-9.1.19-r1, attr data
error: False</msg></result>
<result><category>dev-db</category><package>postgresql</package><version>9.1.19-r1</version><class>MetadataError</class><msg>attr(rdepends): error- Metadata Exception: pkg ebuild src: dev-db/postgresql-9.1.19-r1, attr rdepends
error: Metadata Exception: pkg ebuild src: dev-db/postgresql-9.1.19-r1, attr data
error: False</msg></result>
<result><category>dev-db</category><package>postgresql</package><version>9.1.19-r1</version><class>MetadataError</class><msg>attr(post_rdepends): error- Metadata Exception: pkg ebuild src: dev-db/postgresql-9.1.19-r1, attr post_rdepends
error: Metadata Exception: pkg ebuild src: dev-db/postgresql-9.1.19-r1, attr data
error: False</msg></result>
<result><category>dev-db</category><package>postgresql</package><version>9.1.19-r1</version><class>MetadataError</class><msg>attr(license): error- Metadata Exception: pkg ebuild src: dev-db/postgresql-9.1.19-r1, attr license
error: Metadata Exception: pkg ebuild src: dev-db/postgresql-9.1.19-r1, attr data
error: False</msg></result>
<result><category>dev-db</category><package>postgresql</package><version>9.1.19-r1</version><class>MetadataError</class><msg>attr(fetchables): error- Metadata Exception: pkg ebuild src: dev-db/postgresql-9.1.19-r1, attr fetchables
error: Metadata Exception: pkg ebuild src: dev-db/postgresql-9.1.19-r1, attr data
error: False</msg></result>
<result><category>dev-db</category><package>postgresql</package><version>9.2.14-r1</version><class>MetadataError</class><msg>attr(depends): error- Metadata Exception: pkg ebuild src: dev-db/postgresql-9.2.14-r1, attr depends
error: Metadata Exception: pkg ebuild src: dev-db/postgresql-9.2.14-r1, attr data
error: False</msg></result>
<result><category>dev-db</category><package>postgresql</package><version>9.2.14-r1</version><class>MetadataError</class><msg>attr(rdepends): error- Metadata Exception: pkg ebuild src: dev-db/postgresql-9.2.14-r1, attr rdepends
error: Metadata Exception: pkg ebuild src: dev-db/postgresql-9.2.14-r1, attr data
error: False</msg></result>
<result><category>dev-db</category><package>postgresql</package><version>9.2.14-r1</version><class>MetadataError</class><msg>attr(post_rdepends): error- Metadata Exception: pkg ebuild src: dev-db/postgresql-9.2.14-r1, attr post_rdepends
error: Metadata Exception: pkg ebuild src: dev-db/postgresql-9.2.14-r1, attr data
error: False</msg></result>
<result><category>dev-db</category><package>postgresql</package><version>9.2.14-r1</version><class>MetadataError</class><msg>attr(license): error- Metadata Exception: pkg ebuild src: dev-db/postgresql-9.2.14-r1, attr license
error: Metadata Exception: pkg ebuild src: dev-db/postgresql-9.2.14-r1, attr data
error: False</msg></result>
<result><category>dev-db</category><package>postgresql</package><version>9.2.14-r1</version><class>MetadataError</class><msg>attr(fetchables): error- Metadata Exception: pkg ebuild src: dev-db/postgresql-9.2.14-r1, attr fetchables
error: Metadata Exception: pkg ebuild src: dev-db/postgresql-9.2.14-r1, attr data
error: False</msg></result>
<result><category>dev-db</category><package>postgresql</package><version>9.3.10-r1</version><class>MetadataError</class><msg>attr(depends): error- Metadata Exception: pkg ebuild src: dev-db/postgresql-9.3.10-r1, attr depends
error: Metadata Exception: pkg ebuild src: dev-db/postgresql-9.3.10-r1, attr data
error: False</msg></result>
<result><category>dev-db</category><package>postgresql</package><version>9.3.10-r1</version><class>MetadataError</class><msg>attr(rdepends): error- Metadata Exception: pkg ebuild src: dev-db/postgresql-9.3.10-r1, attr rdepends
error: Metadata Exception: pkg ebuild src: dev-db/postgresql-9.3.10-r1, attr data
error: False</msg></result>
<result><category>dev-db</category><package>postgresql</package><version>9.3.10-r1</version><class>MetadataError</class><msg>attr(post_rdepends): error- Metadata Exception: pkg ebuild src: dev-db/postgresql-9.3.10-r1, attr post_rdepends
error: Metadata Exception: pkg ebuild src: dev-db/postgresql-9.3.10-r1, attr data
error: False</msg></result>
<result><category>dev-db</category><package>postgresql</package><version>9.3.10-r1</version><class>MetadataError</class><msg>attr(license): error- Metadata Exception: pkg ebuild src: dev-db/postgresql-9.3.10-r1, attr license
error: Metadata Exception: pkg ebuild src: dev-db/postgresql-9.3.10-r1, attr data
error: False</msg></result>
<result><category>dev-db</category><package>postgresql</package><version>9.3.10-r1</version><class>MetadataError</class><msg>attr(fetchables): error- Metadata Exception: pkg ebuild src: dev-db/postgresql-9.3.10-r1, attr fetchables
error: Metadata Exception: pkg ebuild src: dev-db/postgresql-9.3.10-r1, attr data
error: False</msg></result>
<result><category>dev-db</category><package>postgresql</package><version>9.4.5-r1</version><class>MetadataError</class><msg>attr(depends): error- Metadata Exception: pkg ebuild src: dev-db/postgresql-9.4.5-r1, attr depends
error: Metadata Exception: pkg ebuild src: dev-db/postgresql-9.4.5-r1, attr data
error: False</msg></result>
<result><category>dev-db</category><package>postgresql</package><version>9.4.5-r1</version><class>MetadataError</class><msg>attr(rdepends): error- Metadata Exception: pkg ebuild src: dev-db/postgresql-9.4.5-r1, attr rdepends
error: Metadata Exception: pkg ebuild src: dev-db/postgresql-9.4.5-r1, attr data
error: False</msg></result>
<result><category>dev-db</category><package>postgresql</package><version>9.4.5-r1</version><class>MetadataError</class><msg>attr(post_rdepends): error- Metadata Exception: pkg ebuild src: dev-db/postgresql-9.4.5-r1, attr post_rdepends
error: Metadata Exception: pkg ebuild src: dev-db/postgresql-9.4.5-r1, attr data
error: False</msg></result>
<result><category>dev-db</category><package>postgresql</package><version>9.4.5-r1</version><class>MetadataError</class><msg>attr(license): error- Metadata Exception: pkg ebuild src: dev-db/postgresql-9.4.5-r1, attr license
error: Metadata Exception: pkg ebuild src: dev-db/postgresql-9.4.5-r1, attr data
error: False</msg></result>
<result><category>dev-db</category><package>postgresql</package><version>9.4.5-r1</version><class>MetadataError</class><msg>attr(fetchables): error- Metadata Exception: pkg ebuild src: dev-db/postgresql-9.4.5-r1, attr fetchables
error: Metadata Exception: pkg ebuild src: dev-db/postgresql-9.4.5-r1, attr data
error: False</msg></result>
<result><category>dev-db</category><package>postgresql</package><version>9.5_beta1-r1</version><class>MetadataError</class><msg>attr(depends): error- Metadata Exception: pkg ebuild src: dev-db/postgresql-9.5_beta1-r1, attr depends
error: Metadata Exception: pkg ebuild src: dev-db/postgresql-9.5_beta1-r1, attr data
error: False</msg></result>
<result><category>dev-db</category><package>postgresql</package><version>9.5_beta1-r1</version><class>MetadataError</class><msg>attr(rdepends): error- Metadata Exception: pkg ebuild src: dev-db/postgresql-9.5_beta1-r1, attr rdepends
error: Metadata Exception: pkg ebuild src: dev-db/postgresql-9.5_beta1-r1, attr data
error: False</msg></result>
<result><category>dev-db</category><package>postgresql</package><version>9.5_beta1-r1</version><class>MetadataError</class><msg>attr(post_rdepends): error- Metadata Exception: pkg ebuild src: dev-db/postgresql-9.5_beta1-r1, attr post_rdepends
error: Metadata Exception: pkg ebuild src: dev-db/postgresql-9.5_beta1-r1, attr data
error: False</msg></result>
<result><category>dev-db</category><package>postgresql</package><version>9.5_beta1-r1</version><class>MetadataError</class><msg>attr(license): error- Metadata Exception: pkg ebuild src: dev-db/postgresql-9.5_beta1-r1, attr license
error: Metadata Exception: pkg ebuild src: dev-db/postgresql-9.5_beta1-r1, attr data
error: False</msg></result>
<result><category>dev-db</category><package>postgresql</package><version>9.5_beta1-r1</version><class>MetadataError</class><msg>attr(fetchables): error- Metadata Exception: pkg ebuild src: dev-db/postgresql-9.5_beta1-r1, attr fetchables
error: Metadata Exception: pkg ebuild src: dev-db/postgresql-9.5_beta1-r1, attr data
error: False</msg></result>
<result><category>dev-db</category><package>postgresql</package><version>9.5_beta2</version><class>MetadataError</class><msg>attr(depends): error- Metadata Exception: pkg ebuild src: dev-db/postgresql-9.5_beta2, attr depends
error: Metadata Exception: pkg ebuild src: dev-db/postgresql-9.5_beta2, attr data
error: False</msg></result>
<result><category>dev-db</category><package>postgresql</package><version>9.5_beta2</version><class>MetadataError</class><msg>attr(rdepends): error- Metadata Exception: pkg ebuild src: dev-db/postgresql-9.5_beta2, attr rdepends
error: Metadata Exception: pkg ebuild src: dev-db/postgresql-9.5_beta2, attr data
error: False</msg></result>
<result><category>dev-db</category><package>postgresql</package><version>9.5_beta2</version><class>MetadataError</class><msg>attr(post_rdepends): error- Metadata Exception: pkg ebuild src: dev-db/postgresql-9.5_beta2, attr post_rdepends
error: Metadata Exception: pkg ebuild src: dev-db/postgresql-9.5_beta2, attr data
error: False</msg></result>
<result><category>dev-db</category><package>postgresql</package><version>9.5_beta2</version><class>MetadataError</class><msg>attr(license): error- Metadata Exception: pkg ebuild src: dev-db/postgresql-9.5_beta2, attr license
error: Metadata Exception: pkg ebuild src: dev-db/postgresql-9.5_beta2, attr data
error: False</msg></result>
<result><category>dev-db</category><package>postgresql</package><version>9.5_beta2</version><class>MetadataError</class><msg>attr(fetchables): error- Metadata Exception: pkg ebuild src: dev-db/postgresql-9.5_beta2, attr fetchables
error: Metadata Exception: pkg ebuild src: dev-db/postgresql-9.5_beta2, attr data
error: False</msg></result>
<result><category>dev-db</category><package>postgresql</package><version>9999</version><class>MetadataError</class><msg>attr(depends): error- Metadata Exception: pkg ebuild src: dev-db/postgresql-9999, attr depends
error: Metadata Exception: pkg ebuild src: dev-db/postgresql-9999, attr data
error: False</msg></result>
<result><category>dev-db</category><package>postgresql</package><version>9999</version><class>MetadataError</class><msg>attr(rdepends): error- Metadata Exception: pkg ebuild src: dev-db/postgresql-9999, attr rdepends
error: Metadata Exception: pkg ebuild src: dev-db/postgresql-9999, attr data
error: False</msg></result>
<result><category>dev-db</category><package>postgresql</package><version>9999</version><class>MetadataError</class><msg>attr(post_rdepends): error- Metadata Exception: pkg ebuild src: dev-db/postgresql-9999, attr post_rdepends
error: Metadata Exception: pkg ebuild src: dev-db/postgresql-9999, attr data
error: False</msg></result>
<result><category>dev-db</category><package>postgresql</package><version>9999</version><class>MetadataError</class><msg>attr(license): error- Metadata Exception: pkg ebuild src: dev-db/postgresql-9999, attr license
error: Metadata Exception: pkg ebuild src: dev-db/postgresql-9999, attr data
error: False</msg></result>
<result><category>dev-db</category><package>postgresql</package><version>9999</version><class>MetadataError</class><msg>attr(fetchables): error- Metadata Exception: pkg ebuild src: dev-db/postgresql-9999, attr fetchables
error: Metadata Exception: pkg ebuild src: dev-db/postgresql-9999, attr data
error: False</msg></result>
<result><category>dev-db</category><package>qdbm</package><version>1.8.78-r1</version><class>MissingSlotDep</class><msg>'dev-lang/ruby' matches more than one slot: [ 1.9, 2.0, 2.1, 2.2 ]</msg></result>
<result><category>dev-db</category><package>sqlite</package><version>2.8.16-r5</version><class>VulnerablePackage</class><msg>vulnerable via glsa(201507-05) ( ver &lt; 3.8.9 ), keywords ('alpha', 'amd64', 'amd64-fbsd', 'arm', 'hppa', 'ia64', 'mips', 'ppc', 'ppc64', 's390', 'sh', 'sparc', 'sparc-fbsd', 'x86', 'x86-fbsd')</msg></result>
<result><category>app-editors</category><package>bluefish</package><version>2.2.6</version><class>MetadataError</class><msg>attr(depends): error- Metadata Exception: pkg ebuild src: app-editors/bluefish-2.2.6, attr depends
error: Metadata Exception: pkg ebuild src: app-editors/bluefish-2.2.6, attr data
error: False</msg></result>
<result><category>app-editors</category><package>bluefish</package><version>2.2.6</version><class>MetadataError</class><msg>attr(rdepends): error- Metadata Exception: pkg ebuild src: app-editors/bluefish-2.2.6, attr rdepends
error: Metadata Exception: pkg ebuild src: app-editors/bluefish-2.2.6, attr data
error: False</msg></result>
<result><category>app-editors</category><package>bluefish</package><version>2.2.6</version><class>MetadataError</class><msg>attr(post_rdepends): error- Metadata Exception: pkg ebuild src: app-editors/bluefish-2.2.6, attr post_rdepends
error: Metadata Exception: pkg ebuild src: app-editors/bluefish-2.2.6, attr data
error: False</msg></result>
<result><category>app-editors</category><package>bluefish</package><version>2.2.6</version><class>MetadataError</class><msg>attr(license): error- Metadata Exception: pkg ebuild src: app-editors/bluefish-2.2.6, attr license
error: Metadata Exception: pkg ebuild src: app-editors/bluefish-2.2.6, attr data
error: False</msg></result>
<result><category>app-editors</category><package>bluefish</package><version>2.2.6</version><class>MetadataError</class><msg>attr(fetchables): error- Metadata Exception: pkg ebuild src: app-editors/bluefish-2.2.6, attr fetchables
error: Metadata Exception: pkg ebuild src: app-editors/bluefish-2.2.6, attr data
error: False</msg></result>
<result><category>app-editors</category><package>bluefish</package><version>2.2.7</version><class>MetadataError</class><msg>attr(depends): error- Metadata Exception: pkg ebuild src: app-editors/bluefish-2.2.7, attr depends
error: Metadata Exception: pkg ebuild src: app-editors/bluefish-2.2.7, attr data
error: False</msg></result>
<result><category>app-editors</category><package>bluefish</package><version>2.2.7</version><class>MetadataError</class><msg>attr(rdepends): error- Metadata Exception: pkg ebuild src: app-editors/bluefish-2.2.7, attr rdepends
error: Metadata Exception: pkg ebuild src: app-editors/bluefish-2.2.7, attr data
error: False</msg></result>
<result><category>app-editors</category><package>bluefish</package><version>2.2.7</version><class>MetadataError</class><msg>attr(post_rdepends): error- Metadata Exception: pkg ebuild src: app-editors/bluefish-2.2.7, attr post_rdepends
error: Metadata Exception: pkg ebuild src: app-editors/bluefish-2.2.7, attr data
error: False</msg></result>
<result><category>app-editors</category><package>bluefish</package><version>2.2.7</version><class>MetadataError</class><msg>attr(license): error- Metadata Exception: pkg ebuild src: app-editors/bluefish-2.2.7, attr license
error: Metadata Exception: pkg ebuild src: app-editors/bluefish-2.2.7, attr data
error: False</msg></result>
<result><category>app-editors</category><package>bluefish</package><version>2.2.7</version><class>MetadataError</class><msg>attr(fetchables): error- Metadata Exception: pkg ebuild src: app-editors/bluefish-2.2.7, attr fetchables
error: Metadata Exception: pkg ebuild src: app-editors/bluefish-2.2.7, attr data
error: False</msg></result>
<result><category>app-editors</category><package>dav</package><version>0.8.5-r1</version><class>MissingSlotDep</class><msg>'sys-libs/ncurses' matches more than one slot: [ 0, 5 ]</msg></result>
<result><category>app-editors</category><package>editra</package><version>0.7.20</version><class>NonExistentDeps</class><msg>depset depends: nonexistent atoms [ =dev-lang/python-2.6* ]</msg></result>
<result><category>app-editors</category><package>editra</package><version>0.7.20</version><class>NonExistentDeps</class><msg>depset rdepends: nonexistent atoms [ =dev-lang/python-2.6* ]</msg></result>
<result><category>app-editors</category><package>efte</package><version>1.1-r1</version><class>MissingSlotDep</class><msg>'sys-libs/ncurses' matches more than one slot: [ 0, 5 ]</msg></result>
<result><category>app-editors</category><package>gobby</package><version>0.4.94</version><class>DroppedKeywordWarning</class><msg>keywords dropped: ppc</msg></result>
<result><category>app-editors</category><package>gvim</package><version>7.4.273</version><class>MetadataError</class><msg>attr(depends): error- Metadata Exception: pkg ebuild src: app-editors/gvim-7.4.273, attr depends
error: Metadata Exception: pkg ebuild src: app-editors/gvim-7.4.273, attr data
error: False</msg></result>
<result><category>app-editors</category><package>gvim</package><version>7.4.273</version><class>MetadataError</class><msg>attr(rdepends): error- Metadata Exception: pkg ebuild src: app-editors/gvim-7.4.273, attr rdepends
error: Metadata Exception: pkg ebuild src: app-editors/gvim-7.4.273, attr data
error: False</msg></result>
<result><category>app-editors</category><package>gvim</package><version>7.4.273</version><class>MetadataError</class><msg>attr(post_rdepends): error- Metadata Exception: pkg ebuild src: app-editors/gvim-7.4.273, attr post_rdepends
error: Metadata Exception: pkg ebuild src: app-editors/gvim-7.4.273, attr data
error: False</msg></result>
<result><category>app-editors</category><package>gvim</package><version>7.4.273</version><class>MetadataError</class><msg>attr(license): error- Metadata Exception: pkg ebuild src: app-editors/gvim-7.4.273, attr license
error: Metadata Exception: pkg ebuild src: app-editors/gvim-7.4.273, attr data
error: False</msg></result>
<result><category>app-editors</category><package>gvim</package><version>7.4.273</version><class>MetadataError</class><msg>attr(fetchables): error- Metadata Exception: pkg ebuild src: app-editors/gvim-7.4.273, attr fetchables
error: Metadata Exception: pkg ebuild src: app-editors/gvim-7.4.273, attr data
error: False</msg></result>
<result><category>app-editors</category><package>hexedit</package><version>1.2.13</version><class>MissingSlotDep</class><msg>'sys-libs/ncurses' matches more than one slot: [ 0, 5 ]</msg></result>
<result><category>app-editors</category><package>hteditor</package><version>2.0.22</version><class>MissingSlotDep</class><msg>'sys-libs/ncurses' matches more than one slot: [ 0, 5 ]</msg></result>
<result><category>app-editors</category><package>hteditor</package><version>2.1.0</version><class>MissingSlotDep</class><msg>'sys-libs/ncurses' matches more than one slot: [ 0, 5 ]</msg></result>
<result><category>app-editors</category><package>jedit</package><version>5.2.0</version><class>DroppedKeywordWarning</class><msg>keywords dropped: ppc64</msg></result>
<result><category>app-editors</category><package>levee</package><version>3.5a</version><class>MissingSlotDep</class><msg>'sys-libs/ncurses' matches more than one slot: [ 0, 5 ]</msg></result>
<result><category>app-editors</category><package>moe</package><version>1.6</version><class>MissingSlotDep</class><msg>'sys-libs/ncurses' matches more than one slot: [ 0, 5 ]</msg></result>
<result><category>app-editors</category><package>moe</package><version>1.7</version><class>MissingSlotDep</class><msg>'sys-libs/ncurses' matches more than one slot: [ 0, 5 ]</msg></result>
<result><category>app-editors</category><package>pluma</package><version>1.8.0</version><class>MetadataError</class><msg>attr(depends): error- Metadata Exception: pkg ebuild src: app-editors/pluma-1.8.0, attr depends
error: Metadata Exception: pkg ebuild src: app-editors/pluma-1.8.0, attr data
error: False</msg></result>
<result><category>app-editors</category><package>pluma</package><version>1.8.0</version><class>MetadataError</class><msg>attr(rdepends): error- Metadata Exception: pkg ebuild src: app-editors/pluma-1.8.0, attr rdepends
error: Metadata Exception: pkg ebuild src: app-editors/pluma-1.8.0, attr data
error: False</msg></result>
<result><category>app-editors</category><package>pluma</package><version>1.8.0</version><class>MetadataError</class><msg>attr(post_rdepends): error- Metadata Exception: pkg ebuild src: app-editors/pluma-1.8.0, attr post_rdepends
error: Metadata Exception: pkg ebuild src: app-editors/pluma-1.8.0, attr data
error: False</msg></result>
<result><category>app-editors</category><package>pluma</package><version>1.8.0</version><class>MetadataError</class><msg>attr(license): error- Metadata Exception: pkg ebuild src: app-editors/pluma-1.8.0, attr license
error: Metadata Exception: pkg ebuild src: app-editors/pluma-1.8.0, attr data
error: False</msg></result>
<result><category>app-editors</category><package>pluma</package><version>1.8.0</version><class>MetadataError</class><msg>attr(fetchables): error- Metadata Exception: pkg ebuild src: app-editors/pluma-1.8.0, attr fetchables
error: Metadata Exception: pkg ebuild src: app-editors/pluma-1.8.0, attr data
error: False</msg></result>
<result><category>app-editors</category><package>pluma</package><version>1.8.1</version><class>MetadataError</class><msg>attr(depends): error- Metadata Exception: pkg ebuild src: app-editors/pluma-1.8.1, attr depends
error: Metadata Exception: pkg ebuild src: app-editors/pluma-1.8.1, attr data
error: False</msg></result>
<result><category>app-editors</category><package>pluma</package><version>1.8.1</version><class>MetadataError</class><msg>attr(rdepends): error- Metadata Exception: pkg ebuild src: app-editors/pluma-1.8.1, attr rdepends
error: Metadata Exception: pkg ebuild src: app-editors/pluma-1.8.1, attr data
error: False</msg></result>
<result><category>app-editors</category><package>pluma</package><version>1.8.1</version><class>MetadataError</class><msg>attr(post_rdepends): error- Metadata Exception: pkg ebuild src: app-editors/pluma-1.8.1, attr post_rdepends
error: Metadata Exception: pkg ebuild src: app-editors/pluma-1.8.1, attr data
error: False</msg></result>
<result><category>app-editors</category><package>pluma</package><version>1.8.1</version><class>MetadataError</class><msg>attr(license): error- Metadata Exception: pkg ebuild src: app-editors/pluma-1.8.1, attr license
error: Metadata Exception: pkg ebuild src: app-editors/pluma-1.8.1, attr data
error: False</msg></result>
<result><category>app-editors</category><package>pluma</package><version>1.8.1</version><class>MetadataError</class><msg>attr(fetchables): error- Metadata Exception: pkg ebuild src: app-editors/pluma-1.8.1, attr fetchables
error: Metadata Exception: pkg ebuild src: app-editors/pluma-1.8.1, attr data
error: False</msg></result>
<result><category>app-editors</category><package>sandy</package><version>0.4</version><class>MissingSlotDep</class><msg>'sys-libs/ncurses' matches more than one slot: [ 0, 5 ]</msg></result>
<result><category>app-editors</category><package>shed</package><version>1.15</version><class>MissingSlotDep</class><msg>'sys-libs/ncurses' matches more than one slot: [ 0, 5 ]</msg></result>
<result><category>app-editors</category><package>teco</package><version>1.00-r4</version><class>MissingSlotDep</class><msg>'sys-libs/ncurses' matches more than one slot: [ 0, 5 ]</msg></result>
<result><category>app-editors</category><package>uemacs-pk</package><version>4.0.15_p20141208</version><class>MissingSlotDep</class><msg>'sys-libs/ncurses' matches more than one slot: [ 0, 5 ]</msg></result>
<result><category>app-editors</category><package>vim</package><version>7.4.273</version><class>MetadataError</class><msg>attr(depends): error- Metadata Exception: pkg ebuild src: app-editors/vim-7.4.273, attr depends
error: Metadata Exception: pkg ebuild src: app-editors/vim-7.4.273, attr data
error: False</msg></result>
<result><category>app-editors</category><package>vim</package><version>7.4.273</version><class>MetadataError</class><msg>attr(rdepends): error- Metadata Exception: pkg ebuild src: app-editors/vim-7.4.273, attr rdepends
error: Metadata Exception: pkg ebuild src: app-editors/vim-7.4.273, attr data
error: False</msg></result>
<result><category>app-editors</category><package>vim</package><version>7.4.273</version><class>MetadataError</class><msg>attr(post_rdepends): error- Metadata Exception: pkg ebuild src: app-editors/vim-7.4.273, attr post_rdepends
error: Metadata Exception: pkg ebuild src: app-editors/vim-7.4.273, attr data
error: False</msg></result>
<result><category>app-editors</category><package>vim</package><version>7.4.273</version><class>MetadataError</class><msg>attr(license): error- Metadata Exception: pkg ebuild src: app-editors/vim-7.4.273, attr license
error: Metadata Exception: pkg ebuild src: app-editors/vim-7.4.273, attr data
error: False</msg></result>
<result><category>app-editors</category><package>vim</package><version>7.4.273</version><class>MetadataError</class><msg>attr(fetchables): error- Metadata Exception: pkg ebuild src: app-editors/vim-7.4.273, attr fetchables
error: Metadata Exception: pkg ebuild src: app-editors/vim-7.4.273, attr data
error: False</msg></result>
<result><category>app-editors</category><package>vim-qt</package><version>20140827-r3</version><class>MetadataError</class><msg>attr(depends): error- Metadata Exception: pkg ebuild src: app-editors/vim-qt-20140827-r3, attr depends
error: Metadata Exception: pkg ebuild src: app-editors/vim-qt-20140827-r3, attr data
error: False</msg></result>
<result><category>app-editors</category><package>vim-qt</package><version>20140827-r3</version><class>MetadataError</class><msg>attr(rdepends): error- Metadata Exception: pkg ebuild src: app-editors/vim-qt-20140827-r3, attr rdepends
error: Metadata Exception: pkg ebuild src: app-editors/vim-qt-20140827-r3, attr data
error: False</msg></result>
<result><category>app-editors</category><package>vim-qt</package><version>20140827-r3</version><class>MetadataError</class><msg>attr(post_rdepends): error- Metadata Exception: pkg ebuild src: app-editors/vim-qt-20140827-r3, attr post_rdepends
error: Metadata Exception: pkg ebuild src: app-editors/vim-qt-20140827-r3, attr data
error: False</msg></result>
<result><category>app-editors</category><package>vim-qt</package><version>20140827-r3</version><class>MetadataError</class><msg>attr(license): error- Metadata Exception: pkg ebuild src: app-editors/vim-qt-20140827-r3, attr license
error: Metadata Exception: pkg ebuild src: app-editors/vim-qt-20140827-r3, attr data
error: False</msg></result>
<result><category>app-editors</category><package>vim-qt</package><version>20140827-r3</version><class>MetadataError</class><msg>attr(fetchables): error- Metadata Exception: pkg ebuild src: app-editors/vim-qt-20140827-r3, attr fetchables
error: Metadata Exception: pkg ebuild src: app-editors/vim-qt-20140827-r3, attr data
error: False</msg></result>
<result><category>app-editors</category><package>vim-qt</package><version>20150102-r1</version><class>MetadataError</class><msg>attr(depends): error- Metadata Exception: pkg ebuild src: app-editors/vim-qt-20150102-r1, attr depends
error: Metadata Exception: pkg ebuild src: app-editors/vim-qt-20150102-r1, attr data
error: False</msg></result>
<result><category>app-editors</category><package>vim-qt</package><version>20150102-r1</version><class>MetadataError</class><msg>attr(rdepends): error- Metadata Exception: pkg ebuild src: app-editors/vim-qt-20150102-r1, attr rdepends
error: Metadata Exception: pkg ebuild src: app-editors/vim-qt-20150102-r1, attr data
error: False</msg></result>
<result><category>app-editors</category><package>vim-qt</package><version>20150102-r1</version><class>MetadataError</class><msg>attr(post_rdepends): error- Metadata Exception: pkg ebuild src: app-editors/vim-qt-20150102-r1, attr post_rdepends
error: Metadata Exception: pkg ebuild src: app-editors/vim-qt-20150102-r1, attr data
error: False</msg></result>
<result><category>app-editors</category><package>vim-qt</package><version>20150102-r1</version><class>MetadataError</class><msg>attr(license): error- Metadata Exception: pkg ebuild src: app-editors/vim-qt-20150102-r1, attr license
error: Metadata Exception: pkg ebuild src: app-editors/vim-qt-20150102-r1, attr data
error: False</msg></result>
<result><category>app-editors</category><package>vim-qt</package><version>20150102-r1</version><class>MetadataError</class><msg>attr(fetchables): error- Metadata Exception: pkg ebuild src: app-editors/vim-qt-20150102-r1, attr fetchables
error: Metadata Exception: pkg ebuild src: app-editors/vim-qt-20150102-r1, attr data
error: False</msg></result>
<result><category>app-editors</category><package>xemacs</package><version>21.4.22-r4</version><class>WhitespaceFound</class><msg>ebuild has trailing whitespace on line 183</msg></result>
<result><category>app-editors</category><package>xemacs</package><version>21.4.24</version><class>WhitespaceFound</class><msg>ebuild has trailing whitespace on line 166</msg></result>
<result><category>app-editors</category><package>zile</package><version>2.4.11</version><class>MissingSlotDep</class><msg>'sys-libs/ncurses' matches more than one slot: [ 0, 5 ]</msg></result>
<result><category>games-arcade</category><package>aop</package><version>0.6</version><class>MissingSlotDep</class><msg>'sys-libs/ncurses' matches more than one slot: [ 0, 5 ]</msg></result>
<result><category>games-arcade</category><package>aquaria</package><version>1.1.3-r1</version><class>MissingChksum</class><msg>"aquaria-lnx-humble-bundle.mojo.run" missing required chksums: sha512, whirlpool; has chksums: sha256, size</msg></result>
<result><category>games-arcade</category><package>ascii-invaders</package><version>0.1b</version><class>MissingSlotDep</class><msg>'sys-libs/ncurses' matches more than one slot: [ 0, 5 ]</msg></result>
<result><category>games-arcade</category><package>bub-n-bros</package><version>1.6.2</version><class>MetadataError</class><msg>attr(depends): error- Metadata Exception: pkg ebuild src: games-arcade/bub-n-bros-1.6.2, attr depends
error: Metadata Exception: pkg ebuild src: games-arcade/bub-n-bros-1.6.2, attr data
error: False</msg></result>
<result><category>games-arcade</category><package>bub-n-bros</package><version>1.6.2</version><class>MetadataError</class><msg>attr(rdepends): error- Metadata Exception: pkg ebuild src: games-arcade/bub-n-bros-1.6.2, attr rdepends
error: Metadata Exception: pkg ebuild src: games-arcade/bub-n-bros-1.6.2, attr data
error: False</msg></result>
<result><category>games-arcade</category><package>bub-n-bros</package><version>1.6.2</version><class>MetadataError</class><msg>attr(post_rdepends): error- Metadata Exception: pkg ebuild src: games-arcade/bub-n-bros-1.6.2, attr post_rdepends
error: Metadata Exception: pkg ebuild src: games-arcade/bub-n-bros-1.6.2, attr data
error: False</msg></result>
<result><category>games-arcade</category><package>bub-n-bros</package><version>1.6.2</version><class>MetadataError</class><msg>attr(license): error- Metadata Exception: pkg ebuild src: games-arcade/bub-n-bros-1.6.2, attr license
error: Metadata Exception: pkg ebuild src: games-arcade/bub-n-bros-1.6.2, attr data
error: False</msg></result>
<result><category>games-arcade</category><package>bub-n-bros</package><version>1.6.2</version><class>MetadataError</class><msg>attr(fetchables): error- Metadata Exception: pkg ebuild src: games-arcade/bub-n-bros-1.6.2, attr fetchables
error: Metadata Exception: pkg ebuild src: games-arcade/bub-n-bros-1.6.2, attr data
error: False</msg></result>
<result><category>games-arcade</category><package>diameter</package><version>0.4.0.3-r1</version><class>MetadataError</class><msg>attr(rdepends): error- Metadata Exception: pkg ebuild src: games-arcade/diameter-0.4.0.3-r1, attr rdepends
error: &gt;=dev-games/guichan-0.8[opengl,sdl] media-libs/libpng:0= virtual/opengl virtual/glu media-libs/libsdl[video] media-libs/sdl-image[gif,jpeg,png] media-libs/sdl-mixer[mod] || ( ) games-misc/games-envd is unparseable: empty payload
flagged token- || ( ) </msg></result>
<result><category>games-arcade</category><package>funnyboat</package><version>1.5-r1</version><class>MetadataError</class><msg>attr(depends): error- Metadata Exception: pkg ebuild src: games-arcade/funnyboat-1.5-r1, attr depends
error: Metadata Exception: pkg ebuild src: games-arcade/funnyboat-1.5-r1, attr data
error: False</msg></result>
<result><category>games-arcade</category><package>funnyboat</package><version>1.5-r1</version><class>MetadataError</class><msg>attr(rdepends): error- Metadata Exception: pkg ebuild src: games-arcade/funnyboat-1.5-r1, attr rdepends
error: Metadata Exception: pkg ebuild src: games-arcade/funnyboat-1.5-r1, attr data
error: False</msg></result>
<result><category>games-arcade</category><package>funnyboat</package><version>1.5-r1</version><class>MetadataError</class><msg>attr(post_rdepends): error- Metadata Exception: pkg ebuild src: games-arcade/funnyboat-1.5-r1, attr post_rdepends
error: Metadata Exception: pkg ebuild src: games-arcade/funnyboat-1.5-r1, attr data
error: False</msg></result>
<result><category>games-arcade</category><package>funnyboat</package><version>1.5-r1</version><class>MetadataError</class><msg>attr(license): error- Metadata Exception: pkg ebuild src: games-arcade/funnyboat-1.5-r1, attr license
error: Metadata Exception: pkg ebuild src: games-arcade/funnyboat-1.5-r1, attr data
error: False</msg></result>
<result><category>games-arcade</category><package>funnyboat</package><version>1.5-r1</version><class>MetadataError</class><msg>attr(fetchables): error- Metadata Exception: pkg ebuild src: games-arcade/funnyboat-1.5-r1, attr fetchables
error: Metadata Exception: pkg ebuild src: games-arcade/funnyboat-1.5-r1, attr data
error: False</msg></result>
<result><category>games-arcade</category><package>gnake</package><version>0.94b</version><class>MissingSlotDep</class><msg>'sys-libs/ncurses' matches more than one slot: [ 0, 5 ]</msg></result>
<result><category>games-arcade</category><package>kajaani-kombat</package><version>0.7</version><class>MissingSlotDep</class><msg>'sys-libs/ncurses' matches more than one slot: [ 0, 5 ]</msg></result>
<result><category>games-arcade</category><package>netris</package><version>0.52</version><class>MissingSlotDep</class><msg>'sys-libs/ncurses' matches more than one slot: [ 0, 5 ]</msg></result>
<result><category>games-arcade</category><package>nibbles</package><version>0.0.4</version><class>MissingSlotDep</class><msg>'sys-libs/ncurses' matches more than one slot: [ 0, 5 ]</msg></result>
<result><category>games-arcade</category><package>ninvaders</package><version>0.1.1</version><class>MissingSlotDep</class><msg>'sys-libs/ncurses' matches more than one slot: [ 0, 5 ]</msg></result>
<result><category>games-arcade</category><package>stardork</package><version>0.7</version><class>MissingSlotDep</class><msg>'sys-libs/ncurses' matches more than one slot: [ 0, 5 ]</msg></result>
<result><category>games-arcade</category><package>watermelons</package><version>1.1.1-r1</version><class>MetadataError</class><msg>attr(depends): error- Metadata Exception: pkg ebuild src: games-arcade/watermelons-1.1.1-r1, attr depends
error: Metadata Exception: pkg ebuild src: games-arcade/watermelons-1.1.1-r1, attr data
error: False</msg></result>
<result><category>games-arcade</category><package>watermelons</package><version>1.1.1-r1</version><class>MetadataError</class><msg>attr(rdepends): error- Metadata Exception: pkg ebuild src: games-arcade/watermelons-1.1.1-r1, attr rdepends
error: Metadata Exception: pkg ebuild src: games-arcade/watermelons-1.1.1-r1, attr data
error: False</msg></result>
<result><category>games-arcade</category><package>watermelons</package><version>1.1.1-r1</version><class>MetadataError</class><msg>attr(post_rdepends): error- Metadata Exception: pkg ebuild src: games-arcade/watermelons-1.1.1-r1, attr post_rdepends
error: Metadata Exception: pkg ebuild src: games-arcade/watermelons-1.1.1-r1, attr data
error: False</msg></result>
<result><category>games-arcade</category><package>watermelons</package><version>1.1.1-r1</version><class>MetadataError</class><msg>attr(license): error- Metadata Exception: pkg ebuild src: games-arcade/watermelons-1.1.1-r1, attr license
error: Metadata Exception: pkg ebuild src: games-arcade/watermelons-1.1.1-r1, attr data
error: False</msg></result>
<result><category>games-arcade</category><package>watermelons</package><version>1.1.1-r1</version><class>MetadataError</class><msg>attr(fetchables): error- Metadata Exception: pkg ebuild src: games-arcade/watermelons-1.1.1-r1, attr fetchables
error: Metadata Exception: pkg ebuild src: games-arcade/watermelons-1.1.1-r1, attr data
error: False</msg></result>
<result><category>games-arcade</category><package>whichwayisup</package><version>0.7.9-r1</version><class>MetadataError</class><msg>attr(depends): error- Metadata Exception: pkg ebuild src: games-arcade/whichwayisup-0.7.9-r1, attr depends
error: Metadata Exception: pkg ebuild src: games-arcade/whichwayisup-0.7.9-r1, attr data
error: False</msg></result>
<result><category>games-arcade</category><package>whichwayisup</package><version>0.7.9-r1</version><class>MetadataError</class><msg>attr(rdepends): error- Metadata Exception: pkg ebuild src: games-arcade/whichwayisup-0.7.9-r1, attr rdepends
error: Metadata Exception: pkg ebuild src: games-arcade/whichwayisup-0.7.9-r1, attr data
error: False</msg></result>
<result><category>games-arcade</category><package>whichwayisup</package><version>0.7.9-r1</version><class>MetadataError</class><msg>attr(post_rdepends): error- Metadata Exception: pkg ebuild src: games-arcade/whichwayisup-0.7.9-r1, attr post_rdepends
error: Metadata Exception: pkg ebuild src: games-arcade/whichwayisup-0.7.9-r1, attr data
error: False</msg></result>
<result><category>games-arcade</category><package>whichwayisup</package><version>0.7.9-r1</version><class>MetadataError</class><msg>attr(license): error- Metadata Exception: pkg ebuild src: games-arcade/whichwayisup-0.7.9-r1, attr license
error: Metadata Exception: pkg ebuild src: games-arcade/whichwayisup-0.7.9-r1, attr data
error: False</msg></result>
<result><category>games-arcade</category><package>whichwayisup</package><version>0.7.9-r1</version><class>MetadataError</class><msg>attr(fetchables): error- Metadata Exception: pkg ebuild src: games-arcade/whichwayisup-0.7.9-r1, attr fetchables
error: Metadata Exception: pkg ebuild src: games-arcade/whichwayisup-0.7.9-r1, attr data
error: False</msg></result>
<result><category>app-shells</category><package>bash</package><version>2.05b_p13</version><class>VulnerablePackage</class><msg>vulnerable via glsa(201210-05) ( ver &lt; 4.2_p37 ), keywords ('alpha', 'amd64', 'arm', 'arm64', 'hppa', 'ia64', 'm68k', 'mips', 'ppc', 'ppc64', 's390', 'sh', 'sparc', 'sparc-fbsd', 'x86', 'x86-fbsd')</msg></result>
<result><category>app-shells</category><package>bash</package><version>2.05b_p13</version><class>VulnerablePackage</class><msg>vulnerable via glsa(201409-09) ( ver &lt; 4.2_p48 &amp;&amp; ver not = 3.1_p18 &amp;&amp; ver not = 3.2_p52 &amp;&amp; ver not = 4.0_p39 &amp;&amp; ver not = 4.1_p12 ), keywords ('alpha', 'amd64', 'arm', 'arm64', 'hppa', 'ia64', 'm68k', 'mips', 'ppc', 'ppc64', 's390', 'sh', 'sparc', 'sparc-fbsd', 'x86', 'x86-fbsd')</msg></result>
<result><category>app-shells</category><package>bash</package><version>2.05b_p13</version><class>VulnerablePackage</class><msg>vulnerable via glsa(201409-10) ( ver-rev &lt; 4.2_p48-r1 &amp;&amp; not ( ver = 3.1_p18 &amp;&amp; ver-rev &gt;= 3.1_p18-r1 ) &amp;&amp; not ( ver = 3.2_p52 &amp;&amp; ver-rev &gt;= 3.2_p52-r1 ) &amp;&amp; not ( ver = 4.0_p39 &amp;&amp; ver-rev &gt;= 4.0_p39-r1 ) &amp;&amp; not ( ver = 4.1_p12 &amp;&amp; ver-rev &gt;= 4.1_p12-r1 ) ), keywords ('alpha', 'amd64', 'arm', 'arm64', 'hppa', 'ia64', 'm68k', 'mips', 'ppc', 'ppc64', 's390', 'sh', 'sparc', 'sparc-fbsd', 'x86', 'x86-fbsd')</msg></result>
<result><category>app-shells</category><package>bash</package><version>2.05b_p13</version><class>VulnerablePackage</class><msg>vulnerable via glsa(201410-01) ( ver &lt; 4.2_p52 &amp;&amp; ver not = 3.1_p22 &amp;&amp; ver not = 3.2_p56 &amp;&amp; ver not = 4.0_p43 &amp;&amp; ver not = 4.1_p16 ), keywords ('alpha', 'amd64', 'arm', 'arm64', 'hppa', 'ia64', 'm68k', 'mips', 'ppc', 'ppc64', 's390', 'sh', 'sparc', 'sparc-fbsd', 'x86', 'x86-fbsd')</msg></result>
<result><category>app-shells</category><package>bash</package><version>3.0_p22</version><class>VulnerablePackage</class><msg>vulnerable via glsa(201210-05) ( ver &lt; 4.2_p37 ), keywords ('alpha', 'amd64', 'arm', 'arm64', 'hppa', 'ia64', 'm68k', 'mips', 'ppc', 'ppc64', 's390', 'sh', 'sparc', 'sparc-fbsd', 'x86', 'x86-fbsd')</msg></result>
<result><category>app-shells</category><package>bash</package><version>3.0_p22</version><class>VulnerablePackage</class><msg>vulnerable via glsa(201409-09) ( ver &lt; 4.2_p48 &amp;&amp; ver not = 3.1_p18 &amp;&amp; ver not = 3.2_p52 &amp;&amp; ver not = 4.0_p39 &amp;&amp; ver not = 4.1_p12 ), keywords ('alpha', 'amd64', 'arm', 'arm64', 'hppa', 'ia64', 'm68k', 'mips', 'ppc', 'ppc64', 's390', 'sh', 'sparc', 'sparc-fbsd', 'x86', 'x86-fbsd')</msg></result>
<result><category>app-shells</category><package>bash</package><version>3.0_p22</version><class>VulnerablePackage</class><msg>vulnerable via glsa(201409-10) ( ver-rev &lt; 4.2_p48-r1 &amp;&amp; not ( ver = 3.1_p18 &amp;&amp; ver-rev &gt;= 3.1_p18-r1 ) &amp;&amp; not ( ver = 3.2_p52 &amp;&amp; ver-rev &gt;= 3.2_p52-r1 ) &amp;&amp; not ( ver = 4.0_p39 &amp;&amp; ver-rev &gt;= 4.0_p39-r1 ) &amp;&amp; not ( ver = 4.1_p12 &amp;&amp; ver-rev &gt;= 4.1_p12-r1 ) ), keywords ('alpha', 'amd64', 'arm', 'arm64', 'hppa', 'ia64', 'm68k', 'mips', 'ppc', 'ppc64', 's390', 'sh', 'sparc', 'sparc-fbsd', 'x86', 'x86-fbsd')</msg></result>
<result><category>app-shells</category><package>bash</package><version>3.0_p22</version><class>VulnerablePackage</class><msg>vulnerable via glsa(201410-01) ( ver &lt; 4.2_p52 &amp;&amp; ver not = 3.1_p22 &amp;&amp; ver not = 3.2_p56 &amp;&amp; ver not = 4.0_p43 &amp;&amp; ver not = 4.1_p16 ), keywords ('alpha', 'amd64', 'arm', 'arm64', 'hppa', 'ia64', 'm68k', 'mips', 'ppc', 'ppc64', 's390', 'sh', 'sparc', 'sparc-fbsd', 'x86', 'x86-fbsd')</msg></result>
<result><category>app-shells</category><package>bash</package><version>3.1_p23</version><class>VulnerablePackage</class><msg>vulnerable via glsa(201210-05) ( ver &lt; 4.2_p37 ), keywords ('alpha', 'amd64', 'arm', 'arm64', 'hppa', 'ia64', 'm68k', 'mips', 'ppc', 'ppc64', 's390', 'sh', 'sparc', 'sparc-fbsd', 'x86', 'x86-fbsd')</msg></result>
<result><category>app-shells</category><package>bash</package><version>3.1_p23</version><class>VulnerablePackage</class><msg>vulnerable via glsa(201409-09) ( ver &lt; 4.2_p48 &amp;&amp; ver not = 3.1_p18 &amp;&amp; ver not = 3.2_p52 &amp;&amp; ver not = 4.0_p39 &amp;&amp; ver not = 4.1_p12 ), keywords ('alpha', 'amd64', 'arm', 'arm64', 'hppa', 'ia64', 'm68k', 'mips', 'ppc', 'ppc64', 's390', 'sh', 'sparc', 'sparc-fbsd', 'x86', 'x86-fbsd')</msg></result>
<result><category>app-shells</category><package>bash</package><version>3.1_p23</version><class>VulnerablePackage</class><msg>vulnerable via glsa(201409-10) ( ver-rev &lt; 4.2_p48-r1 &amp;&amp; not ( ver = 3.1_p18 &amp;&amp; ver-rev &gt;= 3.1_p18-r1 ) &amp;&amp; not ( ver = 3.2_p52 &amp;&amp; ver-rev &gt;= 3.2_p52-r1 ) &amp;&amp; not ( ver = 4.0_p39 &amp;&amp; ver-rev &gt;= 4.0_p39-r1 ) &amp;&amp; not ( ver = 4.1_p12 &amp;&amp; ver-rev &gt;= 4.1_p12-r1 ) ), keywords ('alpha', 'amd64', 'arm', 'arm64', 'hppa', 'ia64', 'm68k', 'mips', 'ppc', 'ppc64', 's390', 'sh', 'sparc', 'sparc-fbsd', 'x86', 'x86-fbsd')</msg></result>
<result><category>app-shells</category><package>bash</package><version>3.1_p23</version><class>VulnerablePackage</class><msg>vulnerable via glsa(201410-01) ( ver &lt; 4.2_p52 &amp;&amp; ver not = 3.1_p22 &amp;&amp; ver not = 3.2_p56 &amp;&amp; ver not = 4.0_p43 &amp;&amp; ver not = 4.1_p16 ), keywords ('alpha', 'amd64', 'arm', 'arm64', 'hppa', 'ia64', 'm68k', 'mips', 'ppc', 'ppc64', 's390', 'sh', 'sparc', 'sparc-fbsd', 'x86', 'x86-fbsd')</msg></result>
<result><category>app-shells</category><package>bash</package><version>3.2_p57</version><class>VulnerablePackage</class><msg>vulnerable via glsa(201210-05) ( ver &lt; 4.2_p37 ), keywords ('alpha', 'amd64', 'arm', 'arm64', 'hppa', 'ia64', 'm68k', 'mips', 'ppc', 'ppc64', 's390', 'sh', 'sparc', 'sparc-fbsd', 'x86', 'x86-fbsd')</msg></result>
<result><category>app-shells</category><package>bash</package><version>3.2_p57</version><class>VulnerablePackage</class><msg>vulnerable via glsa(201409-09) ( ver &lt; 4.2_p48 &amp;&amp; ver not = 3.1_p18 &amp;&amp; ver not = 3.2_p52 &amp;&amp; ver not = 4.0_p39 &amp;&amp; ver not = 4.1_p12 ), keywords ('alpha', 'amd64', 'arm', 'arm64', 'hppa', 'ia64', 'm68k', 'mips', 'ppc', 'ppc64', 's390', 'sh', 'sparc', 'sparc-fbsd', 'x86', 'x86-fbsd')</msg></result>
<result><category>app-shells</category><package>bash</package><version>3.2_p57</version><class>VulnerablePackage</class><msg>vulnerable via glsa(201409-10) ( ver-rev &lt; 4.2_p48-r1 &amp;&amp; not ( ver = 3.1_p18 &amp;&amp; ver-rev &gt;= 3.1_p18-r1 ) &amp;&amp; not ( ver = 3.2_p52 &amp;&amp; ver-rev &gt;= 3.2_p52-r1 ) &amp;&amp; not ( ver = 4.0_p39 &amp;&amp; ver-rev &gt;= 4.0_p39-r1 ) &amp;&amp; not ( ver = 4.1_p12 &amp;&amp; ver-rev &gt;= 4.1_p12-r1 ) ), keywords ('alpha', 'amd64', 'arm', 'arm64', 'hppa', 'ia64', 'm68k', 'mips', 'ppc', 'ppc64', 's390', 'sh', 'sparc', 'sparc-fbsd', 'x86', 'x86-fbsd')</msg></result>
<result><category>app-shells</category><package>bash</package><version>3.2_p57</version><class>VulnerablePackage</class><msg>vulnerable via glsa(201410-01) ( ver &lt; 4.2_p52 &amp;&amp; ver not = 3.1_p22 &amp;&amp; ver not = 3.2_p56 &amp;&amp; ver not = 4.0_p43 &amp;&amp; ver not = 4.1_p16 ), keywords ('alpha', 'amd64', 'arm', 'arm64', 'hppa', 'ia64', 'm68k', 'mips', 'ppc', 'ppc64', 's390', 'sh', 'sparc', 'sparc-fbsd', 'x86', 'x86-fbsd')</msg></result>
<result><category>app-shells</category><package>bash</package><version>4.0_p44</version><class>VulnerablePackage</class><msg>vulnerable via glsa(201210-05) ( ver &lt; 4.2_p37 ), keywords ('alpha', 'amd64', 'arm', 'arm64', 'hppa', 'ia64', 'm68k', 'mips', 'ppc', 'ppc64', 's390', 'sh', 'sparc', 'sparc-fbsd', 'x86', 'x86-fbsd')</msg></result>
<result><category>app-shells</category><package>bash</package><version>4.0_p44</version><class>VulnerablePackage</class><msg>vulnerable via glsa(201409-09) ( ver &lt; 4.2_p48 &amp;&amp; ver not = 3.1_p18 &amp;&amp; ver not = 3.2_p52 &amp;&amp; ver not = 4.0_p39 &amp;&amp; ver not = 4.1_p12 ), keywords ('alpha', 'amd64', 'arm', 'arm64', 'hppa', 'ia64', 'm68k', 'mips', 'ppc', 'ppc64', 's390', 'sh', 'sparc', 'sparc-fbsd', 'x86', 'x86-fbsd')</msg></result>
<result><category>app-shells</category><package>bash</package><version>4.0_p44</version><class>VulnerablePackage</class><msg>vulnerable via glsa(201409-10) ( ver-rev &lt; 4.2_p48-r1 &amp;&amp; not ( ver = 3.1_p18 &amp;&amp; ver-rev &gt;= 3.1_p18-r1 ) &amp;&amp; not ( ver = 3.2_p52 &amp;&amp; ver-rev &gt;= 3.2_p52-r1 ) &amp;&amp; not ( ver = 4.0_p39 &amp;&amp; ver-rev &gt;= 4.0_p39-r1 ) &amp;&amp; not ( ver = 4.1_p12 &amp;&amp; ver-rev &gt;= 4.1_p12-r1 ) ), keywords ('alpha', 'amd64', 'arm', 'arm64', 'hppa', 'ia64', 'm68k', 'mips', 'ppc', 'ppc64', 's390', 'sh', 'sparc', 'sparc-fbsd', 'x86', 'x86-fbsd')</msg></result>
<result><category>app-shells</category><package>bash</package><version>4.0_p44</version><class>VulnerablePackage</class><msg>vulnerable via glsa(201410-01) ( ver &lt; 4.2_p52 &amp;&amp; ver not = 3.1_p22 &amp;&amp; ver not = 3.2_p56 &amp;&amp; ver not = 4.0_p43 &amp;&amp; ver not = 4.1_p16 ), keywords ('alpha', 'amd64', 'arm', 'arm64', 'hppa', 'ia64', 'm68k', 'mips', 'ppc', 'ppc64', 's390', 'sh', 'sparc', 'sparc-fbsd', 'x86', 'x86-fbsd')</msg></result>
<result><category>app-shells</category><package>bash</package><version>4.1_p17</version><class>VulnerablePackage</class><msg>vulnerable via glsa(201210-05) ( ver &lt; 4.2_p37 ), keywords ('alpha', 'amd64', 'arm', 'arm64', 'hppa', 'ia64', 'm68k', 'mips', 'ppc', 'ppc64', 's390', 'sh', 'sparc', 'sparc-fbsd', 'x86', 'x86-fbsd')</msg></result>
<result><category>app-shells</category><package>bash</package><version>4.1_p17</version><class>VulnerablePackage</class><msg>vulnerable via glsa(201409-09) ( ver &lt; 4.2_p48 &amp;&amp; ver not = 3.1_p18 &amp;&amp; ver not = 3.2_p52 &amp;&amp; ver not = 4.0_p39 &amp;&amp; ver not = 4.1_p12 ), keywords ('alpha', 'amd64', 'arm', 'arm64', 'hppa', 'ia64', 'm68k', 'mips', 'ppc', 'ppc64', 's390', 'sh', 'sparc', 'sparc-fbsd', 'x86', 'x86-fbsd')</msg></result>
<result><category>app-shells</category><package>bash</package><version>4.1_p17</version><class>VulnerablePackage</class><msg>vulnerable via glsa(201409-10) ( ver-rev &lt; 4.2_p48-r1 &amp;&amp; not ( ver = 3.1_p18 &amp;&amp; ver-rev &gt;= 3.1_p18-r1 ) &amp;&amp; not ( ver = 3.2_p52 &amp;&amp; ver-rev &gt;= 3.2_p52-r1 ) &amp;&amp; not ( ver = 4.0_p39 &amp;&amp; ver-rev &gt;= 4.0_p39-r1 ) &amp;&amp; not ( ver = 4.1_p12 &amp;&amp; ver-rev &gt;= 4.1_p12-r1 ) ), keywords ('alpha', 'amd64', 'arm', 'arm64', 'hppa', 'ia64', 'm68k', 'mips', 'ppc', 'ppc64', 's390', 'sh', 'sparc', 'sparc-fbsd', 'x86', 'x86-fbsd')</msg></result>
<result><category>app-shells</category><package>bash</package><version>4.1_p17</version><class>VulnerablePackage</class><msg>vulnerable via glsa(201410-01) ( ver &lt; 4.2_p52 &amp;&amp; ver not = 3.1_p22 &amp;&amp; ver not = 3.2_p56 &amp;&amp; ver not = 4.0_p43 &amp;&amp; ver not = 4.1_p16 ), keywords ('alpha', 'amd64', 'arm', 'arm64', 'hppa', 'ia64', 'm68k', 'mips', 'ppc', 'ppc64', 's390', 'sh', 'sparc', 'sparc-fbsd', 'x86', 'x86-fbsd')</msg></result>
<result><category>app-shells</category><package>bash</package><version>4.4_beta</version><class>DroppedKeywordWarning</class><msg>keywords dropped: alpha, amd64, arm, arm64, hppa, ia64, m68k, mips, ppc, ppc64, s390, sh, sparc, x86</msg></result>
<result><category>app-shells</category><package>bash-completion</package><version>1.3-r2</version><class>NonExistentDeps</class><msg>depset rdepends: nonexistent atoms [ &lt;app-admin/eselect-1.3.7 ]</msg></result>
<result><category>app-shells</category><package>bash-completion</package><version>2.1</version><class>NonExistentDeps</class><msg>depset rdepends: nonexistent atoms [ &lt;app-admin/eselect-1.3.7 ]</msg></result>
<result><category>app-shells</category><package>bash-completion</package><version>2.1-r2</version><class>NonExistentDeps</class><msg>depset rdepends: nonexistent atoms [ &lt;app-admin/eselect-1.3.7 ]</msg></result>
<result><category>app-shells</category><package>fish</package><version>2.1.1</version><class>MissingSlotDep</class><msg>'sys-libs/ncurses' matches more than one slot: [ 0, 5 ]</msg></result>
<result><category>app-shells</category><package>fish</package><version>2.1.2</version><class>MissingSlotDep</class><msg>'sys-libs/ncurses' matches more than one slot: [ 0, 5 ]</msg></result>
<result><category>app-shells</category><package>fish</package><version>2.2.0</version><class>MissingSlotDep</class><msg>'sys-libs/ncurses' matches more than one slot: [ 0, 5 ]</msg></result>
<result><category>games-strategy</category><package>asc</package><version>2.6.0.0</version><class>MissingSlotDep</class><msg>'media-libs/libpng' matches more than one slot: [ 0, 1.2, 1.5 ]</msg></result>
<result><category>games-strategy</category><package>boswars</package><version>2.7-r1</version><class>MissingSlotDep</class><msg>'dev-lang/lua' matches more than one slot: [ 0, 5.1, 5.2 ]</msg></result>
<result><category>games-strategy</category><package>coldwar</package><version>1.0.1-r1</version><class>MissingChksum</class><msg>"coldwar-1.0-1.0.1-x86.run" missing required chksums: sha512, whirlpool; has chksums: sha256, size</msg></result>
<result><category>games-strategy</category><package>gwp</package><version>0.4.0-r3</version><class>MetadataError</class><msg>attr(depends): error- Metadata Exception: pkg ebuild src: games-strategy/gwp-0.4.0-r3, attr depends
error: Metadata Exception: pkg ebuild src: games-strategy/gwp-0.4.0-r3, attr data
error: False</msg></result>
<result><category>games-strategy</category><package>gwp</package><version>0.4.0-r3</version><class>MetadataError</class><msg>attr(rdepends): error- Metadata Exception: pkg ebuild src: games-strategy/gwp-0.4.0-r3, attr rdepends
error: Metadata Exception: pkg ebuild src: games-strategy/gwp-0.4.0-r3, attr data
error: False</msg></result>
<result><category>games-strategy</category><package>gwp</package><version>0.4.0-r3</version><class>MetadataError</class><msg>attr(post_rdepends): error- Metadata Exception: pkg ebuild src: games-strategy/gwp-0.4.0-r3, attr post_rdepends
error: Metadata Exception: pkg ebuild src: games-strategy/gwp-0.4.0-r3, attr data
error: False</msg></result>
<result><category>games-strategy</category><package>gwp</package><version>0.4.0-r3</version><class>MetadataError</class><msg>attr(license): error- Metadata Exception: pkg ebuild src: games-strategy/gwp-0.4.0-r3, attr license
error: Metadata Exception: pkg ebuild src: games-strategy/gwp-0.4.0-r3, attr data
error: False</msg></result>
<result><category>games-strategy</category><package>gwp</package><version>0.4.0-r3</version><class>MetadataError</class><msg>attr(fetchables): error- Metadata Exception: pkg ebuild src: games-strategy/gwp-0.4.0-r3, attr fetchables
error: Metadata Exception: pkg ebuild src: games-strategy/gwp-0.4.0-r3, attr data
error: False</msg></result>
<result><category>games-strategy</category><package>hedgewars</package><version>0.9.21.1</version><class>MissingSlotDep</class><msg>'dev-lang/lua' matches more than one slot: [ 0, 5.1, 5.2 ]</msg></result>
<result><category>games-strategy</category><package>lightyears</package><version>1.4-r1</version><class>MetadataError</class><msg>attr(depends): error- Metadata Exception: pkg ebuild src: games-strategy/lightyears-1.4-r1, attr depends
error: Metadata Exception: pkg ebuild src: games-strategy/lightyears-1.4-r1, attr data
error: False</msg></result>
<result><category>games-strategy</category><package>lightyears</package><version>1.4-r1</version><class>MetadataError</class><msg>attr(rdepends): error- Metadata Exception: pkg ebuild src: games-strategy/lightyears-1.4-r1, attr rdepends
error: Metadata Exception: pkg ebuild src: games-strategy/lightyears-1.4-r1, attr data
error: False</msg></result>
<result><category>games-strategy</category><package>lightyears</package><version>1.4-r1</version><class>MetadataError</class><msg>attr(post_rdepends): error- Metadata Exception: pkg ebuild src: games-strategy/lightyears-1.4-r1, attr post_rdepends
error: Metadata Exception: pkg ebuild src: games-strategy/lightyears-1.4-r1, attr data
error: False</msg></result>
<result><category>games-strategy</category><package>lightyears</package><version>1.4-r1</version><class>MetadataError</class><msg>attr(license): error- Metadata Exception: pkg ebuild src: games-strategy/lightyears-1.4-r1, attr license
error: Metadata Exception: pkg ebuild src: games-strategy/lightyears-1.4-r1, attr data
error: False</msg></result>
<result><category>games-strategy</category><package>lightyears</package><version>1.4-r1</version><class>MetadataError</class><msg>attr(fetchables): error- Metadata Exception: pkg ebuild src: games-strategy/lightyears-1.4-r1, attr fetchables
error: Metadata Exception: pkg ebuild src: games-strategy/lightyears-1.4-r1, attr data
error: False</msg></result>
<result><category>games-strategy</category><package>liquidwar6</package><version>0.4.3681</version><class>MissingSlotDep</class><msg>'sys-libs/readline' matches more than one slot: [ 0, 4, 5 ]</msg></result>
<result><category>games-strategy</category><package>liquidwar6</package><version>0.4.3681</version><class>MissingSlotDep</class><msg>'virtual/jpeg' matches more than one slot: [ 0, 62 ]</msg></result>
<result><category>games-strategy</category><package>liquidwar6</package><version>0.4.3681</version><class>MissingSlotDep</class><msg>'sys-libs/ncurses' matches more than one slot: [ 0, 5 ]</msg></result>
<result><category>games-strategy</category><package>revenge-of-the-titans</package><version>1.80.12</version><class>MissingChksum</class><msg>"revenge-of-the-titans-1.80.12-amd64.tar.gz" missing required chksums: sha512, whirlpool; has chksums: sha256, size</msg></result>
<result><category>games-strategy</category><package>revenge-of-the-titans</package><version>1.80.12</version><class>MissingChksum</class><msg>"revenge-of-the-titans-1.80.12-i386.tar.gz" missing required chksums: sha512, whirlpool; has chksums: sha256, size</msg></result>
<result><category>games-strategy</category><package>widelands</package><version>0.17</version><class>MissingSlotDep</class><msg>'dev-lang/lua' matches more than one slot: [ 0, 5.1, 5.2 ]</msg></result>
<result><category>games-strategy</category><package>widelands</package><version>0.17</version><class>MissingSlotDep</class><msg>'media-libs/libpng' matches more than one slot: [ 0, 1.2, 1.5 ]</msg></result>
<result><category>app-forensics</category><package>afflib</package><version>3.7.3</version><class>MetadataError</class><msg>attr(depends): error- Metadata Exception: pkg ebuild src: app-forensics/afflib-3.7.3, attr depends
error: Metadata Exception: pkg ebuild src: app-forensics/afflib-3.7.3, attr data
error: False</msg></result>
<result><category>app-forensics</category><package>afflib</package><version>3.7.3</version><class>MetadataError</class><msg>attr(rdepends): error- Metadata Exception: pkg ebuild src: app-forensics/afflib-3.7.3, attr rdepends
error: Metadata Exception: pkg ebuild src: app-forensics/afflib-3.7.3, attr data
error: False</msg></result>
<result><category>app-forensics</category><package>afflib</package><version>3.7.3</version><class>MetadataError</class><msg>attr(post_rdepends): error- Metadata Exception: pkg ebuild src: app-forensics/afflib-3.7.3, attr post_rdepends
error: Metadata Exception: pkg ebuild src: app-forensics/afflib-3.7.3, attr data
error: False</msg></result>
<result><category>app-forensics</category><package>afflib</package><version>3.7.3</version><class>MetadataError</class><msg>attr(license): error- Metadata Exception: pkg ebuild src: app-forensics/afflib-3.7.3, attr license
error: Metadata Exception: pkg ebuild src: app-forensics/afflib-3.7.3, attr data
error: False</msg></result>
<result><category>app-forensics</category><package>afflib</package><version>3.7.3</version><class>MetadataError</class><msg>attr(fetchables): error- Metadata Exception: pkg ebuild src: app-forensics/afflib-3.7.3, attr fetchables
error: Metadata Exception: pkg ebuild src: app-forensics/afflib-3.7.3, attr data
error: False</msg></result>
<result><category>app-forensics</category><package>afflib</package><version>3.7.4</version><class>MetadataError</class><msg>attr(depends): error- Metadata Exception: pkg ebuild src: app-forensics/afflib-3.7.4, attr depends
error: Metadata Exception: pkg ebuild src: app-forensics/afflib-3.7.4, attr data
error: False</msg></result>
<result><category>app-forensics</category><package>afflib</package><version>3.7.4</version><class>MetadataError</class><msg>attr(rdepends): error- Metadata Exception: pkg ebuild src: app-forensics/afflib-3.7.4, attr rdepends
error: Metadata Exception: pkg ebuild src: app-forensics/afflib-3.7.4, attr data
error: False</msg></result>
<result><category>app-forensics</category><package>afflib</package><version>3.7.4</version><class>MetadataError</class><msg>attr(post_rdepends): error- Metadata Exception: pkg ebuild src: app-forensics/afflib-3.7.4, attr post_rdepends
error: Metadata Exception: pkg ebuild src: app-forensics/afflib-3.7.4, attr data
error: False</msg></result>
<result><category>app-forensics</category><package>afflib</package><version>3.7.4</version><class>MetadataError</class><msg>attr(license): error- Metadata Exception: pkg ebuild src: app-forensics/afflib-3.7.4, attr license
error: Metadata Exception: pkg ebuild src: app-forensics/afflib-3.7.4, attr data
error: False</msg></result>
<result><category>app-forensics</category><package>afflib</package><version>3.7.4</version><class>MetadataError</class><msg>attr(fetchables): error- Metadata Exception: pkg ebuild src: app-forensics/afflib-3.7.4, attr fetchables
error: Metadata Exception: pkg ebuild src: app-forensics/afflib-3.7.4, attr data
error: False</msg></result>
<result><category>app-forensics</category><package>afl</package><version>1.45b</version><class>MissingSlotDep</class><msg>'sys-devel/gcc' matches more than one slot: [ 2.95.3, 3.3.6, 3.4.6, 4.0.4, 4.1.2, 4.2.4, 4.3.6, 4.4.7, 4.5.4, 4.6.4, 4.7, 4.8, 4.9, 5 ]</msg></result>
<result><category>app-forensics</category><package>afl</package><version>1.57b</version><class>MissingSlotDep</class><msg>'sys-devel/gcc' matches more than one slot: [ 2.95.3, 3.3.6, 3.4.6, 4.0.4, 4.1.2, 4.2.4, 4.3.6, 4.4.7, 4.5.4, 4.6.4, 4.7, 4.8, 4.9, 5 ]</msg></result>
<result><category>app-forensics</category><package>libbfio</package><version>0.0.20130609_alpha</version><class>DroppedKeywordWarning</class><msg>keywords dropped: hppa</msg></result>
<result><category>app-forensics</category><package>libewf</package><version>20130128</version><class>MissingSlotDep</class><msg>'dev-libs/openssl' matches more than one slot: [ 0, 0.9.8 ]</msg></result>
<result><category>app-forensics</category><package>libewf</package><version>20130416</version><class>MissingSlotDep</class><msg>'dev-libs/openssl' matches more than one slot: [ 0, 0.9.8 ]</msg></result>
<result><category>app-forensics</category><package>libewf</package><version>20130416-r1</version><class>MissingSlotDep</class><msg>'dev-libs/openssl' matches more than one slot: [ 0, 0.9.8 ]</msg></result>
<result><category>app-forensics</category><package>libewf</package><version>20131210</version><class>MissingSlotDep</class><msg>'dev-libs/openssl' matches more than one slot: [ 0, 0.9.8 ]</msg></result>
<result><category>app-forensics</category><package>libewf</package><version>20140227</version><class>MissingSlotDep</class><msg>'dev-libs/openssl' matches more than one slot: [ 0, 0.9.8 ]</msg></result>
<result><category>app-forensics</category><package>libewf</package><version>20140406</version><class>MissingSlotDep</class><msg>'dev-libs/openssl' matches more than one slot: [ 0, 0.9.8 ]</msg></result>
<result><category>app-forensics</category><package>libewf</package><version>20140427</version><class>MissingSlotDep</class><msg>'dev-libs/openssl' matches more than one slot: [ 0, 0.9.8 ]</msg></result>
<result><category>app-forensics</category><package>libewf</package><version>20140608</version><class>MissingSlotDep</class><msg>'dev-libs/openssl' matches more than one slot: [ 0, 0.9.8 ]</msg></result>
<result><category>app-forensics</category><package>openscap</package><version>1.0.8-r1</version><class>MetadataError</class><msg>attr(depends): error- Metadata Exception: pkg ebuild src: app-forensics/openscap-1.0.8-r1, attr depends
error: Metadata Exception: pkg ebuild src: app-forensics/openscap-1.0.8-r1, attr data
error: False</msg></result>
<result><category>app-forensics</category><package>openscap</package><version>1.0.8-r1</version><class>MetadataError</class><msg>attr(rdepends): error- Metadata Exception: pkg ebuild src: app-forensics/openscap-1.0.8-r1, attr rdepends
error: Metadata Exception: pkg ebuild src: app-forensics/openscap-1.0.8-r1, attr data
error: False</msg></result>
<result><category>app-forensics</category><package>openscap</package><version>1.0.8-r1</version><class>MetadataError</class><msg>attr(post_rdepends): error- Metadata Exception: pkg ebuild src: app-forensics/openscap-1.0.8-r1, attr post_rdepends
error: Metadata Exception: pkg ebuild src: app-forensics/openscap-1.0.8-r1, attr data
error: False</msg></result>
<result><category>app-forensics</category><package>openscap</package><version>1.0.8-r1</version><class>MetadataError</class><msg>attr(license): error- Metadata Exception: pkg ebuild src: app-forensics/openscap-1.0.8-r1, attr license
error: Metadata Exception: pkg ebuild src: app-forensics/openscap-1.0.8-r1, attr data
error: False</msg></result>
<result><category>app-forensics</category><package>openscap</package><version>1.0.8-r1</version><class>MetadataError</class><msg>attr(fetchables): error- Metadata Exception: pkg ebuild src: app-forensics/openscap-1.0.8-r1, attr fetchables
error: Metadata Exception: pkg ebuild src: app-forensics/openscap-1.0.8-r1, attr data
error: False</msg></result>
<result><category>app-forensics</category><package>openscap</package><version>1.1.1</version><class>MetadataError</class><msg>attr(depends): error- Metadata Exception: pkg ebuild src: app-forensics/openscap-1.1.1, attr depends
error: Metadata Exception: pkg ebuild src: app-forensics/openscap-1.1.1, attr data
error: False</msg></result>
<result><category>app-forensics</category><package>openscap</package><version>1.1.1</version><class>MetadataError</class><msg>attr(rdepends): error- Metadata Exception: pkg ebuild src: app-forensics/openscap-1.1.1, attr rdepends
error: Metadata Exception: pkg ebuild src: app-forensics/openscap-1.1.1, attr data
error: False</msg></result>
<result><category>app-forensics</category><package>openscap</package><version>1.1.1</version><class>MetadataError</class><msg>attr(post_rdepends): error- Metadata Exception: pkg ebuild src: app-forensics/openscap-1.1.1, attr post_rdepends
error: Metadata Exception: pkg ebuild src: app-forensics/openscap-1.1.1, attr data
error: False</msg></result>
<result><category>app-forensics</category><package>openscap</package><version>1.1.1</version><class>MetadataError</class><msg>attr(license): error- Metadata Exception: pkg ebuild src: app-forensics/openscap-1.1.1, attr license
error: Metadata Exception: pkg ebuild src: app-forensics/openscap-1.1.1, attr data
error: False</msg></result>
<result><category>app-forensics</category><package>openscap</package><version>1.1.1</version><class>MetadataError</class><msg>attr(fetchables): error- Metadata Exception: pkg ebuild src: app-forensics/openscap-1.1.1, attr fetchables
error: Metadata Exception: pkg ebuild src: app-forensics/openscap-1.1.1, attr data
error: False</msg></result>
<result><category>app-forensics</category><package>openscap</package><version>1.2.0</version><class>MetadataError</class><msg>attr(depends): error- Metadata Exception: pkg ebuild src: app-forensics/openscap-1.2.0, attr depends
error: Metadata Exception: pkg ebuild src: app-forensics/openscap-1.2.0, attr data
error: False</msg></result>
<result><category>app-forensics</category><package>openscap</package><version>1.2.0</version><class>MetadataError</class><msg>attr(rdepends): error- Metadata Exception: pkg ebuild src: app-forensics/openscap-1.2.0, attr rdepends
error: Metadata Exception: pkg ebuild src: app-forensics/openscap-1.2.0, attr data
error: False</msg></result>
<result><category>app-forensics</category><package>openscap</package><version>1.2.0</version><class>MetadataError</class><msg>attr(post_rdepends): error- Metadata Exception: pkg ebuild src: app-forensics/openscap-1.2.0, attr post_rdepends
error: Metadata Exception: pkg ebuild src: app-forensics/openscap-1.2.0, attr data
error: False</msg></result>
<result><category>app-forensics</category><package>openscap</package><version>1.2.0</version><class>MetadataError</class><msg>attr(license): error- Metadata Exception: pkg ebuild src: app-forensics/openscap-1.2.0, attr license
error: Metadata Exception: pkg ebuild src: app-forensics/openscap-1.2.0, attr data
error: False</msg></result>
<result><category>app-forensics</category><package>openscap</package><version>1.2.0</version><class>MetadataError</class><msg>attr(fetchables): error- Metadata Exception: pkg ebuild src: app-forensics/openscap-1.2.0, attr fetchables
error: Metadata Exception: pkg ebuild src: app-forensics/openscap-1.2.0, attr data
error: False</msg></result>
<result><category>app-forensics</category><package>openscap</package><version>1.2.1</version><class>MetadataError</class><msg>attr(depends): error- Metadata Exception: pkg ebuild src: app-forensics/openscap-1.2.1, attr depends
error: Metadata Exception: pkg ebuild src: app-forensics/openscap-1.2.1, attr data
error: False</msg></result>
<result><category>app-forensics</category><package>openscap</package><version>1.2.1</version><class>MetadataError</class><msg>attr(rdepends): error- Metadata Exception: pkg ebuild src: app-forensics/openscap-1.2.1, attr rdepends
error: Metadata Exception: pkg ebuild src: app-forensics/openscap-1.2.1, attr data
error: False</msg></result>
<result><category>app-forensics</category><package>openscap</package><version>1.2.1</version><class>MetadataError</class><msg>attr(post_rdepends): error- Metadata Exception: pkg ebuild src: app-forensics/openscap-1.2.1, attr post_rdepends
error: Metadata Exception: pkg ebuild src: app-forensics/openscap-1.2.1, attr data
error: False</msg></result>
<result><category>app-forensics</category><package>openscap</package><version>1.2.1</version><class>MetadataError</class><msg>attr(license): error- Metadata Exception: pkg ebuild src: app-forensics/openscap-1.2.1, attr license
error: Metadata Exception: pkg ebuild src: app-forensics/openscap-1.2.1, attr data
error: False</msg></result>
<result><category>app-forensics</category><package>openscap</package><version>1.2.1</version><class>MetadataError</class><msg>attr(fetchables): error- Metadata Exception: pkg ebuild src: app-forensics/openscap-1.2.1, attr fetchables
error: Metadata Exception: pkg ebuild src: app-forensics/openscap-1.2.1, attr data
error: False</msg></result>
<result><category>app-forensics</category><package>openscap</package><version>1.2.5</version><class>MetadataError</class><msg>attr(depends): error- Metadata Exception: pkg ebuild src: app-forensics/openscap-1.2.5, attr depends
error: Metadata Exception: pkg ebuild src: app-forensics/openscap-1.2.5, attr data
error: False</msg></result>
<result><category>app-forensics</category><package>openscap</package><version>1.2.5</version><class>MetadataError</class><msg>attr(rdepends): error- Metadata Exception: pkg ebuild src: app-forensics/openscap-1.2.5, attr rdepends
error: Metadata Exception: pkg ebuild src: app-forensics/openscap-1.2.5, attr data
error: False</msg></result>
<result><category>app-forensics</category><package>openscap</package><version>1.2.5</version><class>MetadataError</class><msg>attr(post_rdepends): error- Metadata Exception: pkg ebuild src: app-forensics/openscap-1.2.5, attr post_rdepends
error: Metadata Exception: pkg ebuild src: app-forensics/openscap-1.2.5, attr data
error: False</msg></result>
<result><category>app-forensics</category><package>openscap</package><version>1.2.5</version><class>MetadataError</class><msg>attr(license): error- Metadata Exception: pkg ebuild src: app-forensics/openscap-1.2.5, attr license
error: Metadata Exception: pkg ebuild src: app-forensics/openscap-1.2.5, attr data
error: False</msg></result>
<result><category>app-forensics</category><package>openscap</package><version>1.2.5</version><class>MetadataError</class><msg>attr(fetchables): error- Metadata Exception: pkg ebuild src: app-forensics/openscap-1.2.5, attr fetchables
error: Metadata Exception: pkg ebuild src: app-forensics/openscap-1.2.5, attr data
error: False</msg></result>
<result><category>app-forensics</category><package>openscap</package><version>9999</version><class>MetadataError</class><msg>attr(depends): error- Metadata Exception: pkg ebuild src: app-forensics/openscap-9999, attr depends
error: Metadata Exception: pkg ebuild src: app-forensics/openscap-9999, attr data
error: False</msg></result>
<result><category>app-forensics</category><package>openscap</package><version>9999</version><class>MetadataError</class><msg>attr(rdepends): error- Metadata Exception: pkg ebuild src: app-forensics/openscap-9999, attr rdepends
error: Metadata Exception: pkg ebuild src: app-forensics/openscap-9999, attr data
error: False</msg></result>
<result><category>app-forensics</category><package>openscap</package><version>9999</version><class>MetadataError</class><msg>attr(post_rdepends): error- Metadata Exception: pkg ebuild src: app-forensics/openscap-9999, attr post_rdepends
error: Metadata Exception: pkg ebuild src: app-forensics/openscap-9999, attr data
error: False</msg></result>
<result><category>app-forensics</category><package>openscap</package><version>9999</version><class>MetadataError</class><msg>attr(license): error- Metadata Exception: pkg ebuild src: app-forensics/openscap-9999, attr license
error: Metadata Exception: pkg ebuild src: app-forensics/openscap-9999, attr data
error: False</msg></result>
<result><category>app-forensics</category><package>openscap</package><version>9999</version><class>MetadataError</class><msg>attr(fetchables): error- Metadata Exception: pkg ebuild src: app-forensics/openscap-9999, attr fetchables
error: Metadata Exception: pkg ebuild src: app-forensics/openscap-9999, attr data
error: False</msg></result>
<result><category>games-roguelike</category><package>angband</package><version>3.4.1</version><class>MissingSlotDep</class><msg>'sys-libs/ncurses' matches more than one slot: [ 0, 5 ]</msg></result>
<result><category>games-roguelike</category><package>stone-soup</package><version>0.14.2-r1</version><class>MissingSlotDep</class><msg>'sys-libs/ncurses' matches more than one slot: [ 0, 5 ]</msg></result>
<result><category>games-roguelike</category><package>stone-soup</package><version>0.16.2</version><class>MissingSlotDep</class><msg>'sys-libs/ncurses' matches more than one slot: [ 0, 5 ]</msg></result>
<result><category>games-roguelike</category><package>tomenet</package><version>4.5.9</version><class>MissingSlotDep</class><msg>'sys-libs/ncurses' matches more than one slot: [ 0, 5 ]</msg></result>
</checks>
